<?xml version="1.0" encoding="UTF-8"?>
<testsuite name="org.graphiks.kanvas.skia.ImageFilterBlurContractTest" tests="3" skipped="0" failures="2" errors="0" timestamp="2026-08-13T21:41:08.323Z" hostname="b3-16-2026-08-13-16-13" time="0.535">
  <properties/>
  <testcase name="blur two rects GM dispatches the bounded blur route without a pending fallback()" classname="org.graphiks.kanvas.skia.ImageFilterBlurContractTest" time="0.499"/>
  <testcase name="backdrop save layer reports the stable refusal()" classname="org.graphiks.kanvas.skia.ImageFilterBlurContractTest" time="0.017">
    <failure message="org.graphiks.kanvas.surface.gpu.GPUPreparedSurfaceTerminalException: unsupported.layer.bounds_unbounded: Prepared Surface composite could not be lowered." type="org.graphiks.kanvas.surface.gpu.GPUPreparedSurfaceTerminalException">org.graphiks.kanvas.surface.gpu.GPUPreparedSurfaceTerminalException: unsupported.layer.bounds_unbounded: Prepared Surface composite could not be lowered.
	at app//org.graphiks.kanvas.surface.gpu.GPUPreparedSurfaceProductEntry.render(GPUPreparedSurfaceProductEntry.kt:61)
	at app//org.graphiks.kanvas.surface.gpu.GPURendererKt.renderViaGpu(GPURenderer.kt:18)
	at app//org.graphiks.kanvas.surface.gpu.GPURendererKt.renderViaGpu$default(GPURenderer.kt:9)
	at app//org.graphiks.kanvas.surface.Surface.render(Surface.kt:57)
	at app//org.graphiks.kanvas.skia.ImageFilterBlurContractTest.backdrop save layer reports the stable refusal(ImageFilterBlurContractTest.kt:35)
	at java.base@25.0.3/java.lang.reflect.Method.invoke(Method.java:565)
	at java.base@25.0.3/java.util.ArrayList.forEach(ArrayList.java:1604)
	at java.base@25.0.3/java.util.ArrayList.forEach(ArrayList.java:1604)
</failure>
  </testcase>
  <testcase name="repeat image blur GM reports the stable refusal()" classname="org.graphiks.kanvas.skia.ImageFilterBlurContractTest" time="0.017">
    <failure message="org.graphiks.kanvas.surface.gpu.GPUPreparedSurfaceTerminalException: unsupported.image.native_binding: Prepared Surface operation could not be lowered." type="org.graphiks.kanvas.surface.gpu.GPUPreparedSurfaceTerminalException">org.graphiks.kanvas.surface.gpu.GPUPreparedSurfaceTerminalException: unsupported.image.native_binding: Prepared Surface operation could not be lowered.
	at app//org.graphiks.kanvas.surface.gpu.GPUPreparedSurfaceProductEntry.render(GPUPreparedSurfaceProductEntry.kt:61)
	at app//org.graphiks.kanvas.surface.gpu.GPURendererKt.renderViaGpu(GPURenderer.kt:18)
	at app//org.graphiks.kanvas.surface.gpu.GPURendererKt.renderViaGpu$default(GPURenderer.kt:9)
	at app//org.graphiks.kanvas.surface.Surface.render(Surface.kt:57)
	at app//org.graphiks.kanvas.skia.SkiaGmRenderer.render(SkiaGmRenderer.kt:32)
	at app//org.graphiks.kanvas.skia.SkiaGmRenderer.render$default(SkiaGmRenderer.kt:17)
	at app//org.graphiks.kanvas.skia.ImageFilterBlurContractTest.repeat image blur GM reports the stable refusal(ImageFilterBlurContractTest.kt:45)
	at java.base@25.0.3/java.lang.reflect.Method.invoke(Method.java:565)
	at java.base@25.0.3/java.util.ArrayList.forEach(ArrayList.java:1604)
	at java.base@25.0.3/java.util.ArrayList.forEach(ArrayList.java:1604)
</failure>
  </testcase>
  <system-out><![CDATA[running on X11
]]></system-out>
  <system-err><![CDATA[]]></system-err>
</testsuite>
