<?xml version="1.0" encoding="UTF-8"?>
<testsuite name="org.graphiks.kanvas.skia.SkiaGmRunnerFilterTest" tests="4" skipped="0" failures="0" errors="0" timestamp="2026-08-13T21:43:52.202Z" hostname="b3-16-2026-08-13-16-13" time="0.002">
  <properties/>
  <testcase name="runner selection keeps only the selected GM()" classname="org.graphiks.kanvas.skia.SkiaGmRunnerFilterTest" time="0.001"/>
  <testcase name="missing reference guidance uses the reference path()" classname="org.graphiks.kanvas.skia.SkiaGmRunnerFilterTest" time="0.0"/>
  <testcase name="reference resource path uses reference name while preserving logical name()" classname="org.graphiks.kanvas.skia.SkiaGmRunnerFilterTest" time="0.001"/>
  <testcase name="runner selection keeps every GM when no name is selected()" classname="org.graphiks.kanvas.skia.SkiaGmRunnerFilterTest" time="0.0"/>
  <system-out><![CDATA[]]></system-out>
  <system-err><![CDATA[]]></system-err>
</testsuite>
