<?xml version="1.0" encoding="UTF-8"?>
<testsuite name="org.graphiks.kanvas.skia.gm.composite.AAXfermodesRegressionTest" tests="2" skipped="0" failures="2" errors="0" timestamp="2026-08-13T21:43:52.228Z" hostname="b3-16-2026-08-13-16-13" time="1.205">
  <properties/>
  <testcase name="clipped AA blend mode grid retains visible pixels()" classname="org.graphiks.kanvas.skia.gm.composite.AAXfermodesRegressionTest" time="0.624">
    <failure message="org.graphiks.kanvas.surface.gpu.GPUPreparedSurfaceTerminalException: unsupported.composite.picture.budget: Prepared Surface composite could not be lowered." type="org.graphiks.kanvas.surface.gpu.GPUPreparedSurfaceTerminalException">org.graphiks.kanvas.surface.gpu.GPUPreparedSurfaceTerminalException: unsupported.composite.picture.budget: Prepared Surface composite could not be lowered.
	at app//org.graphiks.kanvas.surface.gpu.GPUPreparedSurfaceProductEntry.render(GPUPreparedSurfaceProductEntry.kt:61)
	at app//org.graphiks.kanvas.surface.gpu.GPURendererKt.renderViaGpu(GPURenderer.kt:18)
	at app//org.graphiks.kanvas.surface.gpu.GPURendererKt.renderViaGpu$default(GPURenderer.kt:9)
	at app//org.graphiks.kanvas.surface.Surface.render(Surface.kt:57)
	at app//org.graphiks.kanvas.skia.SkiaGmRenderer.render(SkiaGmRenderer.kt:32)
	at app//org.graphiks.kanvas.skia.SkiaGmRenderer.render$default(SkiaGmRenderer.kt:17)
	at app//org.graphiks.kanvas.skia.gm.composite.AAXfermodesRegressionTest.clipped AA blend mode grid retains visible pixels(AAXfermodesRegressionTest.kt:17)
	at java.base@25.0.3/java.lang.reflect.Method.invoke(Method.java:565)
	at java.base@25.0.3/java.util.ArrayList.forEach(ArrayList.java:1604)
	at java.base@25.0.3/java.util.ArrayList.forEach(ArrayList.java:1604)
</failure>
  </testcase>
  <testcase name="first translucent background cell retains checkerboard through saveLayer()" classname="org.graphiks.kanvas.skia.gm.composite.AAXfermodesRegressionTest" time="0.581">
    <failure message="org.graphiks.kanvas.surface.gpu.GPUPreparedSurfaceTerminalException: unsupported.composite.picture.budget: Prepared Surface composite could not be lowered." type="org.graphiks.kanvas.surface.gpu.GPUPreparedSurfaceTerminalException">org.graphiks.kanvas.surface.gpu.GPUPreparedSurfaceTerminalException: unsupported.composite.picture.budget: Prepared Surface composite could not be lowered.
	at app//org.graphiks.kanvas.surface.gpu.GPUPreparedSurfaceProductEntry.render(GPUPreparedSurfaceProductEntry.kt:61)
	at app//org.graphiks.kanvas.surface.gpu.GPURendererKt.renderViaGpu(GPURenderer.kt:18)
	at app//org.graphiks.kanvas.surface.gpu.GPURendererKt.renderViaGpu$default(GPURenderer.kt:9)
	at app//org.graphiks.kanvas.surface.Surface.render(Surface.kt:57)
	at app//org.graphiks.kanvas.skia.SkiaGmRenderer.render(SkiaGmRenderer.kt:32)
	at app//org.graphiks.kanvas.skia.SkiaGmRenderer.render$default(SkiaGmRenderer.kt:17)
	at app//org.graphiks.kanvas.skia.gm.composite.AAXfermodesRegressionTest.first translucent background cell retains checkerboard through saveLayer(AAXfermodesRegressionTest.kt:35)
	at java.base@25.0.3/java.lang.reflect.Method.invoke(Method.java:565)
	at java.base@25.0.3/java.util.ArrayList.forEach(ArrayList.java:1604)
	at java.base@25.0.3/java.util.ArrayList.forEach(ArrayList.java:1604)
</failure>
  </testcase>
  <system-out><![CDATA[running on X11
]]></system-out>
  <system-err><![CDATA[]]></system-err>
</testsuite>
