<?xml version="1.0" encoding="UTF-8"?>
<testsuite name="org.graphiks.kanvas.skia.SkiaRandomTest" tests="2" skipped="0" failures="0" errors="0" timestamp="2026-08-13T21:43:52.210Z" hostname="b3-16-2026-08-13-16-13" time="0.001">
  <properties/>
  <testcase name="matches SkRandom nextU golden stream for seed zero()" classname="org.graphiks.kanvas.skia.SkiaRandomTest" time="0.001"/>
  <testcase name="matches SkRandom signed and float golden values()" classname="org.graphiks.kanvas.skia.SkiaRandomTest" time="0.0"/>
  <system-out><![CDATA[]]></system-out>
  <system-err><![CDATA[]]></system-err>
</testsuite>
