<?xml version="1.0" encoding="UTF-8"?>
<testsuite name="org.graphiks.kanvas.skia.SimilarityTrackerTest" tests="2" skipped="0" failures="0" errors="0" timestamp="2026-08-13T21:41:08.871Z" hostname="b3-16-2026-08-13-16-13" time="0.023">
  <properties/>
  <testcase name="record rejects non finite similarities without creating a score()" classname="org.graphiks.kanvas.skia.SimilarityTrackerTest" time="0.009"/>
  <testcase name="record replaces a prior comparable similarity with the latest measurement()" classname="org.graphiks.kanvas.skia.SimilarityTrackerTest" time="0.013"/>
  <system-out><![CDATA[]]></system-out>
  <system-err><![CDATA[]]></system-err>
</testsuite>
