<?xml version="1.0" encoding="UTF-8"?>
<testsuite name="org.graphiks.kanvas.skia.SkiaRenderGeneratorFilterTest" tests="7" skipped="0" failures="0" errors="0" timestamp="2026-08-13T21:43:52.212Z" hostname="b3-16-2026-08-13-16-13" time="0.002">
  <properties/>
  <testcase name="parser accepts include blocking independently of filters()" classname="org.graphiks.kanvas.skia.SkiaRenderGeneratorFilterTest" time="0.001"/>
  <testcase name="parser accepts family name and gm name filters()" classname="org.graphiks.kanvas.skia.SkiaRenderGeneratorFilterTest" time="0.0"/>
  <testcase name="selection returns empty when no gm matches filters()" classname="org.graphiks.kanvas.skia.SkiaRenderGeneratorFilterTest" time="0.0"/>
  <testcase name="parser rejects unknown family()" classname="org.graphiks.kanvas.skia.SkiaRenderGeneratorFilterTest" time="0.001"/>
  <testcase name="selection excludes blocking rows unless explicitly included()" classname="org.graphiks.kanvas.skia.SkiaRenderGeneratorFilterTest" time="0.0"/>
  <testcase name="selection filters by family and name before rendering()" classname="org.graphiks.kanvas.skia.SkiaRenderGeneratorFilterTest" time="0.0"/>
  <testcase name="selection includes blocking rows when explicitly requested()" classname="org.graphiks.kanvas.skia.SkiaRenderGeneratorFilterTest" time="0.0"/>
  <system-out><![CDATA[]]></system-out>
  <system-err><![CDATA[]]></system-err>
</testsuite>
