<?xml version="1.0" encoding="UTF-8"?>
<testsuite name="org.graphiks.kanvas.skia.SkiaGmRegistryTest" tests="4" skipped="0" failures="0" errors="0" timestamp="2026-08-13T21:41:08.961Z" hostname="b3-16-2026-08-13-16-13" time="0.658">
  <properties/>
  <testcase name="animated backdrop blur keeps the canonical unsupported-port contract()" classname="org.graphiks.kanvas.skia.SkiaGmRegistryTest" time="0.293"/>
  <testcase name="all service entries load Skia GM classes()" classname="org.graphiks.kanvas.skia.SkiaGmRegistryTest" time="0.006"/>
  <testcase name="faithful portable GM ports remain discoverable through the registry()" classname="org.graphiks.kanvas.skia.SkiaGmRegistryTest" time="0.192"/>
  <testcase name="convex line-only path ports keep logical names and explicit reference aliases()" classname="org.graphiks.kanvas.skia.SkiaGmRegistryTest" time="0.165"/>
  <system-out><![CDATA[]]></system-out>
  <system-err><![CDATA[[SKIP] org.graphiks.kanvas.skia.gm.blur.MatrixConvolutionGm
[SKIP] org.graphiks.kanvas.skia.gm.clip.ComplexClip2Gm
[SKIP] org.graphiks.kanvas.skia.gm.image.AnimCodecPlayerExifGm
[SKIP] org.graphiks.kanvas.skia.gm.image.DrawBitmapRectGm
[SKIP] org.graphiks.kanvas.skia.gm.path.InnerShapesGm
[SKIP] org.graphiks.kanvas.skia.gm.path.TrickyCubicStrokesGm
[SKIP] org.graphiks.kanvas.skia.gm.text.GlyphPosGm
[SKIP] org.graphiks.kanvas.skia.gm.blur.MatrixConvolutionGm
[SKIP] org.graphiks.kanvas.skia.gm.clip.ComplexClip2Gm
[SKIP] org.graphiks.kanvas.skia.gm.image.AnimCodecPlayerExifGm
[SKIP] org.graphiks.kanvas.skia.gm.image.DrawBitmapRectGm
[SKIP] org.graphiks.kanvas.skia.gm.path.InnerShapesGm
[SKIP] org.graphiks.kanvas.skia.gm.path.TrickyCubicStrokesGm
[SKIP] org.graphiks.kanvas.skia.gm.text.GlyphPosGm
[SKIP] org.graphiks.kanvas.skia.gm.blur.MatrixConvolutionGm
[SKIP] org.graphiks.kanvas.skia.gm.clip.ComplexClip2Gm
[SKIP] org.graphiks.kanvas.skia.gm.image.AnimCodecPlayerExifGm
[SKIP] org.graphiks.kanvas.skia.gm.image.DrawBitmapRectGm
[SKIP] org.graphiks.kanvas.skia.gm.path.InnerShapesGm
[SKIP] org.graphiks.kanvas.skia.gm.path.TrickyCubicStrokesGm
[SKIP] org.graphiks.kanvas.skia.gm.text.GlyphPosGm
]]></system-err>
</testsuite>
