<?xml version="1.0" encoding="UTF-8"?>
<testsuite name="org.graphiks.kanvas.skia.ImageDecodeCodecBridgeTest" tests="1" skipped="0" failures="0" errors="0" timestamp="2026-08-13T21:41:07.799Z" hostname="b3-16-2026-08-13-16-13" time="0.523">
  <properties/>
  <testcase name="Image decode materializes JPEG pixels through codec runtime()" classname="org.graphiks.kanvas.skia.ImageDecodeCodecBridgeTest" time="0.523"/>
  <system-out><![CDATA[]]></system-out>
  <system-err><![CDATA[]]></system-err>
</testsuite>
