<?xml version="1.0" encoding="UTF-8"?>
<testsuite name="org.graphiks.kanvas.skia.gm.blur.AnimatedBackdropBlurGmTest" tests="1" skipped="0" failures="0" errors="0" timestamp="2026-08-13T21:43:52.215Z" hostname="b3-16-2026-08-13-16-13" time="0.008">
  <properties/>
  <testcase name="records the upstream crop blur crop backdrop layer()" classname="org.graphiks.kanvas.skia.gm.blur.AnimatedBackdropBlurGmTest" time="0.008"/>
  <system-out><![CDATA[]]></system-out>
  <system-err><![CDATA[]]></system-err>
</testsuite>
