<?xml version="1.0" encoding="UTF-8"?>
<testsuite name="org.graphiks.kanvas.skia.gm.path.ThinRectsGpuCoverageTest" tests="1" skipped="0" failures="1" errors="0" timestamp="2026-08-13T21:43:53.457Z" hostname="b3-16-2026-08-13-16-13" time="0.045">
  <properties/>
  <testcase name="matches Skia coverage for a translated quarter pixel green rect()" classname="org.graphiks.kanvas.skia.gm.path.ThinRectsGpuCoverageTest" time="0.045">
    <failure message="org.graphiks.kanvas.surface.gpu.GPUPreparedSurfaceTerminalException: unsupported.core_primitive.geometry.invalid: Core primitive geometry cannot be lowered exactly by the current canonical route." type="org.graphiks.kanvas.surface.gpu.GPUPreparedSurfaceTerminalException">org.graphiks.kanvas.surface.gpu.GPUPreparedSurfaceTerminalException: unsupported.core_primitive.geometry.invalid: Core primitive geometry cannot be lowered exactly by the current canonical route.
	at app//org.graphiks.kanvas.surface.gpu.GPUPreparedSurfaceProductEntry.render(GPUPreparedSurfaceProductEntry.kt:61)
	at app//org.graphiks.kanvas.surface.gpu.GPURendererKt.renderViaGpu(GPURenderer.kt:18)
	at app//org.graphiks.kanvas.surface.gpu.GPURendererKt.renderViaGpu$default(GPURenderer.kt:9)
	at app//org.graphiks.kanvas.surface.Surface.render(Surface.kt:57)
	at app//org.graphiks.kanvas.skia.SkiaGmRenderer.render(SkiaGmRenderer.kt:32)
	at app//org.graphiks.kanvas.skia.SkiaGmRenderer.render$default(SkiaGmRenderer.kt:17)
	at app//org.graphiks.kanvas.skia.gm.path.ThinRectsGpuCoverageTest.matches Skia coverage for a translated quarter pixel green rect(ThinRectsGpuCoverageTest.kt:17)
	at java.base@25.0.3/java.lang.reflect.Method.invoke(Method.java:565)
	at java.base@25.0.3/java.util.ArrayList.forEach(ArrayList.java:1604)
	at java.base@25.0.3/java.util.ArrayList.forEach(ArrayList.java:1604)
</failure>
  </testcase>
  <system-out><![CDATA[running on X11
]]></system-out>
  <system-err><![CDATA[]]></system-err>
</testsuite>
