<?xml version="1.0" encoding="UTF-8"?>
<testsuite name="org.graphiks.kanvas.skia.SkiaGmRunner" tests="100" skipped="1" failures="88" errors="0" timestamp="2026-08-16T20:23:06.001Z" hostname="Omega" time="5.058">
  <properties/>
  <testcase name="[1] lit_shader_linear_rt" classname="org.graphiks.kanvas.skia.SkiaGmRunner" time="0.818">
    <failure message="org.graphiks.kanvas.surface.gpu.GPUPreparedSurfaceTerminalException: unsupported.material.radial_gradient_capability_missing: unsupported.material.radial_gradient_capability_missing" type="org.graphiks.kanvas.surface.gpu.GPUPreparedSurfaceTerminalException">org.graphiks.kanvas.surface.gpu.GPUPreparedSurfaceTerminalException: unsupported.material.radial_gradient_capability_missing: unsupported.material.radial_gradient_capability_missing
	at app//org.graphiks.kanvas.surface.gpu.GPUPreparedSurfaceProductEntry.render(GPUPreparedSurfaceProductEntry.kt:61)
	at app//org.graphiks.kanvas.surface.gpu.GPURendererKt.renderViaGpu(GPURenderer.kt:18)
	at app//org.graphiks.kanvas.surface.gpu.GPURendererKt.renderViaGpu$default(GPURenderer.kt:9)
	at app//org.graphiks.kanvas.surface.Surface.render(Surface.kt:57)
	at app//org.graphiks.kanvas.skia.SkiaGmRenderer.render(SkiaGmRenderer.kt:32)
	at app//org.graphiks.kanvas.skia.SkiaGmRenderer.render$default(SkiaGmRenderer.kt:17)
	at app//org.graphiks.kanvas.skia.SkiaGmRunner.render GM(SkiaGmRunner.kt:69)
	at java.base@25.0.1/java.lang.reflect.Method.invoke(Method.java:565)
	at java.base@25.0.1/java.util.stream.ForEachOps$ForEachOp$OfRef.accept(ForEachOps.java:186)
	at java.base@25.0.1/java.util.stream.ReferencePipeline$3$1.accept(ReferencePipeline.java:214)
	at java.base@25.0.1/java.util.stream.ReferencePipeline$2$1.accept(ReferencePipeline.java:197)
	at java.base@25.0.1/java.util.stream.ReferencePipeline$3$1.accept(ReferencePipeline.java:214)
	at java.base@25.0.1/java.util.stream.ForEachOps$ForEachOp$OfRef.accept(ForEachOps.java:186)
	at java.base@25.0.1/java.util.stream.ReferencePipeline$3$1.accept(ReferencePipeline.java:214)
	at java.base@25.0.1/java.util.stream.ReferencePipeline$3$1.accept(ReferencePipeline.java:214)
	at java.base@25.0.1/java.util.stream.ReferencePipeline$3$1.accept(ReferencePipeline.java:214)
	at java.base@25.0.1/java.util.stream.ForEachOps$ForEachOp$OfRef.accept(ForEachOps.java:186)
	at java.base@25.0.1/java.util.stream.ReferencePipeline$3$1.accept(ReferencePipeline.java:214)
	at java.base@25.0.1/java.util.ArrayList$ArrayListSpliterator.forEachRemaining(ArrayList.java:1716)
	at java.base@25.0.1/java.util.stream.ReferencePipeline$Head.forEach(ReferencePipeline.java:803)
	at java.base@25.0.1/java.util.stream.ReferencePipeline$7$1FlatMap.accept(ReferencePipeline.java:293)
	at java.base@25.0.1/java.util.stream.ReferencePipeline$3$1.accept(ReferencePipeline.java:214)
	at java.base@25.0.1/java.util.stream.ReferencePipeline$3$1.accept(ReferencePipeline.java:214)
	at java.base@25.0.1/java.util.stream.ReferencePipeline$3$1.accept(ReferencePipeline.java:214)
	at java.base@25.0.1/java.util.Spliterators$ArraySpliterator.forEachRemaining(Spliterators.java:1024)
	at java.base@25.0.1/java.util.stream.AbstractPipeline.copyInto(AbstractPipeline.java:570)
	at java.base@25.0.1/java.util.stream.AbstractPipeline.wrapAndCopyInto(AbstractPipeline.java:560)
	at java.base@25.0.1/java.util.stream.ForEachOps$ForEachOp.evaluateSequential(ForEachOps.java:153)
	at java.base@25.0.1/java.util.stream.ForEachOps$ForEachOp$OfRef.evaluateSequential(ForEachOps.java:176)
	at java.base@25.0.1/java.util.stream.AbstractPipeline.evaluate(AbstractPipeline.java:265)
	at java.base@25.0.1/java.util.stream.ReferencePipeline.forEach(ReferencePipeline.java:632)
	at java.base@25.0.1/java.util.stream.ReferencePipeline$7$1FlatMap.accept(ReferencePipeline.java:293)
	at java.base@25.0.1/java.util.stream.ReferencePipeline$3$1.accept(ReferencePipeline.java:214)
	at java.base@25.0.1/java.util.stream.ReferencePipeline$3$1.accept(ReferencePipeline.java:214)
	at java.base@25.0.1/java.util.stream.ReferencePipeline$3$1.accept(ReferencePipeline.java:214)
	at java.base@25.0.1/java.util.ArrayList$ArrayListSpliterator.forEachRemaining(ArrayList.java:1716)
	at java.base@25.0.1/java.util.stream.AbstractPipeline.copyInto(AbstractPipeline.java:570)
	at java.base@25.0.1/java.util.stream.AbstractPipeline.wrapAndCopyInto(AbstractPipeline.java:560)
	at java.base@25.0.1/java.util.stream.ForEachOps$ForEachOp.evaluateSequential(ForEachOps.java:153)
	at java.base@25.0.1/java.util.stream.ForEachOps$ForEachOp$OfRef.evaluateSequential(ForEachOps.java:176)
	at java.base@25.0.1/java.util.stream.AbstractPipeline.evaluate(AbstractPipeline.java:265)
	at java.base@25.0.1/java.util.stream.ReferencePipeline.forEach(ReferencePipeline.java:632)
	at java.base@25.0.1/java.util.stream.ReferencePipeline$7$1FlatMap.accept(ReferencePipeline.java:293)
	at java.base@25.0.1/java.util.ArrayList$ArrayListSpliterator.forEachRemaining(ArrayList.java:1716)
	at java.base@25.0.1/java.util.stream.AbstractPipeline.copyInto(AbstractPipeline.java:570)
	at java.base@25.0.1/java.util.stream.AbstractPipeline.wrapAndCopyInto(AbstractPipeline.java:560)
	at java.base@25.0.1/java.util.stream.ForEachOps$ForEachOp.evaluateSequential(ForEachOps.java:153)
	at java.base@25.0.1/java.util.stream.ForEachOps$ForEachOp$OfRef.evaluateSequential(ForEachOps.java:176)
	at java.base@25.0.1/java.util.stream.AbstractPipeline.evaluate(AbstractPipeline.java:265)
	at java.base@25.0.1/java.util.stream.ReferencePipeline.forEach(ReferencePipeline.java:632)
	at java.base@25.0.1/java.util.ArrayList.forEach(ArrayList.java:1604)
	at java.base@25.0.1/java.util.ArrayList.forEach(ArrayList.java:1604)
</failure>
  </testcase>
  <testcase name="[2] localmatriximageshader_filtering" classname="org.graphiks.kanvas.skia.SkiaGmRunner" time="0.031">
    <failure message="org.graphiks.kanvas.surface.gpu.GPUPreparedSurfaceTerminalException: unsupported.material.source_unimplemented: unsupported.material.source_unimplemented" type="org.graphiks.kanvas.surface.gpu.GPUPreparedSurfaceTerminalException">org.graphiks.kanvas.surface.gpu.GPUPreparedSurfaceTerminalException: unsupported.material.source_unimplemented: unsupported.material.source_unimplemented
	at app//org.graphiks.kanvas.surface.gpu.GPUPreparedSurfaceProductEntry.render(GPUPreparedSurfaceProductEntry.kt:61)
	at app//org.graphiks.kanvas.surface.gpu.GPURendererKt.renderViaGpu(GPURenderer.kt:18)
	at app//org.graphiks.kanvas.surface.gpu.GPURendererKt.renderViaGpu$default(GPURenderer.kt:9)
	at app//org.graphiks.kanvas.surface.Surface.render(Surface.kt:57)
	at app//org.graphiks.kanvas.skia.SkiaGmRenderer.render(SkiaGmRenderer.kt:32)
	at app//org.graphiks.kanvas.skia.SkiaGmRenderer.render$default(SkiaGmRenderer.kt:17)
	at app//org.graphiks.kanvas.skia.SkiaGmRunner.render GM(SkiaGmRunner.kt:69)
	at java.base@25.0.1/java.lang.reflect.Method.invoke(Method.java:565)
	at java.base@25.0.1/java.util.stream.ForEachOps$ForEachOp$OfRef.accept(ForEachOps.java:186)
	at java.base@25.0.1/java.util.stream.ReferencePipeline$3$1.accept(ReferencePipeline.java:214)
	at java.base@25.0.1/java.util.stream.ReferencePipeline$2$1.accept(ReferencePipeline.java:197)
	at java.base@25.0.1/java.util.stream.ReferencePipeline$3$1.accept(ReferencePipeline.java:214)
	at java.base@25.0.1/java.util.stream.ForEachOps$ForEachOp$OfRef.accept(ForEachOps.java:186)
	at java.base@25.0.1/java.util.stream.ReferencePipeline$3$1.accept(ReferencePipeline.java:214)
	at java.base@25.0.1/java.util.stream.ReferencePipeline$3$1.accept(ReferencePipeline.java:214)
	at java.base@25.0.1/java.util.stream.ReferencePipeline$3$1.accept(ReferencePipeline.java:214)
	at java.base@25.0.1/java.util.stream.ForEachOps$ForEachOp$OfRef.accept(ForEachOps.java:186)
	at java.base@25.0.1/java.util.stream.ReferencePipeline$3$1.accept(ReferencePipeline.java:214)
	at java.base@25.0.1/java.util.ArrayList$ArrayListSpliterator.forEachRemaining(ArrayList.java:1716)
	at java.base@25.0.1/java.util.stream.ReferencePipeline$Head.forEach(ReferencePipeline.java:803)
	at java.base@25.0.1/java.util.stream.ReferencePipeline$7$1FlatMap.accept(ReferencePipeline.java:293)
	at java.base@25.0.1/java.util.stream.ReferencePipeline$3$1.accept(ReferencePipeline.java:214)
	at java.base@25.0.1/java.util.stream.ReferencePipeline$3$1.accept(ReferencePipeline.java:214)
	at java.base@25.0.1/java.util.stream.ReferencePipeline$3$1.accept(ReferencePipeline.java:214)
	at java.base@25.0.1/java.util.Spliterators$ArraySpliterator.forEachRemaining(Spliterators.java:1024)
	at java.base@25.0.1/java.util.stream.AbstractPipeline.copyInto(AbstractPipeline.java:570)
	at java.base@25.0.1/java.util.stream.AbstractPipeline.wrapAndCopyInto(AbstractPipeline.java:560)
	at java.base@25.0.1/java.util.stream.ForEachOps$ForEachOp.evaluateSequential(ForEachOps.java:153)
	at java.base@25.0.1/java.util.stream.ForEachOps$ForEachOp$OfRef.evaluateSequential(ForEachOps.java:176)
	at java.base@25.0.1/java.util.stream.AbstractPipeline.evaluate(AbstractPipeline.java:265)
	at java.base@25.0.1/java.util.stream.ReferencePipeline.forEach(ReferencePipeline.java:632)
	at java.base@25.0.1/java.util.stream.ReferencePipeline$7$1FlatMap.accept(ReferencePipeline.java:293)
	at java.base@25.0.1/java.util.stream.ReferencePipeline$3$1.accept(ReferencePipeline.java:214)
	at java.base@25.0.1/java.util.stream.ReferencePipeline$3$1.accept(ReferencePipeline.java:214)
	at java.base@25.0.1/java.util.stream.ReferencePipeline$3$1.accept(ReferencePipeline.java:214)
	at java.base@25.0.1/java.util.ArrayList$ArrayListSpliterator.forEachRemaining(ArrayList.java:1716)
	at java.base@25.0.1/java.util.stream.AbstractPipeline.copyInto(AbstractPipeline.java:570)
	at java.base@25.0.1/java.util.stream.AbstractPipeline.wrapAndCopyInto(AbstractPipeline.java:560)
	at java.base@25.0.1/java.util.stream.ForEachOps$ForEachOp.evaluateSequential(ForEachOps.java:153)
	at java.base@25.0.1/java.util.stream.ForEachOps$ForEachOp$OfRef.evaluateSequential(ForEachOps.java:176)
	at java.base@25.0.1/java.util.stream.AbstractPipeline.evaluate(AbstractPipeline.java:265)
	at java.base@25.0.1/java.util.stream.ReferencePipeline.forEach(ReferencePipeline.java:632)
	at java.base@25.0.1/java.util.stream.ReferencePipeline$7$1FlatMap.accept(ReferencePipeline.java:293)
	at java.base@25.0.1/java.util.ArrayList$ArrayListSpliterator.forEachRemaining(ArrayList.java:1716)
	at java.base@25.0.1/java.util.stream.AbstractPipeline.copyInto(AbstractPipeline.java:570)
	at java.base@25.0.1/java.util.stream.AbstractPipeline.wrapAndCopyInto(AbstractPipeline.java:560)
	at java.base@25.0.1/java.util.stream.ForEachOps$ForEachOp.evaluateSequential(ForEachOps.java:153)
	at java.base@25.0.1/java.util.stream.ForEachOps$ForEachOp$OfRef.evaluateSequential(ForEachOps.java:176)
	at java.base@25.0.1/java.util.stream.AbstractPipeline.evaluate(AbstractPipeline.java:265)
	at java.base@25.0.1/java.util.stream.ReferencePipeline.forEach(ReferencePipeline.java:632)
	at java.base@25.0.1/java.util.ArrayList.forEach(ArrayList.java:1604)
	at java.base@25.0.1/java.util.ArrayList.forEach(ArrayList.java:1604)
</failure>
  </testcase>
  <testcase name="[3] localmatriximageshader" classname="org.graphiks.kanvas.skia.SkiaGmRunner" time="0.25">
    <failure message="org.graphiks.kanvas.surface.gpu.GPUPreparedSurfaceTerminalException: unsupported.material.source_unimplemented: unsupported.material.source_unimplemented" type="org.graphiks.kanvas.surface.gpu.GPUPreparedSurfaceTerminalException">org.graphiks.kanvas.surface.gpu.GPUPreparedSurfaceTerminalException: unsupported.material.source_unimplemented: unsupported.material.source_unimplemented
	at app//org.graphiks.kanvas.surface.gpu.GPUPreparedSurfaceProductEntry.render(GPUPreparedSurfaceProductEntry.kt:61)
	at app//org.graphiks.kanvas.surface.gpu.GPURendererKt.renderViaGpu(GPURenderer.kt:18)
	at app//org.graphiks.kanvas.surface.gpu.GPURendererKt.renderViaGpu$default(GPURenderer.kt:9)
	at app//org.graphiks.kanvas.surface.Surface.render(Surface.kt:57)
	at app//org.graphiks.kanvas.skia.SkiaGmRenderer.render(SkiaGmRenderer.kt:32)
	at app//org.graphiks.kanvas.skia.SkiaGmRenderer.render$default(SkiaGmRenderer.kt:17)
	at app//org.graphiks.kanvas.skia.SkiaGmRunner.render GM(SkiaGmRunner.kt:69)
	at java.base@25.0.1/java.lang.reflect.Method.invoke(Method.java:565)
	at java.base@25.0.1/java.util.stream.ForEachOps$ForEachOp$OfRef.accept(ForEachOps.java:186)
	at java.base@25.0.1/java.util.stream.ReferencePipeline$3$1.accept(ReferencePipeline.java:214)
	at java.base@25.0.1/java.util.stream.ReferencePipeline$2$1.accept(ReferencePipeline.java:197)
	at java.base@25.0.1/java.util.stream.ReferencePipeline$3$1.accept(ReferencePipeline.java:214)
	at java.base@25.0.1/java.util.stream.ForEachOps$ForEachOp$OfRef.accept(ForEachOps.java:186)
	at java.base@25.0.1/java.util.stream.ReferencePipeline$3$1.accept(ReferencePipeline.java:214)
	at java.base@25.0.1/java.util.stream.ReferencePipeline$3$1.accept(ReferencePipeline.java:214)
	at java.base@25.0.1/java.util.stream.ReferencePipeline$3$1.accept(ReferencePipeline.java:214)
	at java.base@25.0.1/java.util.stream.ForEachOps$ForEachOp$OfRef.accept(ForEachOps.java:186)
	at java.base@25.0.1/java.util.stream.ReferencePipeline$3$1.accept(ReferencePipeline.java:214)
	at java.base@25.0.1/java.util.ArrayList$ArrayListSpliterator.forEachRemaining(ArrayList.java:1716)
	at java.base@25.0.1/java.util.stream.ReferencePipeline$Head.forEach(ReferencePipeline.java:803)
	at java.base@25.0.1/java.util.stream.ReferencePipeline$7$1FlatMap.accept(ReferencePipeline.java:293)
	at java.base@25.0.1/java.util.stream.ReferencePipeline$3$1.accept(ReferencePipeline.java:214)
	at java.base@25.0.1/java.util.stream.ReferencePipeline$3$1.accept(ReferencePipeline.java:214)
	at java.base@25.0.1/java.util.stream.ReferencePipeline$3$1.accept(ReferencePipeline.java:214)
	at java.base@25.0.1/java.util.Spliterators$ArraySpliterator.forEachRemaining(Spliterators.java:1024)
	at java.base@25.0.1/java.util.stream.AbstractPipeline.copyInto(AbstractPipeline.java:570)
	at java.base@25.0.1/java.util.stream.AbstractPipeline.wrapAndCopyInto(AbstractPipeline.java:560)
	at java.base@25.0.1/java.util.stream.ForEachOps$ForEachOp.evaluateSequential(ForEachOps.java:153)
	at java.base@25.0.1/java.util.stream.ForEachOps$ForEachOp$OfRef.evaluateSequential(ForEachOps.java:176)
	at java.base@25.0.1/java.util.stream.AbstractPipeline.evaluate(AbstractPipeline.java:265)
	at java.base@25.0.1/java.util.stream.ReferencePipeline.forEach(ReferencePipeline.java:632)
	at java.base@25.0.1/java.util.stream.ReferencePipeline$7$1FlatMap.accept(ReferencePipeline.java:293)
	at java.base@25.0.1/java.util.stream.ReferencePipeline$3$1.accept(ReferencePipeline.java:214)
	at java.base@25.0.1/java.util.stream.ReferencePipeline$3$1.accept(ReferencePipeline.java:214)
	at java.base@25.0.1/java.util.stream.ReferencePipeline$3$1.accept(ReferencePipeline.java:214)
	at java.base@25.0.1/java.util.ArrayList$ArrayListSpliterator.forEachRemaining(ArrayList.java:1716)
	at java.base@25.0.1/java.util.stream.AbstractPipeline.copyInto(AbstractPipeline.java:570)
	at java.base@25.0.1/java.util.stream.AbstractPipeline.wrapAndCopyInto(AbstractPipeline.java:560)
	at java.base@25.0.1/java.util.stream.ForEachOps$ForEachOp.evaluateSequential(ForEachOps.java:153)
	at java.base@25.0.1/java.util.stream.ForEachOps$ForEachOp$OfRef.evaluateSequential(ForEachOps.java:176)
	at java.base@25.0.1/java.util.stream.AbstractPipeline.evaluate(AbstractPipeline.java:265)
	at java.base@25.0.1/java.util.stream.ReferencePipeline.forEach(ReferencePipeline.java:632)
	at java.base@25.0.1/java.util.stream.ReferencePipeline$7$1FlatMap.accept(ReferencePipeline.java:293)
	at java.base@25.0.1/java.util.ArrayList$ArrayListSpliterator.forEachRemaining(ArrayList.java:1716)
	at java.base@25.0.1/java.util.stream.AbstractPipeline.copyInto(AbstractPipeline.java:570)
	at java.base@25.0.1/java.util.stream.AbstractPipeline.wrapAndCopyInto(AbstractPipeline.java:560)
	at java.base@25.0.1/java.util.stream.ForEachOps$ForEachOp.evaluateSequential(ForEachOps.java:153)
	at java.base@25.0.1/java.util.stream.ForEachOps$ForEachOp$OfRef.evaluateSequential(ForEachOps.java:176)
	at java.base@25.0.1/java.util.stream.AbstractPipeline.evaluate(AbstractPipeline.java:265)
	at java.base@25.0.1/java.util.stream.ReferencePipeline.forEach(ReferencePipeline.java:632)
	at java.base@25.0.1/java.util.ArrayList.forEach(ArrayList.java:1604)
	at java.base@25.0.1/java.util.ArrayList.forEach(ArrayList.java:1604)
</failure>
  </testcase>
  <testcase name="[4] localmatrixshader_nested" classname="org.graphiks.kanvas.skia.SkiaGmRunner" time="0.006">
    <failure message="org.graphiks.kanvas.surface.gpu.GPUPreparedSurfaceTerminalException: unsupported.geometry.path_key_nondeterministic: unsupported.geometry.path_key_nondeterministic" type="org.graphiks.kanvas.surface.gpu.GPUPreparedSurfaceTerminalException">org.graphiks.kanvas.surface.gpu.GPUPreparedSurfaceTerminalException: unsupported.geometry.path_key_nondeterministic: unsupported.geometry.path_key_nondeterministic
	at app//org.graphiks.kanvas.surface.gpu.GPUPreparedSurfaceProductEntry.render(GPUPreparedSurfaceProductEntry.kt:61)
	at app//org.graphiks.kanvas.surface.gpu.GPURendererKt.renderViaGpu(GPURenderer.kt:18)
	at app//org.graphiks.kanvas.surface.gpu.GPURendererKt.renderViaGpu$default(GPURenderer.kt:9)
	at app//org.graphiks.kanvas.surface.Surface.render(Surface.kt:57)
	at app//org.graphiks.kanvas.surface.Surface.makeImageSnapshot(Surface.kt:66)
	at app//org.graphiks.kanvas.skia.gm.image.LocalMatrixShaderNestedGm.makeTestImage(LocalMatrixShaderNestedGm.kt:90)
	at app//org.graphiks.kanvas.skia.gm.image.LocalMatrixShaderNestedGm.draw(LocalMatrixShaderNestedGm.kt:34)
	at app//org.graphiks.kanvas.skia.SkiaGmRenderer.render(SkiaGmRenderer.kt:31)
	at app//org.graphiks.kanvas.skia.SkiaGmRenderer.render$default(SkiaGmRenderer.kt:17)
	at app//org.graphiks.kanvas.skia.SkiaGmRunner.render GM(SkiaGmRunner.kt:69)
	at java.base@25.0.1/java.lang.reflect.Method.invoke(Method.java:565)
	at java.base@25.0.1/java.util.stream.ForEachOps$ForEachOp$OfRef.accept(ForEachOps.java:186)
	at java.base@25.0.1/java.util.stream.ReferencePipeline$3$1.accept(ReferencePipeline.java:214)
	at java.base@25.0.1/java.util.stream.ReferencePipeline$2$1.accept(ReferencePipeline.java:197)
	at java.base@25.0.1/java.util.stream.ReferencePipeline$3$1.accept(ReferencePipeline.java:214)
	at java.base@25.0.1/java.util.stream.ForEachOps$ForEachOp$OfRef.accept(ForEachOps.java:186)
	at java.base@25.0.1/java.util.stream.ReferencePipeline$3$1.accept(ReferencePipeline.java:214)
	at java.base@25.0.1/java.util.stream.ReferencePipeline$3$1.accept(ReferencePipeline.java:214)
	at java.base@25.0.1/java.util.stream.ReferencePipeline$3$1.accept(ReferencePipeline.java:214)
	at java.base@25.0.1/java.util.stream.ForEachOps$ForEachOp$OfRef.accept(ForEachOps.java:186)
	at java.base@25.0.1/java.util.stream.ReferencePipeline$3$1.accept(ReferencePipeline.java:214)
	at java.base@25.0.1/java.util.ArrayList$ArrayListSpliterator.forEachRemaining(ArrayList.java:1716)
	at java.base@25.0.1/java.util.stream.ReferencePipeline$Head.forEach(ReferencePipeline.java:803)
	at java.base@25.0.1/java.util.stream.ReferencePipeline$7$1FlatMap.accept(ReferencePipeline.java:293)
	at java.base@25.0.1/java.util.stream.ReferencePipeline$3$1.accept(ReferencePipeline.java:214)
	at java.base@25.0.1/java.util.stream.ReferencePipeline$3$1.accept(ReferencePipeline.java:214)
	at java.base@25.0.1/java.util.stream.ReferencePipeline$3$1.accept(ReferencePipeline.java:214)
	at java.base@25.0.1/java.util.Spliterators$ArraySpliterator.forEachRemaining(Spliterators.java:1024)
	at java.base@25.0.1/java.util.stream.AbstractPipeline.copyInto(AbstractPipeline.java:570)
	at java.base@25.0.1/java.util.stream.AbstractPipeline.wrapAndCopyInto(AbstractPipeline.java:560)
	at java.base@25.0.1/java.util.stream.ForEachOps$ForEachOp.evaluateSequential(ForEachOps.java:153)
	at java.base@25.0.1/java.util.stream.ForEachOps$ForEachOp$OfRef.evaluateSequential(ForEachOps.java:176)
	at java.base@25.0.1/java.util.stream.AbstractPipeline.evaluate(AbstractPipeline.java:265)
	at java.base@25.0.1/java.util.stream.ReferencePipeline.forEach(ReferencePipeline.java:632)
	at java.base@25.0.1/java.util.stream.ReferencePipeline$7$1FlatMap.accept(ReferencePipeline.java:293)
	at java.base@25.0.1/java.util.stream.ReferencePipeline$3$1.accept(ReferencePipeline.java:214)
	at java.base@25.0.1/java.util.stream.ReferencePipeline$3$1.accept(ReferencePipeline.java:214)
	at java.base@25.0.1/java.util.stream.ReferencePipeline$3$1.accept(ReferencePipeline.java:214)
	at java.base@25.0.1/java.util.ArrayList$ArrayListSpliterator.forEachRemaining(ArrayList.java:1716)
	at java.base@25.0.1/java.util.stream.AbstractPipeline.copyInto(AbstractPipeline.java:570)
	at java.base@25.0.1/java.util.stream.AbstractPipeline.wrapAndCopyInto(AbstractPipeline.java:560)
	at java.base@25.0.1/java.util.stream.ForEachOps$ForEachOp.evaluateSequential(ForEachOps.java:153)
	at java.base@25.0.1/java.util.stream.ForEachOps$ForEachOp$OfRef.evaluateSequential(ForEachOps.java:176)
	at java.base@25.0.1/java.util.stream.AbstractPipeline.evaluate(AbstractPipeline.java:265)
	at java.base@25.0.1/java.util.stream.ReferencePipeline.forEach(ReferencePipeline.java:632)
	at java.base@25.0.1/java.util.stream.ReferencePipeline$7$1FlatMap.accept(ReferencePipeline.java:293)
	at java.base@25.0.1/java.util.ArrayList$ArrayListSpliterator.forEachRemaining(ArrayList.java:1716)
	at java.base@25.0.1/java.util.stream.AbstractPipeline.copyInto(AbstractPipeline.java:570)
	at java.base@25.0.1/java.util.stream.AbstractPipeline.wrapAndCopyInto(AbstractPipeline.java:560)
	at java.base@25.0.1/java.util.stream.ForEachOps$ForEachOp.evaluateSequential(ForEachOps.java:153)
	at java.base@25.0.1/java.util.stream.ForEachOps$ForEachOp$OfRef.evaluateSequential(ForEachOps.java:176)
	at java.base@25.0.1/java.util.stream.AbstractPipeline.evaluate(AbstractPipeline.java:265)
	at java.base@25.0.1/java.util.stream.ReferencePipeline.forEach(ReferencePipeline.java:632)
	at java.base@25.0.1/java.util.ArrayList.forEach(ArrayList.java:1604)
	at java.base@25.0.1/java.util.ArrayList.forEach(ArrayList.java:1604)
</failure>
  </testcase>
  <testcase name="[5] localmatrixshader_persp" classname="org.graphiks.kanvas.skia.SkiaGmRunner" time="0.006">
    <failure message="org.graphiks.kanvas.surface.gpu.GPUPreparedSurfaceTerminalException: unsupported.material.source_unimplemented: unsupported.material.source_unimplemented" type="org.graphiks.kanvas.surface.gpu.GPUPreparedSurfaceTerminalException">org.graphiks.kanvas.surface.gpu.GPUPreparedSurfaceTerminalException: unsupported.material.source_unimplemented: unsupported.material.source_unimplemented
	at app//org.graphiks.kanvas.surface.gpu.GPUPreparedSurfaceProductEntry.render(GPUPreparedSurfaceProductEntry.kt:61)
	at app//org.graphiks.kanvas.surface.gpu.GPURendererKt.renderViaGpu(GPURenderer.kt:18)
	at app//org.graphiks.kanvas.surface.gpu.GPURendererKt.renderViaGpu$default(GPURenderer.kt:9)
	at app//org.graphiks.kanvas.surface.Surface.render(Surface.kt:57)
	at app//org.graphiks.kanvas.skia.SkiaGmRenderer.render(SkiaGmRenderer.kt:32)
	at app//org.graphiks.kanvas.skia.SkiaGmRenderer.render$default(SkiaGmRenderer.kt:17)
	at app//org.graphiks.kanvas.skia.SkiaGmRunner.render GM(SkiaGmRunner.kt:69)
	at java.base@25.0.1/java.lang.reflect.Method.invoke(Method.java:565)
	at java.base@25.0.1/java.util.stream.ForEachOps$ForEachOp$OfRef.accept(ForEachOps.java:186)
	at java.base@25.0.1/java.util.stream.ReferencePipeline$3$1.accept(ReferencePipeline.java:214)
	at java.base@25.0.1/java.util.stream.ReferencePipeline$2$1.accept(ReferencePipeline.java:197)
	at java.base@25.0.1/java.util.stream.ReferencePipeline$3$1.accept(ReferencePipeline.java:214)
	at java.base@25.0.1/java.util.stream.ForEachOps$ForEachOp$OfRef.accept(ForEachOps.java:186)
	at java.base@25.0.1/java.util.stream.ReferencePipeline$3$1.accept(ReferencePipeline.java:214)
	at java.base@25.0.1/java.util.stream.ReferencePipeline$3$1.accept(ReferencePipeline.java:214)
	at java.base@25.0.1/java.util.stream.ReferencePipeline$3$1.accept(ReferencePipeline.java:214)
	at java.base@25.0.1/java.util.stream.ForEachOps$ForEachOp$OfRef.accept(ForEachOps.java:186)
	at java.base@25.0.1/java.util.stream.ReferencePipeline$3$1.accept(ReferencePipeline.java:214)
	at java.base@25.0.1/java.util.ArrayList$ArrayListSpliterator.forEachRemaining(ArrayList.java:1716)
	at java.base@25.0.1/java.util.stream.ReferencePipeline$Head.forEach(ReferencePipeline.java:803)
	at java.base@25.0.1/java.util.stream.ReferencePipeline$7$1FlatMap.accept(ReferencePipeline.java:293)
	at java.base@25.0.1/java.util.stream.ReferencePipeline$3$1.accept(ReferencePipeline.java:214)
	at java.base@25.0.1/java.util.stream.ReferencePipeline$3$1.accept(ReferencePipeline.java:214)
	at java.base@25.0.1/java.util.stream.ReferencePipeline$3$1.accept(ReferencePipeline.java:214)
	at java.base@25.0.1/java.util.Spliterators$ArraySpliterator.forEachRemaining(Spliterators.java:1024)
	at java.base@25.0.1/java.util.stream.AbstractPipeline.copyInto(AbstractPipeline.java:570)
	at java.base@25.0.1/java.util.stream.AbstractPipeline.wrapAndCopyInto(AbstractPipeline.java:560)
	at java.base@25.0.1/java.util.stream.ForEachOps$ForEachOp.evaluateSequential(ForEachOps.java:153)
	at java.base@25.0.1/java.util.stream.ForEachOps$ForEachOp$OfRef.evaluateSequential(ForEachOps.java:176)
	at java.base@25.0.1/java.util.stream.AbstractPipeline.evaluate(AbstractPipeline.java:265)
	at java.base@25.0.1/java.util.stream.ReferencePipeline.forEach(ReferencePipeline.java:632)
	at java.base@25.0.1/java.util.stream.ReferencePipeline$7$1FlatMap.accept(ReferencePipeline.java:293)
	at java.base@25.0.1/java.util.stream.ReferencePipeline$3$1.accept(ReferencePipeline.java:214)
	at java.base@25.0.1/java.util.stream.ReferencePipeline$3$1.accept(ReferencePipeline.java:214)
	at java.base@25.0.1/java.util.stream.ReferencePipeline$3$1.accept(ReferencePipeline.java:214)
	at java.base@25.0.1/java.util.ArrayList$ArrayListSpliterator.forEachRemaining(ArrayList.java:1716)
	at java.base@25.0.1/java.util.stream.AbstractPipeline.copyInto(AbstractPipeline.java:570)
	at java.base@25.0.1/java.util.stream.AbstractPipeline.wrapAndCopyInto(AbstractPipeline.java:560)
	at java.base@25.0.1/java.util.stream.ForEachOps$ForEachOp.evaluateSequential(ForEachOps.java:153)
	at java.base@25.0.1/java.util.stream.ForEachOps$ForEachOp$OfRef.evaluateSequential(ForEachOps.java:176)
	at java.base@25.0.1/java.util.stream.AbstractPipeline.evaluate(AbstractPipeline.java:265)
	at java.base@25.0.1/java.util.stream.ReferencePipeline.forEach(ReferencePipeline.java:632)
	at java.base@25.0.1/java.util.stream.ReferencePipeline$7$1FlatMap.accept(ReferencePipeline.java:293)
	at java.base@25.0.1/java.util.ArrayList$ArrayListSpliterator.forEachRemaining(ArrayList.java:1716)
	at java.base@25.0.1/java.util.stream.AbstractPipeline.copyInto(AbstractPipeline.java:570)
	at java.base@25.0.1/java.util.stream.AbstractPipeline.wrapAndCopyInto(AbstractPipeline.java:560)
	at java.base@25.0.1/java.util.stream.ForEachOps$ForEachOp.evaluateSequential(ForEachOps.java:153)
	at java.base@25.0.1/java.util.stream.ForEachOps$ForEachOp$OfRef.evaluateSequential(ForEachOps.java:176)
	at java.base@25.0.1/java.util.stream.AbstractPipeline.evaluate(AbstractPipeline.java:265)
	at java.base@25.0.1/java.util.stream.ReferencePipeline.forEach(ReferencePipeline.java:632)
	at java.base@25.0.1/java.util.ArrayList.forEach(ArrayList.java:1604)
	at java.base@25.0.1/java.util.ArrayList.forEach(ArrayList.java:1604)
</failure>
  </testcase>
  <testcase name="[6] local_matrix_shader_rt" classname="org.graphiks.kanvas.skia.SkiaGmRunner" time="0.005">
    <failure message="org.graphiks.kanvas.surface.gpu.GPUPreparedSurfaceTerminalException: unsupported.material.source_unimplemented: unsupported.material.source_unimplemented" type="org.graphiks.kanvas.surface.gpu.GPUPreparedSurfaceTerminalException">org.graphiks.kanvas.surface.gpu.GPUPreparedSurfaceTerminalException: unsupported.material.source_unimplemented: unsupported.material.source_unimplemented
	at app//org.graphiks.kanvas.surface.gpu.GPUPreparedSurfaceProductEntry.render(GPUPreparedSurfaceProductEntry.kt:61)
	at app//org.graphiks.kanvas.surface.gpu.GPURendererKt.renderViaGpu(GPURenderer.kt:18)
	at app//org.graphiks.kanvas.surface.gpu.GPURendererKt.renderViaGpu$default(GPURenderer.kt:9)
	at app//org.graphiks.kanvas.surface.Surface.render(Surface.kt:57)
	at app//org.graphiks.kanvas.skia.SkiaGmRenderer.render(SkiaGmRenderer.kt:32)
	at app//org.graphiks.kanvas.skia.SkiaGmRenderer.render$default(SkiaGmRenderer.kt:17)
	at app//org.graphiks.kanvas.skia.SkiaGmRunner.render GM(SkiaGmRunner.kt:69)
	at java.base@25.0.1/java.lang.reflect.Method.invoke(Method.java:565)
	at java.base@25.0.1/java.util.stream.ForEachOps$ForEachOp$OfRef.accept(ForEachOps.java:186)
	at java.base@25.0.1/java.util.stream.ReferencePipeline$3$1.accept(ReferencePipeline.java:214)
	at java.base@25.0.1/java.util.stream.ReferencePipeline$2$1.accept(ReferencePipeline.java:197)
	at java.base@25.0.1/java.util.stream.ReferencePipeline$3$1.accept(ReferencePipeline.java:214)
	at java.base@25.0.1/java.util.stream.ForEachOps$ForEachOp$OfRef.accept(ForEachOps.java:186)
	at java.base@25.0.1/java.util.stream.ReferencePipeline$3$1.accept(ReferencePipeline.java:214)
	at java.base@25.0.1/java.util.stream.ReferencePipeline$3$1.accept(ReferencePipeline.java:214)
	at java.base@25.0.1/java.util.stream.ReferencePipeline$3$1.accept(ReferencePipeline.java:214)
	at java.base@25.0.1/java.util.stream.ForEachOps$ForEachOp$OfRef.accept(ForEachOps.java:186)
	at java.base@25.0.1/java.util.stream.ReferencePipeline$3$1.accept(ReferencePipeline.java:214)
	at java.base@25.0.1/java.util.ArrayList$ArrayListSpliterator.forEachRemaining(ArrayList.java:1716)
	at java.base@25.0.1/java.util.stream.ReferencePipeline$Head.forEach(ReferencePipeline.java:803)
	at java.base@25.0.1/java.util.stream.ReferencePipeline$7$1FlatMap.accept(ReferencePipeline.java:293)
	at java.base@25.0.1/java.util.stream.ReferencePipeline$3$1.accept(ReferencePipeline.java:214)
	at java.base@25.0.1/java.util.stream.ReferencePipeline$3$1.accept(ReferencePipeline.java:214)
	at java.base@25.0.1/java.util.stream.ReferencePipeline$3$1.accept(ReferencePipeline.java:214)
	at java.base@25.0.1/java.util.Spliterators$ArraySpliterator.forEachRemaining(Spliterators.java:1024)
	at java.base@25.0.1/java.util.stream.AbstractPipeline.copyInto(AbstractPipeline.java:570)
	at java.base@25.0.1/java.util.stream.AbstractPipeline.wrapAndCopyInto(AbstractPipeline.java:560)
	at java.base@25.0.1/java.util.stream.ForEachOps$ForEachOp.evaluateSequential(ForEachOps.java:153)
	at java.base@25.0.1/java.util.stream.ForEachOps$ForEachOp$OfRef.evaluateSequential(ForEachOps.java:176)
	at java.base@25.0.1/java.util.stream.AbstractPipeline.evaluate(AbstractPipeline.java:265)
	at java.base@25.0.1/java.util.stream.ReferencePipeline.forEach(ReferencePipeline.java:632)
	at java.base@25.0.1/java.util.stream.ReferencePipeline$7$1FlatMap.accept(ReferencePipeline.java:293)
	at java.base@25.0.1/java.util.stream.ReferencePipeline$3$1.accept(ReferencePipeline.java:214)
	at java.base@25.0.1/java.util.stream.ReferencePipeline$3$1.accept(ReferencePipeline.java:214)
	at java.base@25.0.1/java.util.stream.ReferencePipeline$3$1.accept(ReferencePipeline.java:214)
	at java.base@25.0.1/java.util.ArrayList$ArrayListSpliterator.forEachRemaining(ArrayList.java:1716)
	at java.base@25.0.1/java.util.stream.AbstractPipeline.copyInto(AbstractPipeline.java:570)
	at java.base@25.0.1/java.util.stream.AbstractPipeline.wrapAndCopyInto(AbstractPipeline.java:560)
	at java.base@25.0.1/java.util.stream.ForEachOps$ForEachOp.evaluateSequential(ForEachOps.java:153)
	at java.base@25.0.1/java.util.stream.ForEachOps$ForEachOp$OfRef.evaluateSequential(ForEachOps.java:176)
	at java.base@25.0.1/java.util.stream.AbstractPipeline.evaluate(AbstractPipeline.java:265)
	at java.base@25.0.1/java.util.stream.ReferencePipeline.forEach(ReferencePipeline.java:632)
	at java.base@25.0.1/java.util.stream.ReferencePipeline$7$1FlatMap.accept(ReferencePipeline.java:293)
	at java.base@25.0.1/java.util.ArrayList$ArrayListSpliterator.forEachRemaining(ArrayList.java:1716)
	at java.base@25.0.1/java.util.stream.AbstractPipeline.copyInto(AbstractPipeline.java:570)
	at java.base@25.0.1/java.util.stream.AbstractPipeline.wrapAndCopyInto(AbstractPipeline.java:560)
	at java.base@25.0.1/java.util.stream.ForEachOps$ForEachOp.evaluateSequential(ForEachOps.java:153)
	at java.base@25.0.1/java.util.stream.ForEachOps$ForEachOp$OfRef.evaluateSequential(ForEachOps.java:176)
	at java.base@25.0.1/java.util.stream.AbstractPipeline.evaluate(AbstractPipeline.java:265)
	at java.base@25.0.1/java.util.stream.ReferencePipeline.forEach(ReferencePipeline.java:632)
	at java.base@25.0.1/java.util.ArrayList.forEach(ArrayList.java:1604)
	at java.base@25.0.1/java.util.ArrayList.forEach(ArrayList.java:1604)
</failure>
  </testcase>
  <testcase name="[7] localmatrix_order" classname="org.graphiks.kanvas.skia.SkiaGmRunner" time="0.008">
    <failure message="org.graphiks.kanvas.surface.gpu.GPUPreparedSurfaceTerminalException: unsupported.material.source_unimplemented: unsupported.material.source_unimplemented" type="org.graphiks.kanvas.surface.gpu.GPUPreparedSurfaceTerminalException">org.graphiks.kanvas.surface.gpu.GPUPreparedSurfaceTerminalException: unsupported.material.source_unimplemented: unsupported.material.source_unimplemented
	at app//org.graphiks.kanvas.surface.gpu.GPUPreparedSurfaceProductEntry.render(GPUPreparedSurfaceProductEntry.kt:61)
	at app//org.graphiks.kanvas.surface.gpu.GPURendererKt.renderViaGpu(GPURenderer.kt:18)
	at app//org.graphiks.kanvas.surface.gpu.GPURendererKt.renderViaGpu$default(GPURenderer.kt:9)
	at app//org.graphiks.kanvas.surface.Surface.render(Surface.kt:57)
	at app//org.graphiks.kanvas.skia.SkiaGmRenderer.render(SkiaGmRenderer.kt:32)
	at app//org.graphiks.kanvas.skia.SkiaGmRenderer.render$default(SkiaGmRenderer.kt:17)
	at app//org.graphiks.kanvas.skia.SkiaGmRunner.render GM(SkiaGmRunner.kt:69)
	at java.base@25.0.1/java.lang.reflect.Method.invoke(Method.java:565)
	at java.base@25.0.1/java.util.stream.ForEachOps$ForEachOp$OfRef.accept(ForEachOps.java:186)
	at java.base@25.0.1/java.util.stream.ReferencePipeline$3$1.accept(ReferencePipeline.java:214)
	at java.base@25.0.1/java.util.stream.ReferencePipeline$2$1.accept(ReferencePipeline.java:197)
	at java.base@25.0.1/java.util.stream.ReferencePipeline$3$1.accept(ReferencePipeline.java:214)
	at java.base@25.0.1/java.util.stream.ForEachOps$ForEachOp$OfRef.accept(ForEachOps.java:186)
	at java.base@25.0.1/java.util.stream.ReferencePipeline$3$1.accept(ReferencePipeline.java:214)
	at java.base@25.0.1/java.util.stream.ReferencePipeline$3$1.accept(ReferencePipeline.java:214)
	at java.base@25.0.1/java.util.stream.ReferencePipeline$3$1.accept(ReferencePipeline.java:214)
	at java.base@25.0.1/java.util.stream.ForEachOps$ForEachOp$OfRef.accept(ForEachOps.java:186)
	at java.base@25.0.1/java.util.stream.ReferencePipeline$3$1.accept(ReferencePipeline.java:214)
	at java.base@25.0.1/java.util.ArrayList$ArrayListSpliterator.forEachRemaining(ArrayList.java:1716)
	at java.base@25.0.1/java.util.stream.ReferencePipeline$Head.forEach(ReferencePipeline.java:803)
	at java.base@25.0.1/java.util.stream.ReferencePipeline$7$1FlatMap.accept(ReferencePipeline.java:293)
	at java.base@25.0.1/java.util.stream.ReferencePipeline$3$1.accept(ReferencePipeline.java:214)
	at java.base@25.0.1/java.util.stream.ReferencePipeline$3$1.accept(ReferencePipeline.java:214)
	at java.base@25.0.1/java.util.stream.ReferencePipeline$3$1.accept(ReferencePipeline.java:214)
	at java.base@25.0.1/java.util.Spliterators$ArraySpliterator.forEachRemaining(Spliterators.java:1024)
	at java.base@25.0.1/java.util.stream.AbstractPipeline.copyInto(AbstractPipeline.java:570)
	at java.base@25.0.1/java.util.stream.AbstractPipeline.wrapAndCopyInto(AbstractPipeline.java:560)
	at java.base@25.0.1/java.util.stream.ForEachOps$ForEachOp.evaluateSequential(ForEachOps.java:153)
	at java.base@25.0.1/java.util.stream.ForEachOps$ForEachOp$OfRef.evaluateSequential(ForEachOps.java:176)
	at java.base@25.0.1/java.util.stream.AbstractPipeline.evaluate(AbstractPipeline.java:265)
	at java.base@25.0.1/java.util.stream.ReferencePipeline.forEach(ReferencePipeline.java:632)
	at java.base@25.0.1/java.util.stream.ReferencePipeline$7$1FlatMap.accept(ReferencePipeline.java:293)
	at java.base@25.0.1/java.util.stream.ReferencePipeline$3$1.accept(ReferencePipeline.java:214)
	at java.base@25.0.1/java.util.stream.ReferencePipeline$3$1.accept(ReferencePipeline.java:214)
	at java.base@25.0.1/java.util.stream.ReferencePipeline$3$1.accept(ReferencePipeline.java:214)
	at java.base@25.0.1/java.util.ArrayList$ArrayListSpliterator.forEachRemaining(ArrayList.java:1716)
	at java.base@25.0.1/java.util.stream.AbstractPipeline.copyInto(AbstractPipeline.java:570)
	at java.base@25.0.1/java.util.stream.AbstractPipeline.wrapAndCopyInto(AbstractPipeline.java:560)
	at java.base@25.0.1/java.util.stream.ForEachOps$ForEachOp.evaluateSequential(ForEachOps.java:153)
	at java.base@25.0.1/java.util.stream.ForEachOps$ForEachOp$OfRef.evaluateSequential(ForEachOps.java:176)
	at java.base@25.0.1/java.util.stream.AbstractPipeline.evaluate(AbstractPipeline.java:265)
	at java.base@25.0.1/java.util.stream.ReferencePipeline.forEach(ReferencePipeline.java:632)
	at java.base@25.0.1/java.util.stream.ReferencePipeline$7$1FlatMap.accept(ReferencePipeline.java:293)
	at java.base@25.0.1/java.util.ArrayList$ArrayListSpliterator.forEachRemaining(ArrayList.java:1716)
	at java.base@25.0.1/java.util.stream.AbstractPipeline.copyInto(AbstractPipeline.java:570)
	at java.base@25.0.1/java.util.stream.AbstractPipeline.wrapAndCopyInto(AbstractPipeline.java:560)
	at java.base@25.0.1/java.util.stream.ForEachOps$ForEachOp.evaluateSequential(ForEachOps.java:153)
	at java.base@25.0.1/java.util.stream.ForEachOps$ForEachOp$OfRef.evaluateSequential(ForEachOps.java:176)
	at java.base@25.0.1/java.util.stream.AbstractPipeline.evaluate(AbstractPipeline.java:265)
	at java.base@25.0.1/java.util.stream.ReferencePipeline.forEach(ReferencePipeline.java:632)
	at java.base@25.0.1/java.util.ArrayList.forEach(ArrayList.java:1604)
	at java.base@25.0.1/java.util.ArrayList.forEach(ArrayList.java:1604)
</failure>
  </testcase>
  <testcase name="[8] makecolorspace" classname="org.graphiks.kanvas.skia.SkiaGmRunner" time="0.012">
    <failure message="org.graphiks.kanvas.surface.gpu.GPUPreparedSurfaceTerminalException: unsupported.image.alpha_interpretation: Prepared Surface operation could not be lowered." type="org.graphiks.kanvas.surface.gpu.GPUPreparedSurfaceTerminalException">org.graphiks.kanvas.surface.gpu.GPUPreparedSurfaceTerminalException: unsupported.image.alpha_interpretation: Prepared Surface operation could not be lowered.
	at app//org.graphiks.kanvas.surface.gpu.GPUPreparedSurfaceProductEntry.render(GPUPreparedSurfaceProductEntry.kt:61)
	at app//org.graphiks.kanvas.surface.gpu.GPURendererKt.renderViaGpu(GPURenderer.kt:18)
	at app//org.graphiks.kanvas.surface.gpu.GPURendererKt.renderViaGpu$default(GPURenderer.kt:9)
	at app//org.graphiks.kanvas.surface.Surface.render(Surface.kt:57)
	at app//org.graphiks.kanvas.skia.SkiaGmRenderer.render(SkiaGmRenderer.kt:32)
	at app//org.graphiks.kanvas.skia.SkiaGmRenderer.render$default(SkiaGmRenderer.kt:17)
	at app//org.graphiks.kanvas.skia.SkiaGmRunner.render GM(SkiaGmRunner.kt:69)
	at java.base@25.0.1/java.lang.reflect.Method.invoke(Method.java:565)
	at java.base@25.0.1/java.util.stream.ForEachOps$ForEachOp$OfRef.accept(ForEachOps.java:186)
	at java.base@25.0.1/java.util.stream.ReferencePipeline$3$1.accept(ReferencePipeline.java:214)
	at java.base@25.0.1/java.util.stream.ReferencePipeline$2$1.accept(ReferencePipeline.java:197)
	at java.base@25.0.1/java.util.stream.ReferencePipeline$3$1.accept(ReferencePipeline.java:214)
	at java.base@25.0.1/java.util.stream.ForEachOps$ForEachOp$OfRef.accept(ForEachOps.java:186)
	at java.base@25.0.1/java.util.stream.ReferencePipeline$3$1.accept(ReferencePipeline.java:214)
	at java.base@25.0.1/java.util.stream.ReferencePipeline$3$1.accept(ReferencePipeline.java:214)
	at java.base@25.0.1/java.util.stream.ReferencePipeline$3$1.accept(ReferencePipeline.java:214)
	at java.base@25.0.1/java.util.stream.ForEachOps$ForEachOp$OfRef.accept(ForEachOps.java:186)
	at java.base@25.0.1/java.util.stream.ReferencePipeline$3$1.accept(ReferencePipeline.java:214)
	at java.base@25.0.1/java.util.ArrayList$ArrayListSpliterator.forEachRemaining(ArrayList.java:1716)
	at java.base@25.0.1/java.util.stream.ReferencePipeline$Head.forEach(ReferencePipeline.java:803)
	at java.base@25.0.1/java.util.stream.ReferencePipeline$7$1FlatMap.accept(ReferencePipeline.java:293)
	at java.base@25.0.1/java.util.stream.ReferencePipeline$3$1.accept(ReferencePipeline.java:214)
	at java.base@25.0.1/java.util.stream.ReferencePipeline$3$1.accept(ReferencePipeline.java:214)
	at java.base@25.0.1/java.util.stream.ReferencePipeline$3$1.accept(ReferencePipeline.java:214)
	at java.base@25.0.1/java.util.Spliterators$ArraySpliterator.forEachRemaining(Spliterators.java:1024)
	at java.base@25.0.1/java.util.stream.AbstractPipeline.copyInto(AbstractPipeline.java:570)
	at java.base@25.0.1/java.util.stream.AbstractPipeline.wrapAndCopyInto(AbstractPipeline.java:560)
	at java.base@25.0.1/java.util.stream.ForEachOps$ForEachOp.evaluateSequential(ForEachOps.java:153)
	at java.base@25.0.1/java.util.stream.ForEachOps$ForEachOp$OfRef.evaluateSequential(ForEachOps.java:176)
	at java.base@25.0.1/java.util.stream.AbstractPipeline.evaluate(AbstractPipeline.java:265)
	at java.base@25.0.1/java.util.stream.ReferencePipeline.forEach(ReferencePipeline.java:632)
	at java.base@25.0.1/java.util.stream.ReferencePipeline$7$1FlatMap.accept(ReferencePipeline.java:293)
	at java.base@25.0.1/java.util.stream.ReferencePipeline$3$1.accept(ReferencePipeline.java:214)
	at java.base@25.0.1/java.util.stream.ReferencePipeline$3$1.accept(ReferencePipeline.java:214)
	at java.base@25.0.1/java.util.stream.ReferencePipeline$3$1.accept(ReferencePipeline.java:214)
	at java.base@25.0.1/java.util.ArrayList$ArrayListSpliterator.forEachRemaining(ArrayList.java:1716)
	at java.base@25.0.1/java.util.stream.AbstractPipeline.copyInto(AbstractPipeline.java:570)
	at java.base@25.0.1/java.util.stream.AbstractPipeline.wrapAndCopyInto(AbstractPipeline.java:560)
	at java.base@25.0.1/java.util.stream.ForEachOps$ForEachOp.evaluateSequential(ForEachOps.java:153)
	at java.base@25.0.1/java.util.stream.ForEachOps$ForEachOp$OfRef.evaluateSequential(ForEachOps.java:176)
	at java.base@25.0.1/java.util.stream.AbstractPipeline.evaluate(AbstractPipeline.java:265)
	at java.base@25.0.1/java.util.stream.ReferencePipeline.forEach(ReferencePipeline.java:632)
	at java.base@25.0.1/java.util.stream.ReferencePipeline$7$1FlatMap.accept(ReferencePipeline.java:293)
	at java.base@25.0.1/java.util.ArrayList$ArrayListSpliterator.forEachRemaining(ArrayList.java:1716)
	at java.base@25.0.1/java.util.stream.AbstractPipeline.copyInto(AbstractPipeline.java:570)
	at java.base@25.0.1/java.util.stream.AbstractPipeline.wrapAndCopyInto(AbstractPipeline.java:560)
	at java.base@25.0.1/java.util.stream.ForEachOps$ForEachOp.evaluateSequential(ForEachOps.java:153)
	at java.base@25.0.1/java.util.stream.ForEachOps$ForEachOp$OfRef.evaluateSequential(ForEachOps.java:176)
	at java.base@25.0.1/java.util.stream.AbstractPipeline.evaluate(AbstractPipeline.java:265)
	at java.base@25.0.1/java.util.stream.ReferencePipeline.forEach(ReferencePipeline.java:632)
	at java.base@25.0.1/java.util.ArrayList.forEach(ArrayList.java:1604)
	at java.base@25.0.1/java.util.ArrayList.forEach(ArrayList.java:1604)
</failure>
  </testcase>
  <testcase name="[9] makecolortypeandspace" classname="org.graphiks.kanvas.skia.SkiaGmRunner" time="0.279"/>
  <testcase name="[10] makeRasterImage" classname="org.graphiks.kanvas.skia.SkiaGmRunner" time="0.002">
    <failure message="org.graphiks.kanvas.surface.gpu.GPUPreparedSurfaceTerminalException: unsupported.image.alpha_interpretation: Prepared Surface operation could not be lowered." type="org.graphiks.kanvas.surface.gpu.GPUPreparedSurfaceTerminalException">org.graphiks.kanvas.surface.gpu.GPUPreparedSurfaceTerminalException: unsupported.image.alpha_interpretation: Prepared Surface operation could not be lowered.
	at app//org.graphiks.kanvas.surface.gpu.GPUPreparedSurfaceProductEntry.render(GPUPreparedSurfaceProductEntry.kt:61)
	at app//org.graphiks.kanvas.surface.gpu.GPURendererKt.renderViaGpu(GPURenderer.kt:18)
	at app//org.graphiks.kanvas.surface.gpu.GPURendererKt.renderViaGpu$default(GPURenderer.kt:9)
	at app//org.graphiks.kanvas.surface.Surface.render(Surface.kt:57)
	at app//org.graphiks.kanvas.skia.SkiaGmRenderer.render(SkiaGmRenderer.kt:32)
	at app//org.graphiks.kanvas.skia.SkiaGmRenderer.render$default(SkiaGmRenderer.kt:17)
	at app//org.graphiks.kanvas.skia.SkiaGmRunner.render GM(SkiaGmRunner.kt:69)
	at java.base@25.0.1/java.lang.reflect.Method.invoke(Method.java:565)
	at java.base@25.0.1/java.util.stream.ForEachOps$ForEachOp$OfRef.accept(ForEachOps.java:186)
	at java.base@25.0.1/java.util.stream.ReferencePipeline$3$1.accept(ReferencePipeline.java:214)
	at java.base@25.0.1/java.util.stream.ReferencePipeline$2$1.accept(ReferencePipeline.java:197)
	at java.base@25.0.1/java.util.stream.ReferencePipeline$3$1.accept(ReferencePipeline.java:214)
	at java.base@25.0.1/java.util.stream.ForEachOps$ForEachOp$OfRef.accept(ForEachOps.java:186)
	at java.base@25.0.1/java.util.stream.ReferencePipeline$3$1.accept(ReferencePipeline.java:214)
	at java.base@25.0.1/java.util.stream.ReferencePipeline$3$1.accept(ReferencePipeline.java:214)
	at java.base@25.0.1/java.util.stream.ReferencePipeline$3$1.accept(ReferencePipeline.java:214)
	at java.base@25.0.1/java.util.stream.ForEachOps$ForEachOp$OfRef.accept(ForEachOps.java:186)
	at java.base@25.0.1/java.util.stream.ReferencePipeline$3$1.accept(ReferencePipeline.java:214)
	at java.base@25.0.1/java.util.ArrayList$ArrayListSpliterator.forEachRemaining(ArrayList.java:1716)
	at java.base@25.0.1/java.util.stream.ReferencePipeline$Head.forEach(ReferencePipeline.java:803)
	at java.base@25.0.1/java.util.stream.ReferencePipeline$7$1FlatMap.accept(ReferencePipeline.java:293)
	at java.base@25.0.1/java.util.stream.ReferencePipeline$3$1.accept(ReferencePipeline.java:214)
	at java.base@25.0.1/java.util.stream.ReferencePipeline$3$1.accept(ReferencePipeline.java:214)
	at java.base@25.0.1/java.util.stream.ReferencePipeline$3$1.accept(ReferencePipeline.java:214)
	at java.base@25.0.1/java.util.Spliterators$ArraySpliterator.forEachRemaining(Spliterators.java:1024)
	at java.base@25.0.1/java.util.stream.AbstractPipeline.copyInto(AbstractPipeline.java:570)
	at java.base@25.0.1/java.util.stream.AbstractPipeline.wrapAndCopyInto(AbstractPipeline.java:560)
	at java.base@25.0.1/java.util.stream.ForEachOps$ForEachOp.evaluateSequential(ForEachOps.java:153)
	at java.base@25.0.1/java.util.stream.ForEachOps$ForEachOp$OfRef.evaluateSequential(ForEachOps.java:176)
	at java.base@25.0.1/java.util.stream.AbstractPipeline.evaluate(AbstractPipeline.java:265)
	at java.base@25.0.1/java.util.stream.ReferencePipeline.forEach(ReferencePipeline.java:632)
	at java.base@25.0.1/java.util.stream.ReferencePipeline$7$1FlatMap.accept(ReferencePipeline.java:293)
	at java.base@25.0.1/java.util.stream.ReferencePipeline$3$1.accept(ReferencePipeline.java:214)
	at java.base@25.0.1/java.util.stream.ReferencePipeline$3$1.accept(ReferencePipeline.java:214)
	at java.base@25.0.1/java.util.stream.ReferencePipeline$3$1.accept(ReferencePipeline.java:214)
	at java.base@25.0.1/java.util.ArrayList$ArrayListSpliterator.forEachRemaining(ArrayList.java:1716)
	at java.base@25.0.1/java.util.stream.AbstractPipeline.copyInto(AbstractPipeline.java:570)
	at java.base@25.0.1/java.util.stream.AbstractPipeline.wrapAndCopyInto(AbstractPipeline.java:560)
	at java.base@25.0.1/java.util.stream.ForEachOps$ForEachOp.evaluateSequential(ForEachOps.java:153)
	at java.base@25.0.1/java.util.stream.ForEachOps$ForEachOp$OfRef.evaluateSequential(ForEachOps.java:176)
	at java.base@25.0.1/java.util.stream.AbstractPipeline.evaluate(AbstractPipeline.java:265)
	at java.base@25.0.1/java.util.stream.ReferencePipeline.forEach(ReferencePipeline.java:632)
	at java.base@25.0.1/java.util.stream.ReferencePipeline$7$1FlatMap.accept(ReferencePipeline.java:293)
	at java.base@25.0.1/java.util.ArrayList$ArrayListSpliterator.forEachRemaining(ArrayList.java:1716)
	at java.base@25.0.1/java.util.stream.AbstractPipeline.copyInto(AbstractPipeline.java:570)
	at java.base@25.0.1/java.util.stream.AbstractPipeline.wrapAndCopyInto(AbstractPipeline.java:560)
	at java.base@25.0.1/java.util.stream.ForEachOps$ForEachOp.evaluateSequential(ForEachOps.java:153)
	at java.base@25.0.1/java.util.stream.ForEachOps$ForEachOp$OfRef.evaluateSequential(ForEachOps.java:176)
	at java.base@25.0.1/java.util.stream.AbstractPipeline.evaluate(AbstractPipeline.java:265)
	at java.base@25.0.1/java.util.stream.ReferencePipeline.forEach(ReferencePipeline.java:632)
	at java.base@25.0.1/java.util.ArrayList.forEach(ArrayList.java:1604)
	at java.base@25.0.1/java.util.ArrayList.forEach(ArrayList.java:1604)
</failure>
  </testcase>
  <testcase name="[11] mipmap_gray8_srgb" classname="org.graphiks.kanvas.skia.SkiaGmRunner" time="0.002">
    <failure message="org.graphiks.kanvas.surface.gpu.GPUPreparedSurfaceTerminalException: unsupported.image.pixel.format: Prepared Surface operation could not be lowered." type="org.graphiks.kanvas.surface.gpu.GPUPreparedSurfaceTerminalException">org.graphiks.kanvas.surface.gpu.GPUPreparedSurfaceTerminalException: unsupported.image.pixel.format: Prepared Surface operation could not be lowered.
	at app//org.graphiks.kanvas.surface.gpu.GPUPreparedSurfaceProductEntry.render(GPUPreparedSurfaceProductEntry.kt:61)
	at app//org.graphiks.kanvas.surface.gpu.GPURendererKt.renderViaGpu(GPURenderer.kt:18)
	at app//org.graphiks.kanvas.surface.gpu.GPURendererKt.renderViaGpu$default(GPURenderer.kt:9)
	at app//org.graphiks.kanvas.surface.Surface.render(Surface.kt:57)
	at app//org.graphiks.kanvas.skia.SkiaGmRenderer.render(SkiaGmRenderer.kt:32)
	at app//org.graphiks.kanvas.skia.SkiaGmRenderer.render$default(SkiaGmRenderer.kt:17)
	at app//org.graphiks.kanvas.skia.SkiaGmRunner.render GM(SkiaGmRunner.kt:69)
	at java.base@25.0.1/java.lang.reflect.Method.invoke(Method.java:565)
	at java.base@25.0.1/java.util.stream.ForEachOps$ForEachOp$OfRef.accept(ForEachOps.java:186)
	at java.base@25.0.1/java.util.stream.ReferencePipeline$3$1.accept(ReferencePipeline.java:214)
	at java.base@25.0.1/java.util.stream.ReferencePipeline$2$1.accept(ReferencePipeline.java:197)
	at java.base@25.0.1/java.util.stream.ReferencePipeline$3$1.accept(ReferencePipeline.java:214)
	at java.base@25.0.1/java.util.stream.ForEachOps$ForEachOp$OfRef.accept(ForEachOps.java:186)
	at java.base@25.0.1/java.util.stream.ReferencePipeline$3$1.accept(ReferencePipeline.java:214)
	at java.base@25.0.1/java.util.stream.ReferencePipeline$3$1.accept(ReferencePipeline.java:214)
	at java.base@25.0.1/java.util.stream.ReferencePipeline$3$1.accept(ReferencePipeline.java:214)
	at java.base@25.0.1/java.util.stream.ForEachOps$ForEachOp$OfRef.accept(ForEachOps.java:186)
	at java.base@25.0.1/java.util.stream.ReferencePipeline$3$1.accept(ReferencePipeline.java:214)
	at java.base@25.0.1/java.util.ArrayList$ArrayListSpliterator.forEachRemaining(ArrayList.java:1716)
	at java.base@25.0.1/java.util.stream.ReferencePipeline$Head.forEach(ReferencePipeline.java:803)
	at java.base@25.0.1/java.util.stream.ReferencePipeline$7$1FlatMap.accept(ReferencePipeline.java:293)
	at java.base@25.0.1/java.util.stream.ReferencePipeline$3$1.accept(ReferencePipeline.java:214)
	at java.base@25.0.1/java.util.stream.ReferencePipeline$3$1.accept(ReferencePipeline.java:214)
	at java.base@25.0.1/java.util.stream.ReferencePipeline$3$1.accept(ReferencePipeline.java:214)
	at java.base@25.0.1/java.util.Spliterators$ArraySpliterator.forEachRemaining(Spliterators.java:1024)
	at java.base@25.0.1/java.util.stream.AbstractPipeline.copyInto(AbstractPipeline.java:570)
	at java.base@25.0.1/java.util.stream.AbstractPipeline.wrapAndCopyInto(AbstractPipeline.java:560)
	at java.base@25.0.1/java.util.stream.ForEachOps$ForEachOp.evaluateSequential(ForEachOps.java:153)
	at java.base@25.0.1/java.util.stream.ForEachOps$ForEachOp$OfRef.evaluateSequential(ForEachOps.java:176)
	at java.base@25.0.1/java.util.stream.AbstractPipeline.evaluate(AbstractPipeline.java:265)
	at java.base@25.0.1/java.util.stream.ReferencePipeline.forEach(ReferencePipeline.java:632)
	at java.base@25.0.1/java.util.stream.ReferencePipeline$7$1FlatMap.accept(ReferencePipeline.java:293)
	at java.base@25.0.1/java.util.stream.ReferencePipeline$3$1.accept(ReferencePipeline.java:214)
	at java.base@25.0.1/java.util.stream.ReferencePipeline$3$1.accept(ReferencePipeline.java:214)
	at java.base@25.0.1/java.util.stream.ReferencePipeline$3$1.accept(ReferencePipeline.java:214)
	at java.base@25.0.1/java.util.ArrayList$ArrayListSpliterator.forEachRemaining(ArrayList.java:1716)
	at java.base@25.0.1/java.util.stream.AbstractPipeline.copyInto(AbstractPipeline.java:570)
	at java.base@25.0.1/java.util.stream.AbstractPipeline.wrapAndCopyInto(AbstractPipeline.java:560)
	at java.base@25.0.1/java.util.stream.ForEachOps$ForEachOp.evaluateSequential(ForEachOps.java:153)
	at java.base@25.0.1/java.util.stream.ForEachOps$ForEachOp$OfRef.evaluateSequential(ForEachOps.java:176)
	at java.base@25.0.1/java.util.stream.AbstractPipeline.evaluate(AbstractPipeline.java:265)
	at java.base@25.0.1/java.util.stream.ReferencePipeline.forEach(ReferencePipeline.java:632)
	at java.base@25.0.1/java.util.stream.ReferencePipeline$7$1FlatMap.accept(ReferencePipeline.java:293)
	at java.base@25.0.1/java.util.ArrayList$ArrayListSpliterator.forEachRemaining(ArrayList.java:1716)
	at java.base@25.0.1/java.util.stream.AbstractPipeline.copyInto(AbstractPipeline.java:570)
	at java.base@25.0.1/java.util.stream.AbstractPipeline.wrapAndCopyInto(AbstractPipeline.java:560)
	at java.base@25.0.1/java.util.stream.ForEachOps$ForEachOp.evaluateSequential(ForEachOps.java:153)
	at java.base@25.0.1/java.util.stream.ForEachOps$ForEachOp$OfRef.evaluateSequential(ForEachOps.java:176)
	at java.base@25.0.1/java.util.stream.AbstractPipeline.evaluate(AbstractPipeline.java:265)
	at java.base@25.0.1/java.util.stream.ReferencePipeline.forEach(ReferencePipeline.java:632)
	at java.base@25.0.1/java.util.ArrayList.forEach(ArrayList.java:1604)
	at java.base@25.0.1/java.util.ArrayList.forEach(ArrayList.java:1604)
</failure>
  </testcase>
  <testcase name="[12] mipmap_srgb" classname="org.graphiks.kanvas.skia.SkiaGmRunner" time="0.002">
    <failure message="org.graphiks.kanvas.surface.gpu.GPUPreparedSurfaceTerminalException: unsupported.image.alpha_interpretation: Prepared Surface operation could not be lowered." type="org.graphiks.kanvas.surface.gpu.GPUPreparedSurfaceTerminalException">org.graphiks.kanvas.surface.gpu.GPUPreparedSurfaceTerminalException: unsupported.image.alpha_interpretation: Prepared Surface operation could not be lowered.
	at app//org.graphiks.kanvas.surface.gpu.GPUPreparedSurfaceProductEntry.render(GPUPreparedSurfaceProductEntry.kt:61)
	at app//org.graphiks.kanvas.surface.gpu.GPURendererKt.renderViaGpu(GPURenderer.kt:18)
	at app//org.graphiks.kanvas.surface.gpu.GPURendererKt.renderViaGpu$default(GPURenderer.kt:9)
	at app//org.graphiks.kanvas.surface.Surface.render(Surface.kt:57)
	at app//org.graphiks.kanvas.skia.SkiaGmRenderer.render(SkiaGmRenderer.kt:32)
	at app//org.graphiks.kanvas.skia.SkiaGmRenderer.render$default(SkiaGmRenderer.kt:17)
	at app//org.graphiks.kanvas.skia.SkiaGmRunner.render GM(SkiaGmRunner.kt:69)
	at java.base@25.0.1/java.lang.reflect.Method.invoke(Method.java:565)
	at java.base@25.0.1/java.util.stream.ForEachOps$ForEachOp$OfRef.accept(ForEachOps.java:186)
	at java.base@25.0.1/java.util.stream.ReferencePipeline$3$1.accept(ReferencePipeline.java:214)
	at java.base@25.0.1/java.util.stream.ReferencePipeline$2$1.accept(ReferencePipeline.java:197)
	at java.base@25.0.1/java.util.stream.ReferencePipeline$3$1.accept(ReferencePipeline.java:214)
	at java.base@25.0.1/java.util.stream.ForEachOps$ForEachOp$OfRef.accept(ForEachOps.java:186)
	at java.base@25.0.1/java.util.stream.ReferencePipeline$3$1.accept(ReferencePipeline.java:214)
	at java.base@25.0.1/java.util.stream.ReferencePipeline$3$1.accept(ReferencePipeline.java:214)
	at java.base@25.0.1/java.util.stream.ReferencePipeline$3$1.accept(ReferencePipeline.java:214)
	at java.base@25.0.1/java.util.stream.ForEachOps$ForEachOp$OfRef.accept(ForEachOps.java:186)
	at java.base@25.0.1/java.util.stream.ReferencePipeline$3$1.accept(ReferencePipeline.java:214)
	at java.base@25.0.1/java.util.ArrayList$ArrayListSpliterator.forEachRemaining(ArrayList.java:1716)
	at java.base@25.0.1/java.util.stream.ReferencePipeline$Head.forEach(ReferencePipeline.java:803)
	at java.base@25.0.1/java.util.stream.ReferencePipeline$7$1FlatMap.accept(ReferencePipeline.java:293)
	at java.base@25.0.1/java.util.stream.ReferencePipeline$3$1.accept(ReferencePipeline.java:214)
	at java.base@25.0.1/java.util.stream.ReferencePipeline$3$1.accept(ReferencePipeline.java:214)
	at java.base@25.0.1/java.util.stream.ReferencePipeline$3$1.accept(ReferencePipeline.java:214)
	at java.base@25.0.1/java.util.Spliterators$ArraySpliterator.forEachRemaining(Spliterators.java:1024)
	at java.base@25.0.1/java.util.stream.AbstractPipeline.copyInto(AbstractPipeline.java:570)
	at java.base@25.0.1/java.util.stream.AbstractPipeline.wrapAndCopyInto(AbstractPipeline.java:560)
	at java.base@25.0.1/java.util.stream.ForEachOps$ForEachOp.evaluateSequential(ForEachOps.java:153)
	at java.base@25.0.1/java.util.stream.ForEachOps$ForEachOp$OfRef.evaluateSequential(ForEachOps.java:176)
	at java.base@25.0.1/java.util.stream.AbstractPipeline.evaluate(AbstractPipeline.java:265)
	at java.base@25.0.1/java.util.stream.ReferencePipeline.forEach(ReferencePipeline.java:632)
	at java.base@25.0.1/java.util.stream.ReferencePipeline$7$1FlatMap.accept(ReferencePipeline.java:293)
	at java.base@25.0.1/java.util.stream.ReferencePipeline$3$1.accept(ReferencePipeline.java:214)
	at java.base@25.0.1/java.util.stream.ReferencePipeline$3$1.accept(ReferencePipeline.java:214)
	at java.base@25.0.1/java.util.stream.ReferencePipeline$3$1.accept(ReferencePipeline.java:214)
	at java.base@25.0.1/java.util.ArrayList$ArrayListSpliterator.forEachRemaining(ArrayList.java:1716)
	at java.base@25.0.1/java.util.stream.AbstractPipeline.copyInto(AbstractPipeline.java:570)
	at java.base@25.0.1/java.util.stream.AbstractPipeline.wrapAndCopyInto(AbstractPipeline.java:560)
	at java.base@25.0.1/java.util.stream.ForEachOps$ForEachOp.evaluateSequential(ForEachOps.java:153)
	at java.base@25.0.1/java.util.stream.ForEachOps$ForEachOp$OfRef.evaluateSequential(ForEachOps.java:176)
	at java.base@25.0.1/java.util.stream.AbstractPipeline.evaluate(AbstractPipeline.java:265)
	at java.base@25.0.1/java.util.stream.ReferencePipeline.forEach(ReferencePipeline.java:632)
	at java.base@25.0.1/java.util.stream.ReferencePipeline$7$1FlatMap.accept(ReferencePipeline.java:293)
	at java.base@25.0.1/java.util.ArrayList$ArrayListSpliterator.forEachRemaining(ArrayList.java:1716)
	at java.base@25.0.1/java.util.stream.AbstractPipeline.copyInto(AbstractPipeline.java:570)
	at java.base@25.0.1/java.util.stream.AbstractPipeline.wrapAndCopyInto(AbstractPipeline.java:560)
	at java.base@25.0.1/java.util.stream.ForEachOps$ForEachOp.evaluateSequential(ForEachOps.java:153)
	at java.base@25.0.1/java.util.stream.ForEachOps$ForEachOp$OfRef.evaluateSequential(ForEachOps.java:176)
	at java.base@25.0.1/java.util.stream.AbstractPipeline.evaluate(AbstractPipeline.java:265)
	at java.base@25.0.1/java.util.stream.ReferencePipeline.forEach(ReferencePipeline.java:632)
	at java.base@25.0.1/java.util.ArrayList.forEach(ArrayList.java:1604)
	at java.base@25.0.1/java.util.ArrayList.forEach(ArrayList.java:1604)
</failure>
  </testcase>
  <testcase name="[13] mirror_tile" classname="org.graphiks.kanvas.skia.SkiaGmRunner" time="0.003">
    <failure message="org.graphiks.kanvas.surface.gpu.GPUPreparedSurfaceTerminalException: unsupported.transform.affine_material: unsupported.transform.affine_material" type="org.graphiks.kanvas.surface.gpu.GPUPreparedSurfaceTerminalException">org.graphiks.kanvas.surface.gpu.GPUPreparedSurfaceTerminalException: unsupported.transform.affine_material: unsupported.transform.affine_material
	at app//org.graphiks.kanvas.surface.gpu.GPUPreparedSurfaceProductEntry.render(GPUPreparedSurfaceProductEntry.kt:61)
	at app//org.graphiks.kanvas.surface.gpu.GPURendererKt.renderViaGpu(GPURenderer.kt:18)
	at app//org.graphiks.kanvas.surface.gpu.GPURendererKt.renderViaGpu$default(GPURenderer.kt:9)
	at app//org.graphiks.kanvas.surface.Surface.render(Surface.kt:57)
	at app//org.graphiks.kanvas.surface.Surface.makeImageSnapshot(Surface.kt:66)
	at app//org.graphiks.kanvas.skia.gm.image.MirrorTileGm.draw(MirrorTileGm.kt:80)
	at app//org.graphiks.kanvas.skia.SkiaGmRenderer.render(SkiaGmRenderer.kt:31)
	at app//org.graphiks.kanvas.skia.SkiaGmRenderer.render$default(SkiaGmRenderer.kt:17)
	at app//org.graphiks.kanvas.skia.SkiaGmRunner.render GM(SkiaGmRunner.kt:69)
	at java.base@25.0.1/java.lang.reflect.Method.invoke(Method.java:565)
	at java.base@25.0.1/java.util.stream.ForEachOps$ForEachOp$OfRef.accept(ForEachOps.java:186)
	at java.base@25.0.1/java.util.stream.ReferencePipeline$3$1.accept(ReferencePipeline.java:214)
	at java.base@25.0.1/java.util.stream.ReferencePipeline$2$1.accept(ReferencePipeline.java:197)
	at java.base@25.0.1/java.util.stream.ReferencePipeline$3$1.accept(ReferencePipeline.java:214)
	at java.base@25.0.1/java.util.stream.ForEachOps$ForEachOp$OfRef.accept(ForEachOps.java:186)
	at java.base@25.0.1/java.util.stream.ReferencePipeline$3$1.accept(ReferencePipeline.java:214)
	at java.base@25.0.1/java.util.stream.ReferencePipeline$3$1.accept(ReferencePipeline.java:214)
	at java.base@25.0.1/java.util.stream.ReferencePipeline$3$1.accept(ReferencePipeline.java:214)
	at java.base@25.0.1/java.util.stream.ForEachOps$ForEachOp$OfRef.accept(ForEachOps.java:186)
	at java.base@25.0.1/java.util.stream.ReferencePipeline$3$1.accept(ReferencePipeline.java:214)
	at java.base@25.0.1/java.util.ArrayList$ArrayListSpliterator.forEachRemaining(ArrayList.java:1716)
	at java.base@25.0.1/java.util.stream.ReferencePipeline$Head.forEach(ReferencePipeline.java:803)
	at java.base@25.0.1/java.util.stream.ReferencePipeline$7$1FlatMap.accept(ReferencePipeline.java:293)
	at java.base@25.0.1/java.util.stream.ReferencePipeline$3$1.accept(ReferencePipeline.java:214)
	at java.base@25.0.1/java.util.stream.ReferencePipeline$3$1.accept(ReferencePipeline.java:214)
	at java.base@25.0.1/java.util.stream.ReferencePipeline$3$1.accept(ReferencePipeline.java:214)
	at java.base@25.0.1/java.util.Spliterators$ArraySpliterator.forEachRemaining(Spliterators.java:1024)
	at java.base@25.0.1/java.util.stream.AbstractPipeline.copyInto(AbstractPipeline.java:570)
	at java.base@25.0.1/java.util.stream.AbstractPipeline.wrapAndCopyInto(AbstractPipeline.java:560)
	at java.base@25.0.1/java.util.stream.ForEachOps$ForEachOp.evaluateSequential(ForEachOps.java:153)
	at java.base@25.0.1/java.util.stream.ForEachOps$ForEachOp$OfRef.evaluateSequential(ForEachOps.java:176)
	at java.base@25.0.1/java.util.stream.AbstractPipeline.evaluate(AbstractPipeline.java:265)
	at java.base@25.0.1/java.util.stream.ReferencePipeline.forEach(ReferencePipeline.java:632)
	at java.base@25.0.1/java.util.stream.ReferencePipeline$7$1FlatMap.accept(ReferencePipeline.java:293)
	at java.base@25.0.1/java.util.stream.ReferencePipeline$3$1.accept(ReferencePipeline.java:214)
	at java.base@25.0.1/java.util.stream.ReferencePipeline$3$1.accept(ReferencePipeline.java:214)
	at java.base@25.0.1/java.util.stream.ReferencePipeline$3$1.accept(ReferencePipeline.java:214)
	at java.base@25.0.1/java.util.ArrayList$ArrayListSpliterator.forEachRemaining(ArrayList.java:1716)
	at java.base@25.0.1/java.util.stream.AbstractPipeline.copyInto(AbstractPipeline.java:570)
	at java.base@25.0.1/java.util.stream.AbstractPipeline.wrapAndCopyInto(AbstractPipeline.java:560)
	at java.base@25.0.1/java.util.stream.ForEachOps$ForEachOp.evaluateSequential(ForEachOps.java:153)
	at java.base@25.0.1/java.util.stream.ForEachOps$ForEachOp$OfRef.evaluateSequential(ForEachOps.java:176)
	at java.base@25.0.1/java.util.stream.AbstractPipeline.evaluate(AbstractPipeline.java:265)
	at java.base@25.0.1/java.util.stream.ReferencePipeline.forEach(ReferencePipeline.java:632)
	at java.base@25.0.1/java.util.stream.ReferencePipeline$7$1FlatMap.accept(ReferencePipeline.java:293)
	at java.base@25.0.1/java.util.ArrayList$ArrayListSpliterator.forEachRemaining(ArrayList.java:1716)
	at java.base@25.0.1/java.util.stream.AbstractPipeline.copyInto(AbstractPipeline.java:570)
	at java.base@25.0.1/java.util.stream.AbstractPipeline.wrapAndCopyInto(AbstractPipeline.java:560)
	at java.base@25.0.1/java.util.stream.ForEachOps$ForEachOp.evaluateSequential(ForEachOps.java:153)
	at java.base@25.0.1/java.util.stream.ForEachOps$ForEachOp$OfRef.evaluateSequential(ForEachOps.java:176)
	at java.base@25.0.1/java.util.stream.AbstractPipeline.evaluate(AbstractPipeline.java:265)
	at java.base@25.0.1/java.util.stream.ReferencePipeline.forEach(ReferencePipeline.java:632)
	at java.base@25.0.1/java.util.ArrayList.forEach(ArrayList.java:1604)
	at java.base@25.0.1/java.util.ArrayList.forEach(ArrayList.java:1604)
</failure>
  </testcase>
  <testcase name="[14] nearest_half_pixel_image" classname="org.graphiks.kanvas.skia.SkiaGmRunner" time="0.002">
    <failure message="org.graphiks.kanvas.surface.gpu.GPUPreparedSurfaceTerminalException: unsupported.image.alpha_interpretation: Prepared Surface operation could not be lowered." type="org.graphiks.kanvas.surface.gpu.GPUPreparedSurfaceTerminalException">org.graphiks.kanvas.surface.gpu.GPUPreparedSurfaceTerminalException: unsupported.image.alpha_interpretation: Prepared Surface operation could not be lowered.
	at app//org.graphiks.kanvas.surface.gpu.GPUPreparedSurfaceProductEntry.render(GPUPreparedSurfaceProductEntry.kt:61)
	at app//org.graphiks.kanvas.surface.gpu.GPURendererKt.renderViaGpu(GPURenderer.kt:18)
	at app//org.graphiks.kanvas.surface.gpu.GPURendererKt.renderViaGpu$default(GPURenderer.kt:9)
	at app//org.graphiks.kanvas.surface.Surface.render(Surface.kt:57)
	at app//org.graphiks.kanvas.surface.Surface.makeImageSnapshot(Surface.kt:66)
	at app//org.graphiks.kanvas.skia.gm.image.NearestHalfPixelImageGm.draw(NearestHalfPixelImageGm.kt:63)
	at app//org.graphiks.kanvas.skia.SkiaGmRenderer.render(SkiaGmRenderer.kt:31)
	at app//org.graphiks.kanvas.skia.SkiaGmRenderer.render$default(SkiaGmRenderer.kt:17)
	at app//org.graphiks.kanvas.skia.SkiaGmRunner.render GM(SkiaGmRunner.kt:69)
	at java.base@25.0.1/java.lang.reflect.Method.invoke(Method.java:565)
	at java.base@25.0.1/java.util.stream.ForEachOps$ForEachOp$OfRef.accept(ForEachOps.java:186)
	at java.base@25.0.1/java.util.stream.ReferencePipeline$3$1.accept(ReferencePipeline.java:214)
	at java.base@25.0.1/java.util.stream.ReferencePipeline$2$1.accept(ReferencePipeline.java:197)
	at java.base@25.0.1/java.util.stream.ReferencePipeline$3$1.accept(ReferencePipeline.java:214)
	at java.base@25.0.1/java.util.stream.ForEachOps$ForEachOp$OfRef.accept(ForEachOps.java:186)
	at java.base@25.0.1/java.util.stream.ReferencePipeline$3$1.accept(ReferencePipeline.java:214)
	at java.base@25.0.1/java.util.stream.ReferencePipeline$3$1.accept(ReferencePipeline.java:214)
	at java.base@25.0.1/java.util.stream.ReferencePipeline$3$1.accept(ReferencePipeline.java:214)
	at java.base@25.0.1/java.util.stream.ForEachOps$ForEachOp$OfRef.accept(ForEachOps.java:186)
	at java.base@25.0.1/java.util.stream.ReferencePipeline$3$1.accept(ReferencePipeline.java:214)
	at java.base@25.0.1/java.util.ArrayList$ArrayListSpliterator.forEachRemaining(ArrayList.java:1716)
	at java.base@25.0.1/java.util.stream.ReferencePipeline$Head.forEach(ReferencePipeline.java:803)
	at java.base@25.0.1/java.util.stream.ReferencePipeline$7$1FlatMap.accept(ReferencePipeline.java:293)
	at java.base@25.0.1/java.util.stream.ReferencePipeline$3$1.accept(ReferencePipeline.java:214)
	at java.base@25.0.1/java.util.stream.ReferencePipeline$3$1.accept(ReferencePipeline.java:214)
	at java.base@25.0.1/java.util.stream.ReferencePipeline$3$1.accept(ReferencePipeline.java:214)
	at java.base@25.0.1/java.util.Spliterators$ArraySpliterator.forEachRemaining(Spliterators.java:1024)
	at java.base@25.0.1/java.util.stream.AbstractPipeline.copyInto(AbstractPipeline.java:570)
	at java.base@25.0.1/java.util.stream.AbstractPipeline.wrapAndCopyInto(AbstractPipeline.java:560)
	at java.base@25.0.1/java.util.stream.ForEachOps$ForEachOp.evaluateSequential(ForEachOps.java:153)
	at java.base@25.0.1/java.util.stream.ForEachOps$ForEachOp$OfRef.evaluateSequential(ForEachOps.java:176)
	at java.base@25.0.1/java.util.stream.AbstractPipeline.evaluate(AbstractPipeline.java:265)
	at java.base@25.0.1/java.util.stream.ReferencePipeline.forEach(ReferencePipeline.java:632)
	at java.base@25.0.1/java.util.stream.ReferencePipeline$7$1FlatMap.accept(ReferencePipeline.java:293)
	at java.base@25.0.1/java.util.stream.ReferencePipeline$3$1.accept(ReferencePipeline.java:214)
	at java.base@25.0.1/java.util.stream.ReferencePipeline$3$1.accept(ReferencePipeline.java:214)
	at java.base@25.0.1/java.util.stream.ReferencePipeline$3$1.accept(ReferencePipeline.java:214)
	at java.base@25.0.1/java.util.ArrayList$ArrayListSpliterator.forEachRemaining(ArrayList.java:1716)
	at java.base@25.0.1/java.util.stream.AbstractPipeline.copyInto(AbstractPipeline.java:570)
	at java.base@25.0.1/java.util.stream.AbstractPipeline.wrapAndCopyInto(AbstractPipeline.java:560)
	at java.base@25.0.1/java.util.stream.ForEachOps$ForEachOp.evaluateSequential(ForEachOps.java:153)
	at java.base@25.0.1/java.util.stream.ForEachOps$ForEachOp$OfRef.evaluateSequential(ForEachOps.java:176)
	at java.base@25.0.1/java.util.stream.AbstractPipeline.evaluate(AbstractPipeline.java:265)
	at java.base@25.0.1/java.util.stream.ReferencePipeline.forEach(ReferencePipeline.java:632)
	at java.base@25.0.1/java.util.stream.ReferencePipeline$7$1FlatMap.accept(ReferencePipeline.java:293)
	at java.base@25.0.1/java.util.ArrayList$ArrayListSpliterator.forEachRemaining(ArrayList.java:1716)
	at java.base@25.0.1/java.util.stream.AbstractPipeline.copyInto(AbstractPipeline.java:570)
	at java.base@25.0.1/java.util.stream.AbstractPipeline.wrapAndCopyInto(AbstractPipeline.java:560)
	at java.base@25.0.1/java.util.stream.ForEachOps$ForEachOp.evaluateSequential(ForEachOps.java:153)
	at java.base@25.0.1/java.util.stream.ForEachOps$ForEachOp$OfRef.evaluateSequential(ForEachOps.java:176)
	at java.base@25.0.1/java.util.stream.AbstractPipeline.evaluate(AbstractPipeline.java:265)
	at java.base@25.0.1/java.util.stream.ReferencePipeline.forEach(ReferencePipeline.java:632)
	at java.base@25.0.1/java.util.ArrayList.forEach(ArrayList.java:1604)
	at java.base@25.0.1/java.util.ArrayList.forEach(ArrayList.java:1604)
</failure>
  </testcase>
  <testcase name="[15] new_texture_image" classname="org.graphiks.kanvas.skia.SkiaGmRunner" time="0.034"/>
  <testcase name="[16] ninepatch-stretch" classname="org.graphiks.kanvas.skia.SkiaGmRunner" time="0.022">
    <failure message="org.graphiks.kanvas.surface.gpu.GPUPreparedSurfaceTerminalException: unsupported.image.nine_geometry: Prepared Surface operation could not be lowered." type="org.graphiks.kanvas.surface.gpu.GPUPreparedSurfaceTerminalException">org.graphiks.kanvas.surface.gpu.GPUPreparedSurfaceTerminalException: unsupported.image.nine_geometry: Prepared Surface operation could not be lowered.
	at app//org.graphiks.kanvas.surface.gpu.GPUPreparedSurfaceProductEntry.render(GPUPreparedSurfaceProductEntry.kt:61)
	at app//org.graphiks.kanvas.surface.gpu.GPURendererKt.renderViaGpu(GPURenderer.kt:18)
	at app//org.graphiks.kanvas.surface.gpu.GPURendererKt.renderViaGpu$default(GPURenderer.kt:9)
	at app//org.graphiks.kanvas.surface.Surface.render(Surface.kt:57)
	at app//org.graphiks.kanvas.skia.SkiaGmRenderer.render(SkiaGmRenderer.kt:32)
	at app//org.graphiks.kanvas.skia.SkiaGmRenderer.render$default(SkiaGmRenderer.kt:17)
	at app//org.graphiks.kanvas.skia.SkiaGmRunner.render GM(SkiaGmRunner.kt:69)
	at java.base@25.0.1/java.lang.reflect.Method.invoke(Method.java:565)
	at java.base@25.0.1/java.util.stream.ForEachOps$ForEachOp$OfRef.accept(ForEachOps.java:186)
	at java.base@25.0.1/java.util.stream.ReferencePipeline$3$1.accept(ReferencePipeline.java:214)
	at java.base@25.0.1/java.util.stream.ReferencePipeline$2$1.accept(ReferencePipeline.java:197)
	at java.base@25.0.1/java.util.stream.ReferencePipeline$3$1.accept(ReferencePipeline.java:214)
	at java.base@25.0.1/java.util.stream.ForEachOps$ForEachOp$OfRef.accept(ForEachOps.java:186)
	at java.base@25.0.1/java.util.stream.ReferencePipeline$3$1.accept(ReferencePipeline.java:214)
	at java.base@25.0.1/java.util.stream.ReferencePipeline$3$1.accept(ReferencePipeline.java:214)
	at java.base@25.0.1/java.util.stream.ReferencePipeline$3$1.accept(ReferencePipeline.java:214)
	at java.base@25.0.1/java.util.stream.ForEachOps$ForEachOp$OfRef.accept(ForEachOps.java:186)
	at java.base@25.0.1/java.util.stream.ReferencePipeline$3$1.accept(ReferencePipeline.java:214)
	at java.base@25.0.1/java.util.ArrayList$ArrayListSpliterator.forEachRemaining(ArrayList.java:1716)
	at java.base@25.0.1/java.util.stream.ReferencePipeline$Head.forEach(ReferencePipeline.java:803)
	at java.base@25.0.1/java.util.stream.ReferencePipeline$7$1FlatMap.accept(ReferencePipeline.java:293)
	at java.base@25.0.1/java.util.stream.ReferencePipeline$3$1.accept(ReferencePipeline.java:214)
	at java.base@25.0.1/java.util.stream.ReferencePipeline$3$1.accept(ReferencePipeline.java:214)
	at java.base@25.0.1/java.util.stream.ReferencePipeline$3$1.accept(ReferencePipeline.java:214)
	at java.base@25.0.1/java.util.Spliterators$ArraySpliterator.forEachRemaining(Spliterators.java:1024)
	at java.base@25.0.1/java.util.stream.AbstractPipeline.copyInto(AbstractPipeline.java:570)
	at java.base@25.0.1/java.util.stream.AbstractPipeline.wrapAndCopyInto(AbstractPipeline.java:560)
	at java.base@25.0.1/java.util.stream.ForEachOps$ForEachOp.evaluateSequential(ForEachOps.java:153)
	at java.base@25.0.1/java.util.stream.ForEachOps$ForEachOp$OfRef.evaluateSequential(ForEachOps.java:176)
	at java.base@25.0.1/java.util.stream.AbstractPipeline.evaluate(AbstractPipeline.java:265)
	at java.base@25.0.1/java.util.stream.ReferencePipeline.forEach(ReferencePipeline.java:632)
	at java.base@25.0.1/java.util.stream.ReferencePipeline$7$1FlatMap.accept(ReferencePipeline.java:293)
	at java.base@25.0.1/java.util.stream.ReferencePipeline$3$1.accept(ReferencePipeline.java:214)
	at java.base@25.0.1/java.util.stream.ReferencePipeline$3$1.accept(ReferencePipeline.java:214)
	at java.base@25.0.1/java.util.stream.ReferencePipeline$3$1.accept(ReferencePipeline.java:214)
	at java.base@25.0.1/java.util.ArrayList$ArrayListSpliterator.forEachRemaining(ArrayList.java:1716)
	at java.base@25.0.1/java.util.stream.AbstractPipeline.copyInto(AbstractPipeline.java:570)
	at java.base@25.0.1/java.util.stream.AbstractPipeline.wrapAndCopyInto(AbstractPipeline.java:560)
	at java.base@25.0.1/java.util.stream.ForEachOps$ForEachOp.evaluateSequential(ForEachOps.java:153)
	at java.base@25.0.1/java.util.stream.ForEachOps$ForEachOp$OfRef.evaluateSequential(ForEachOps.java:176)
	at java.base@25.0.1/java.util.stream.AbstractPipeline.evaluate(AbstractPipeline.java:265)
	at java.base@25.0.1/java.util.stream.ReferencePipeline.forEach(ReferencePipeline.java:632)
	at java.base@25.0.1/java.util.stream.ReferencePipeline$7$1FlatMap.accept(ReferencePipeline.java:293)
	at java.base@25.0.1/java.util.ArrayList$ArrayListSpliterator.forEachRemaining(ArrayList.java:1716)
	at java.base@25.0.1/java.util.stream.AbstractPipeline.copyInto(AbstractPipeline.java:570)
	at java.base@25.0.1/java.util.stream.AbstractPipeline.wrapAndCopyInto(AbstractPipeline.java:560)
	at java.base@25.0.1/java.util.stream.ForEachOps$ForEachOp.evaluateSequential(ForEachOps.java:153)
	at java.base@25.0.1/java.util.stream.ForEachOps$ForEachOp$OfRef.evaluateSequential(ForEachOps.java:176)
	at java.base@25.0.1/java.util.stream.AbstractPipeline.evaluate(AbstractPipeline.java:265)
	at java.base@25.0.1/java.util.stream.ReferencePipeline.forEach(ReferencePipeline.java:632)
	at java.base@25.0.1/java.util.ArrayList.forEach(ArrayList.java:1604)
	at java.base@25.0.1/java.util.ArrayList.forEach(ArrayList.java:1604)
</failure>
  </testcase>
  <testcase name="[17] not_native32_bitmap_config" classname="org.graphiks.kanvas.skia.SkiaGmRunner" time="0.028">
    <failure message="org.graphiks.kanvas.surface.gpu.GPUPreparedSurfaceTerminalException: unsupported.core_primitive.stencil_edge_fan_budget: Core primitive geometry cannot be lowered exactly by the current canonical route." type="org.graphiks.kanvas.surface.gpu.GPUPreparedSurfaceTerminalException">org.graphiks.kanvas.surface.gpu.GPUPreparedSurfaceTerminalException: unsupported.core_primitive.stencil_edge_fan_budget: Core primitive geometry cannot be lowered exactly by the current canonical route.
	at app//org.graphiks.kanvas.surface.gpu.GPUPreparedSurfaceProductEntry.render(GPUPreparedSurfaceProductEntry.kt:61)
	at app//org.graphiks.kanvas.surface.gpu.GPURendererKt.renderViaGpu(GPURenderer.kt:18)
	at app//org.graphiks.kanvas.surface.gpu.GPURendererKt.renderViaGpu$default(GPURenderer.kt:9)
	at app//org.graphiks.kanvas.surface.Surface.render(Surface.kt:57)
	at app//org.graphiks.kanvas.skia.gm.image.NotNative32BitmapConfigGm.makeNotNative32ColorWheel(NotNative32BitmapConfigGm.kt:72)
	at app//org.graphiks.kanvas.skia.gm.image.NotNative32BitmapConfigGm.draw(NotNative32BitmapConfigGm.kt:37)
	at app//org.graphiks.kanvas.skia.SkiaGmRenderer.render(SkiaGmRenderer.kt:31)
	at app//org.graphiks.kanvas.skia.SkiaGmRenderer.render$default(SkiaGmRenderer.kt:17)
	at app//org.graphiks.kanvas.skia.SkiaGmRunner.render GM(SkiaGmRunner.kt:69)
	at java.base@25.0.1/java.lang.reflect.Method.invoke(Method.java:565)
	at java.base@25.0.1/java.util.stream.ForEachOps$ForEachOp$OfRef.accept(ForEachOps.java:186)
	at java.base@25.0.1/java.util.stream.ReferencePipeline$3$1.accept(ReferencePipeline.java:214)
	at java.base@25.0.1/java.util.stream.ReferencePipeline$2$1.accept(ReferencePipeline.java:197)
	at java.base@25.0.1/java.util.stream.ReferencePipeline$3$1.accept(ReferencePipeline.java:214)
	at java.base@25.0.1/java.util.stream.ForEachOps$ForEachOp$OfRef.accept(ForEachOps.java:186)
	at java.base@25.0.1/java.util.stream.ReferencePipeline$3$1.accept(ReferencePipeline.java:214)
	at java.base@25.0.1/java.util.stream.ReferencePipeline$3$1.accept(ReferencePipeline.java:214)
	at java.base@25.0.1/java.util.stream.ReferencePipeline$3$1.accept(ReferencePipeline.java:214)
	at java.base@25.0.1/java.util.stream.ForEachOps$ForEachOp$OfRef.accept(ForEachOps.java:186)
	at java.base@25.0.1/java.util.stream.ReferencePipeline$3$1.accept(ReferencePipeline.java:214)
	at java.base@25.0.1/java.util.ArrayList$ArrayListSpliterator.forEachRemaining(ArrayList.java:1716)
	at java.base@25.0.1/java.util.stream.ReferencePipeline$Head.forEach(ReferencePipeline.java:803)
	at java.base@25.0.1/java.util.stream.ReferencePipeline$7$1FlatMap.accept(ReferencePipeline.java:293)
	at java.base@25.0.1/java.util.stream.ReferencePipeline$3$1.accept(ReferencePipeline.java:214)
	at java.base@25.0.1/java.util.stream.ReferencePipeline$3$1.accept(ReferencePipeline.java:214)
	at java.base@25.0.1/java.util.stream.ReferencePipeline$3$1.accept(ReferencePipeline.java:214)
	at java.base@25.0.1/java.util.Spliterators$ArraySpliterator.forEachRemaining(Spliterators.java:1024)
[...]
	at java.base@25.0.1/java.util.ArrayList$ArrayListSpliterator.forEachRemaining(ArrayList.java:1716)
	at java.base@25.0.1/java.util.stream.AbstractPipeline.copyInto(AbstractPipeline.java:570)
	at java.base@25.0.1/java.util.stream.AbstractPipeline.wrapAndCopyInto(AbstractPipeline.java:560)
	at java.base@25.0.1/java.util.stream.ForEachOps$ForEachOp.evaluateSequential(ForEachOps.java:153)
	at java.base@25.0.1/java.util.stream.ForEachOps$ForEachOp$OfRef.evaluateSequential(ForEachOps.java:176)
	at java.base@25.0.1/java.util.stream.AbstractPipeline.evaluate(AbstractPipeline.java:265)
	at java.base@25.0.1/java.util.stream.ReferencePipeline.forEach(ReferencePipeline.java:632)
	at java.base@25.0.1/java.util.stream.ReferencePipeline$7$1FlatMap.accept(ReferencePipeline.java:293)
	at java.base@25.0.1/java.util.ArrayList$ArrayListSpliterator.forEachRemaining(ArrayList.java:1716)
	at java.base@25.0.1/java.util.stream.AbstractPipeline.copyInto(AbstractPipeline.java:570)
	at java.base@25.0.1/java.util.stream.AbstractPipeline.wrapAndCopyInto(AbstractPipeline.java:560)
	at java.base@25.0.1/java.util.stream.ForEachOps$ForEachOp.evaluateSequential(ForEachOps.java:153)
	at java.base@25.0.1/java.util.stream.ForEachOps$ForEachOp$OfRef.evaluateSequential(ForEachOps.java:176)
	at java.base@25.0.1/java.util.stream.AbstractPipeline.evaluate(AbstractPipeline.java:265)
	at java.base@25.0.1/java.util.stream.ReferencePipeline.forEach(ReferencePipeline.java:632)
	at java.base@25.0.1/java.util.ArrayList.forEach(ArrayList.java:1604)
	at java.base@25.0.1/java.util.ArrayList.forEach(ArrayList.java:1604)
</failure>
  </testcase>
  <testcase name="[98] dashing5_aa" classname="org.graphiks.kanvas.skia.SkiaGmRunner" time="0.002">
    <failure message="org.graphiks.kanvas.surface.gpu.GPUPreparedSurfaceTerminalException: unsupported.geometry.path_key_nondeterministic: unsupported.geometry.path_key_nondeterministic" type="org.graphiks.kanvas.surface.gpu.GPUPreparedSurfaceTerminalException">org.graphiks.kanvas.surface.gpu.GPUPreparedSurfaceTerminalException: unsupported.geometry.path_key_nondeterministic: unsupported.geometry.path_key_nondeterministic
	at app//org.graphiks.kanvas.surface.gpu.GPUPreparedSurfaceProductEntry.render(GPUPreparedSurfaceProductEntry.kt:61)
	at app//org.graphiks.kanvas.surface.gpu.GPURendererKt.renderViaGpu(GPURenderer.kt:18)
	at app//org.graphiks.kanvas.surface.gpu.GPURendererKt.renderViaGpu$default(GPURenderer.kt:9)
	at app//org.graphiks.kanvas.surface.Surface.render(Surface.kt:57)
	at app//org.graphiks.kanvas.skia.SkiaGmRenderer.render(SkiaGmRenderer.kt:32)
	at app//org.graphiks.kanvas.skia.SkiaGmRenderer.render$default(SkiaGmRenderer.kt:17)
	at app//org.graphiks.kanvas.skia.SkiaGmRunner.render GM(SkiaGmRunner.kt:69)
	at java.base@25.0.1/java.lang.reflect.Method.invoke(Method.java:565)
	at java.base@25.0.1/java.util.stream.ForEachOps$ForEachOp$OfRef.accept(ForEachOps.java:186)
	at java.base@25.0.1/java.util.stream.ReferencePipeline$3$1.accept(ReferencePipeline.java:214)
	at java.base@25.0.1/java.util.stream.ReferencePipeline$2$1.accept(ReferencePipeline.java:197)
	at java.base@25.0.1/java.util.stream.ReferencePipeline$3$1.accept(ReferencePipeline.java:214)
	at java.base@25.0.1/java.util.stream.ForEachOps$ForEachOp$OfRef.accept(ForEachOps.java:186)
	at java.base@25.0.1/java.util.stream.ReferencePipeline$3$1.accept(ReferencePipeline.java:214)
	at java.base@25.0.1/java.util.stream.ReferencePipeline$3$1.accept(ReferencePipeline.java:214)
	at java.base@25.0.1/java.util.stream.ReferencePipeline$3$1.accept(ReferencePipeline.java:214)
	at java.base@25.0.1/java.util.stream.ForEachOps$ForEachOp$OfRef.accept(ForEachOps.java:186)
	at java.base@25.0.1/java.util.stream.ReferencePipeline$3$1.accept(ReferencePipeline.java:214)
	at java.base@25.0.1/java.util.ArrayList$ArrayListSpliterator.forEachRemaining(ArrayList.java:1716)
	at java.base@25.0.1/java.util.stream.ReferencePipeline$Head.forEach(ReferencePipeline.java:803)
	at java.base@25.0.1/java.util.stream.ReferencePipeline$7$1FlatMap.accept(ReferencePipeline.java:293)
	at java.base@25.0.1/java.util.stream.ReferencePipeline$3$1.accept(ReferencePipeline.java:214)
	at java.base@25.0.1/java.util.stream.ReferencePipeline$3$1.accept(ReferencePipeline.java:214)
	at java.base@25.0.1/java.util.stream.ReferencePipeline$3$1.accept(ReferencePipeline.java:214)
	at java.base@25.0.1/java.util.Spliterators$ArraySpliterator.forEachRemaining(Spliterators.java:1024)
	at java.base@25.0.1/java.util.stream.AbstractPipeline.copyInto(AbstractPipeline.java:570)
	at java.base@25.0.1/java.util.stream.AbstractPipeline.wrapAndCopyInto(AbstractPipeline.java:560)
	at java.base@25.0.1/java.util.stream.ForEachOps$ForEachOp.evaluateSequential(ForEachOps.java:153)
	at java.base@25.0.1/java.util.stream.ForEachOps$ForEachOp$OfRef.evaluateSequential(ForEachOps.java:176)
	at java.base@25.0.1/java.util.stream.AbstractPipeline.evaluate(AbstractPipeline.java:265)
	at java.base@25.0.1/java.util.stream.ReferencePipeline.forEach(ReferencePipeline.java:632)
	at java.base@25.0.1/java.util.stream.ReferencePipeline$7$1FlatMap.accept(ReferencePipeline.java:293)
	at java.base@25.0.1/java.util.stream.ReferencePipeline$3$1.accept(ReferencePipeline.java:214)
	at java.base@25.0.1/java.util.stream.ReferencePipeline$3$1.accept(ReferencePipeline.java:214)
	at java.base@25.0.1/java.util.stream.ReferencePipeline$3$1.accept(ReferencePipeline.java:214)
	at java.base@25.0.1/java.util.ArrayList$ArrayListSpliterator.forEachRemaining(ArrayList.java:1716)
	at java.base@25.0.1/java.util.stream.AbstractPipeline.copyInto(AbstractPipeline.java:570)
	at java.base@25.0.1/java.util.stream.AbstractPipeline.wrapAndCopyInto(AbstractPipeline.java:560)
	at java.base@25.0.1/java.util.stream.ForEachOps$ForEachOp.evaluateSequential(ForEachOps.java:153)
	at java.base@25.0.1/java.util.stream.ForEachOps$ForEachOp$OfRef.evaluateSequential(ForEachOps.java:176)
	at java.base@25.0.1/java.util.stream.AbstractPipeline.evaluate(AbstractPipeline.java:265)
	at java.base@25.0.1/java.util.stream.ReferencePipeline.forEach(ReferencePipeline.java:632)
	at java.base@25.0.1/java.util.stream.ReferencePipeline$7$1FlatMap.accept(ReferencePipeline.java:293)
	at java.base@25.0.1/java.util.ArrayList$ArrayListSpliterator.forEachRemaining(ArrayList.java:1716)
	at java.base@25.0.1/java.util.stream.AbstractPipeline.copyInto(AbstractPipeline.java:570)
	at java.base@25.0.1/java.util.stream.AbstractPipeline.wrapAndCopyInto(AbstractPipeline.java:560)
	at java.base@25.0.1/java.util.stream.ForEachOps$ForEachOp.evaluateSequential(ForEachOps.java:153)
	at java.base@25.0.1/java.util.stream.ForEachOps$ForEachOp$OfRef.evaluateSequential(ForEachOps.java:176)
	at java.base@25.0.1/java.util.stream.AbstractPipeline.evaluate(AbstractPipeline.java:265)
	at java.base@25.0.1/java.util.stream.ReferencePipeline.forEach(ReferencePipeline.java:632)
	at java.base@25.0.1/java.util.ArrayList.forEach(ArrayList.java:1604)
	at java.base@25.0.1/java.util.ArrayList.forEach(ArrayList.java:1604)
</failure>
  </testcase>
  <testcase name="[99] dashing" classname="org.graphiks.kanvas.skia.SkiaGmRunner" time="0.001">
    <failure message="org.graphiks.kanvas.surface.gpu.GPUPreparedSurfaceTerminalException: unsupported.geometry.path_key_nondeterministic: unsupported.geometry.path_key_nondeterministic" type="org.graphiks.kanvas.surface.gpu.GPUPreparedSurfaceTerminalException">org.graphiks.kanvas.surface.gpu.GPUPreparedSurfaceTerminalException: unsupported.geometry.path_key_nondeterministic: unsupported.geometry.path_key_nondeterministic
	at app//org.graphiks.kanvas.surface.gpu.GPUPreparedSurfaceProductEntry.render(GPUPreparedSurfaceProductEntry.kt:61)
	at app//org.graphiks.kanvas.surface.gpu.GPURendererKt.renderViaGpu(GPURenderer.kt:18)
	at app//org.graphiks.kanvas.surface.gpu.GPURendererKt.renderViaGpu$default(GPURenderer.kt:9)
	at app//org.graphiks.kanvas.surface.Surface.render(Surface.kt:57)
	at app//org.graphiks.kanvas.skia.SkiaGmRenderer.render(SkiaGmRenderer.kt:32)
	at app//org.graphiks.kanvas.skia.SkiaGmRenderer.render$default(SkiaGmRenderer.kt:17)
	at app//org.graphiks.kanvas.skia.SkiaGmRunner.render GM(SkiaGmRunner.kt:69)
	at java.base@25.0.1/java.lang.reflect.Method.invoke(Method.java:565)
	at java.base@25.0.1/java.util.stream.ForEachOps$ForEachOp$OfRef.accept(ForEachOps.java:186)
	at java.base@25.0.1/java.util.stream.ReferencePipeline$3$1.accept(ReferencePipeline.java:214)
	at java.base@25.0.1/java.util.stream.ReferencePipeline$2$1.accept(ReferencePipeline.java:197)
	at java.base@25.0.1/java.util.stream.ReferencePipeline$3$1.accept(ReferencePipeline.java:214)
	at java.base@25.0.1/java.util.stream.ForEachOps$ForEachOp$OfRef.accept(ForEachOps.java:186)
	at java.base@25.0.1/java.util.stream.ReferencePipeline$3$1.accept(ReferencePipeline.java:214)
	at java.base@25.0.1/java.util.stream.ReferencePipeline$3$1.accept(ReferencePipeline.java:214)
	at java.base@25.0.1/java.util.stream.ReferencePipeline$3$1.accept(ReferencePipeline.java:214)
	at java.base@25.0.1/java.util.stream.ForEachOps$ForEachOp$OfRef.accept(ForEachOps.java:186)
	at java.base@25.0.1/java.util.stream.ReferencePipeline$3$1.accept(ReferencePipeline.java:214)
	at java.base@25.0.1/java.util.ArrayList$ArrayListSpliterator.forEachRemaining(ArrayList.java:1716)
	at java.base@25.0.1/java.util.stream.ReferencePipeline$Head.forEach(ReferencePipeline.java:803)
	at java.base@25.0.1/java.util.stream.ReferencePipeline$7$1FlatMap.accept(ReferencePipeline.java:293)
	at java.base@25.0.1/java.util.stream.ReferencePipeline$3$1.accept(ReferencePipeline.java:214)
	at java.base@25.0.1/java.util.stream.ReferencePipeline$3$1.accept(ReferencePipeline.java:214)
	at java.base@25.0.1/java.util.stream.ReferencePipeline$3$1.accept(ReferencePipeline.java:214)
	at java.base@25.0.1/java.util.Spliterators$ArraySpliterator.forEachRemaining(Spliterators.java:1024)
	at java.base@25.0.1/java.util.stream.AbstractPipeline.copyInto(AbstractPipeline.java:570)
	at java.base@25.0.1/java.util.stream.AbstractPipeline.wrapAndCopyInto(AbstractPipeline.java:560)
	at java.base@25.0.1/java.util.stream.ForEachOps$ForEachOp.evaluateSequential(ForEachOps.java:153)
	at java.base@25.0.1/java.util.stream.ForEachOps$ForEachOp$OfRef.evaluateSequential(ForEachOps.java:176)
	at java.base@25.0.1/java.util.stream.AbstractPipeline.evaluate(AbstractPipeline.java:265)
	at java.base@25.0.1/java.util.stream.ReferencePipeline.forEach(ReferencePipeline.java:632)
	at java.base@25.0.1/java.util.stream.ReferencePipeline$7$1FlatMap.accept(ReferencePipeline.java:293)
	at java.base@25.0.1/java.util.stream.ReferencePipeline$3$1.accept(ReferencePipeline.java:214)
	at java.base@25.0.1/java.util.stream.ReferencePipeline$3$1.accept(ReferencePipeline.java:214)
	at java.base@25.0.1/java.util.stream.ReferencePipeline$3$1.accept(ReferencePipeline.java:214)
	at java.base@25.0.1/java.util.ArrayList$ArrayListSpliterator.forEachRemaining(ArrayList.java:1716)
	at java.base@25.0.1/java.util.stream.AbstractPipeline.copyInto(AbstractPipeline.java:570)
	at java.base@25.0.1/java.util.stream.AbstractPipeline.wrapAndCopyInto(AbstractPipeline.java:560)
	at java.base@25.0.1/java.util.stream.ForEachOps$ForEachOp.evaluateSequential(ForEachOps.java:153)
	at java.base@25.0.1/java.util.stream.ForEachOps$ForEachOp$OfRef.evaluateSequential(ForEachOps.java:176)
	at java.base@25.0.1/java.util.stream.AbstractPipeline.evaluate(AbstractPipeline.java:265)
	at java.base@25.0.1/java.util.stream.ReferencePipeline.forEach(ReferencePipeline.java:632)
	at java.base@25.0.1/java.util.stream.ReferencePipeline$7$1FlatMap.accept(ReferencePipeline.java:293)
	at java.base@25.0.1/java.util.ArrayList$ArrayListSpliterator.forEachRemaining(ArrayList.java:1716)
	at java.base@25.0.1/java.util.stream.AbstractPipeline.copyInto(AbstractPipeline.java:570)
	at java.base@25.0.1/java.util.stream.AbstractPipeline.wrapAndCopyInto(AbstractPipeline.java:560)
	at java.base@25.0.1/java.util.stream.ForEachOps$ForEachOp.evaluateSequential(ForEachOps.java:153)
	at java.base@25.0.1/java.util.stream.ForEachOps$ForEachOp$OfRef.evaluateSequential(ForEachOps.java:176)
	at java.base@25.0.1/java.util.stream.AbstractPipeline.evaluate(AbstractPipeline.java:265)
	at java.base@25.0.1/java.util.stream.ReferencePipeline.forEach(ReferencePipeline.java:632)
	at java.base@25.0.1/java.util.ArrayList.forEach(ArrayList.java:1604)
	at java.base@25.0.1/java.util.ArrayList.forEach(ArrayList.java:1604)
</failure>
  </testcase>
  <testcase name="[100] drawlines_with_local_matrix" classname="org.graphiks.kanvas.skia.SkiaGmRunner" time="0.002">
    <failure message="org.graphiks.kanvas.surface.gpu.GPUPreparedSurfaceTerminalException: unsupported.material.radial_gradient_capability_missing: unsupported.material.radial_gradient_capability_missing" type="org.graphiks.kanvas.surface.gpu.GPUPreparedSurfaceTerminalException">org.graphiks.kanvas.surface.gpu.GPUPreparedSurfaceTerminalException: unsupported.material.radial_gradient_capability_missing: unsupported.material.radial_gradient_capability_missing
	at app//org.graphiks.kanvas.surface.gpu.GPUPreparedSurfaceProductEntry.render(GPUPreparedSurfaceProductEntry.kt:61)
	at app//org.graphiks.kanvas.surface.gpu.GPURendererKt.renderViaGpu(GPURenderer.kt:18)
	at app//org.graphiks.kanvas.surface.gpu.GPURendererKt.renderViaGpu$default(GPURenderer.kt:9)
	at app//org.graphiks.kanvas.surface.Surface.render(Surface.kt:57)
	at app//org.graphiks.kanvas.skia.SkiaGmRenderer.render(SkiaGmRenderer.kt:32)
	at app//org.graphiks.kanvas.skia.SkiaGmRenderer.render$default(SkiaGmRenderer.kt:17)
	at app//org.graphiks.kanvas.skia.SkiaGmRunner.render GM(SkiaGmRunner.kt:69)
	at java.base@25.0.1/java.lang.reflect.Method.invoke(Method.java:565)
	at java.base@25.0.1/java.util.stream.ForEachOps$ForEachOp$OfRef.accept(ForEachOps.java:186)
	at java.base@25.0.1/java.util.stream.ReferencePipeline$3$1.accept(ReferencePipeline.java:214)
	at java.base@25.0.1/java.util.stream.ReferencePipeline$2$1.accept(ReferencePipeline.java:197)
	at java.base@25.0.1/java.util.stream.ReferencePipeline$3$1.accept(ReferencePipeline.java:214)
	at java.base@25.0.1/java.util.stream.ForEachOps$ForEachOp$OfRef.accept(ForEachOps.java:186)
	at java.base@25.0.1/java.util.stream.ReferencePipeline$3$1.accept(ReferencePipeline.java:214)
	at java.base@25.0.1/java.util.stream.ReferencePipeline$3$1.accept(ReferencePipeline.java:214)
	at java.base@25.0.1/java.util.stream.ReferencePipeline$3$1.accept(ReferencePipeline.java:214)
	at java.base@25.0.1/java.util.stream.ForEachOps$ForEachOp$OfRef.accept(ForEachOps.java:186)
	at java.base@25.0.1/java.util.stream.ReferencePipeline$3$1.accept(ReferencePipeline.java:214)
	at java.base@25.0.1/java.util.ArrayList$ArrayListSpliterator.forEachRemaining(ArrayList.java:1716)
	at java.base@25.0.1/java.util.stream.ReferencePipeline$Head.forEach(ReferencePipeline.java:803)
	at java.base@25.0.1/java.util.stream.ReferencePipeline$7$1FlatMap.accept(ReferencePipeline.java:293)
	at java.base@25.0.1/java.util.stream.ReferencePipeline$3$1.accept(ReferencePipeline.java:214)
	at java.base@25.0.1/java.util.stream.ReferencePipeline$3$1.accept(ReferencePipeline.java:214)
	at java.base@25.0.1/java.util.stream.ReferencePipeline$3$1.accept(ReferencePipeline.java:214)
	at java.base@25.0.1/java.util.Spliterators$ArraySpliterator.forEachRemaining(Spliterators.java:1024)
	at java.base@25.0.1/java.util.stream.AbstractPipeline.copyInto(AbstractPipeline.java:570)
	at java.base@25.0.1/java.util.stream.AbstractPipeline.wrapAndCopyInto(AbstractPipeline.java:560)
	at java.base@25.0.1/java.util.stream.ForEachOps$ForEachOp.evaluateSequential(ForEachOps.java:153)
	at java.base@25.0.1/java.util.stream.ForEachOps$ForEachOp$OfRef.evaluateSequential(ForEachOps.java:176)
	at java.base@25.0.1/java.util.stream.AbstractPipeline.evaluate(AbstractPipeline.java:265)
	at java.base@25.0.1/java.util.stream.ReferencePipeline.forEach(ReferencePipeline.java:632)
	at java.base@25.0.1/java.util.stream.ReferencePipeline$7$1FlatMap.accept(ReferencePipeline.java:293)
	at java.base@25.0.1/java.util.stream.ReferencePipeline$3$1.accept(ReferencePipeline.java:214)
	at java.base@25.0.1/java.util.stream.ReferencePipeline$3$1.accept(ReferencePipeline.java:214)
	at java.base@25.0.1/java.util.stream.ReferencePipeline$3$1.accept(ReferencePipeline.java:214)
	at java.base@25.0.1/java.util.ArrayList$ArrayListSpliterator.forEachRemaining(ArrayList.java:1716)
	at java.base@25.0.1/java.util.stream.AbstractPipeline.copyInto(AbstractPipeline.java:570)
	at java.base@25.0.1/java.util.stream.AbstractPipeline.wrapAndCopyInto(AbstractPipeline.java:560)
	at java.base@25.0.1/java.util.stream.ForEachOps$ForEachOp.evaluateSequential(ForEachOps.java:153)
	at java.base@25.0.1/java.util.stream.ForEachOps$ForEachOp$OfRef.evaluateSequential(ForEachOps.java:176)
	at java.base@25.0.1/java.util.stream.AbstractPipeline.evaluate(AbstractPipeline.java:265)
	at java.base@25.0.1/java.util.stream.ReferencePipeline.forEach(ReferencePipeline.java:632)
	at java.base@25.0.1/java.util.stream.ReferencePipeline$7$1FlatMap.accept(ReferencePipeline.java:293)
	at java.base@25.0.1/java.util.ArrayList$ArrayListSpliterator.forEachRemaining(ArrayList.java:1716)
	at java.base@25.0.1/java.util.stream.AbstractPipeline.copyInto(AbstractPipeline.java:570)
	at java.base@25.0.1/java.util.stream.AbstractPipeline.wrapAndCopyInto(AbstractPipeline.java:560)
	at java.base@25.0.1/java.util.stream.ForEachOps$ForEachOp.evaluateSequential(ForEachOps.java:153)
	at java.base@25.0.1/java.util.stream.ForEachOps$ForEachOp$OfRef.evaluateSequential(ForEachOps.java:176)
	at java.base@25.0.1/java.util.stream.AbstractPipeline.evaluate(AbstractPipeline.java:265)
	at java.base@25.0.1/java.util.stream.ReferencePipeline.forEach(ReferencePipeline.java:632)
	at java.base@25.0.1/java.util.ArrayList.forEach(ArrayList.java:1604)
	at java.base@25.0.1/java.util.ArrayList.forEach(ArrayList.java:1604)
</failure>
  </testcase>
  <system-out><![CDATA[Measured similarity for makecolortypeandspace: 0,00%
[PASS] makecolortypeandspace: similarity=0,00% (threshold: 0.0%) dispatch=13 refuse=0 (53ms)
Measured similarity for new_texture_image: 22,36%
[PASS] new_texture_image: similarity=22,36% (threshold: 0.0%) dispatch=1 refuse=0 (11ms)
Measured similarity for poster_circle: 36,97%
[PASS] poster_circle: similarity=36,97% (threshold: 0.0%) dispatch=1 refuse=0 (22ms)
Measured similarity for raw_image_shader_normals_rt: 20,40%
[PASS] raw_image_shader_normals_rt: similarity=20,40% (threshold: 0.0%) dispatch=8 refuse=0 (20ms)
Measured similarity for scaled_tilemodes: 51,74%
[PASS] scaled_tilemodes: similarity=51,74% (threshold: 0.0%) dispatch=1 refuse=0 (20ms)
Measured similarity for scaled_tilemodes_npot: 72,57%
[PASS] scaled_tilemodes_npot: similarity=72,57% (threshold: 0.0%) dispatch=1 refuse=0 (20ms)
Measured similarity for showmiplevels_explicit: 13,88%
[PASS] showmiplevels_explicit: similarity=13,88% (threshold: 0.0%) dispatch=2 refuse=0 (28ms)
Measured similarity for yuv420_odd_dim: 0,00%
[PASS] yuv420_odd_dim: similarity=0,00% (threshold: 0.0%) dispatch=1 refuse=0 (7ms)
Measured similarity for yuv420_odd_dim_repeat: 0,00%
[PASS] yuv420_odd_dim_repeat: similarity=0,00% (threshold: 0.0%) dispatch=1 refuse=0 (13ms)
Measured similarity for mesh_with_paint_color: 100,00%
[PASS] mesh_with_paint_color: similarity=100,00% (threshold: 0.0%) dispatch=2 refuse=0 (12ms)
Measured similarity for crbug_640176: 99,68%
[PASS] crbug_640176: similarity=99,68% (threshold: 0.0%) dispatch=2 refuse=0 (20ms)
]]></system-out>
  <system-err><![CDATA[[SKIP] org.graphiks.kanvas.skia.gm.blur.MatrixConvolutionGm
[SKIP] org.graphiks.kanvas.skia.gm.clip.ComplexClip2Gm
[SKIP] org.graphiks.kanvas.skia.gm.image.AnimCodecPlayerExifGm
[SKIP] org.graphiks.kanvas.skia.gm.image.DrawBitmapRectGm
[SKIP] org.graphiks.kanvas.skia.gm.path.InnerShapesGm
[SKIP] org.graphiks.kanvas.skia.gm.path.TrickyCubicStrokesGm
[SKIP] org.graphiks.kanvas.skia.gm.text.GlyphPosGm
]]></system-err>
</testsuite>
