<?xml version="1.0" encoding="UTF-8"?>
<testsuite name="org.graphiks.kanvas.skia.SkiaGmRunner" tests="158" skipped="0" failures="142" errors="0" timestamp="2026-08-16T20:05:20.276Z" hostname="Omega" time="49.348">
  <properties/>
  <testcase name="[1] drawregionmodes" classname="org.graphiks.kanvas.skia.SkiaGmRunner" time="0.819">
    <failure message="org.graphiks.kanvas.surface.gpu.GPUPreparedSurfaceTerminalException: unsupported.geometry.path_key_nondeterministic: unsupported.geometry.path_key_nondeterministic" type="org.graphiks.kanvas.surface.gpu.GPUPreparedSurfaceTerminalException">org.graphiks.kanvas.surface.gpu.GPUPreparedSurfaceTerminalException: unsupported.geometry.path_key_nondeterministic: unsupported.geometry.path_key_nondeterministic
	at app//org.graphiks.kanvas.surface.gpu.GPUPreparedSurfaceProductEntry.render(GPUPreparedSurfaceProductEntry.kt:61)
	at app//org.graphiks.kanvas.surface.gpu.GPURendererKt.renderViaGpu(GPURenderer.kt:18)
	at app//org.graphiks.kanvas.surface.gpu.GPURendererKt.renderViaGpu$default(GPURenderer.kt:9)
	at app//org.graphiks.kanvas.surface.Surface.render(Surface.kt:57)
	at app//org.graphiks.kanvas.skia.SkiaGmRenderer.render(SkiaGmRenderer.kt:32)
	at app//org.graphiks.kanvas.skia.SkiaGmRenderer.render$default(SkiaGmRenderer.kt:17)
	at app//org.graphiks.kanvas.skia.SkiaGmRunner.render GM(SkiaGmRunner.kt:69)
	at java.base@25.0.1/java.lang.reflect.Method.invoke(Method.java:565)
	at java.base@25.0.1/java.util.stream.ForEachOps$ForEachOp$OfRef.accept(ForEachOps.java:186)
	at java.base@25.0.1/java.util.stream.ReferencePipeline$3$1.accept(ReferencePipeline.java:214)
	at java.base@25.0.1/java.util.stream.ReferencePipeline$2$1.accept(ReferencePipeline.java:197)
	at java.base@25.0.1/java.util.stream.ReferencePipeline$3$1.accept(ReferencePipeline.java:214)
	at java.base@25.0.1/java.util.stream.ForEachOps$ForEachOp$OfRef.accept(ForEachOps.java:186)
	at java.base@25.0.1/java.util.stream.ReferencePipeline$3$1.accept(ReferencePipeline.java:214)
	at java.base@25.0.1/java.util.stream.ReferencePipeline$3$1.accept(ReferencePipeline.java:214)
	at java.base@25.0.1/java.util.stream.ReferencePipeline$3$1.accept(ReferencePipeline.java:214)
	at java.base@25.0.1/java.util.stream.ForEachOps$ForEachOp$OfRef.accept(ForEachOps.java:186)
	at java.base@25.0.1/java.util.stream.ReferencePipeline$3$1.accept(ReferencePipeline.java:214)
	at java.base@25.0.1/java.util.ArrayList$ArrayListSpliterator.forEachRemaining(ArrayList.java:1716)
	at java.base@25.0.1/java.util.stream.ReferencePipeline$Head.forEach(ReferencePipeline.java:803)
	at java.base@25.0.1/java.util.stream.ReferencePipeline$7$1FlatMap.accept(ReferencePipeline.java:293)
	at java.base@25.0.1/java.util.stream.ReferencePipeline$3$1.accept(ReferencePipeline.java:214)
	at java.base@25.0.1/java.util.stream.ReferencePipeline$3$1.accept(ReferencePipeline.java:214)
	at java.base@25.0.1/java.util.stream.ReferencePipeline$3$1.accept(ReferencePipeline.java:214)
	at java.base@25.0.1/java.util.Spliterators$ArraySpliterator.forEachRemaining(Spliterators.java:1024)
	at java.base@25.0.1/java.util.stream.AbstractPipeline.copyInto(AbstractPipeline.java:570)
	at java.base@25.0.1/java.util.stream.AbstractPipeline.wrapAndCopyInto(AbstractPipeline.java:560)
	at java.base@25.0.1/java.util.stream.ForEachOps$ForEachOp.evaluateSequential(ForEachOps.java:153)
	at java.base@25.0.1/java.util.stream.ForEachOps$ForEachOp$OfRef.evaluateSequential(ForEachOps.java:176)
	at java.base@25.0.1/java.util.stream.AbstractPipeline.evaluate(AbstractPipeline.java:265)
	at java.base@25.0.1/java.util.stream.ReferencePipeline.forEach(ReferencePipeline.java:632)
	at java.base@25.0.1/java.util.stream.ReferencePipeline$7$1FlatMap.accept(ReferencePipeline.java:293)
	at java.base@25.0.1/java.util.stream.ReferencePipeline$3$1.accept(ReferencePipeline.java:214)
	at java.base@25.0.1/java.util.stream.ReferencePipeline$3$1.accept(ReferencePipeline.java:214)
	at java.base@25.0.1/java.util.stream.ReferencePipeline$3$1.accept(ReferencePipeline.java:214)
	at java.base@25.0.1/java.util.ArrayList$ArrayListSpliterator.forEachRemaining(ArrayList.java:1716)
	at java.base@25.0.1/java.util.stream.AbstractPipeline.copyInto(AbstractPipeline.java:570)
	at java.base@25.0.1/java.util.stream.AbstractPipeline.wrapAndCopyInto(AbstractPipeline.java:560)
	at java.base@25.0.1/java.util.stream.ForEachOps$ForEachOp.evaluateSequential(ForEachOps.java:153)
	at java.base@25.0.1/java.util.stream.ForEachOps$ForEachOp$OfRef.evaluateSequential(ForEachOps.java:176)
	at java.base@25.0.1/java.util.stream.AbstractPipeline.evaluate(AbstractPipeline.java:265)
	at java.base@25.0.1/java.util.stream.ReferencePipeline.forEach(ReferencePipeline.java:632)
	at java.base@25.0.1/java.util.stream.ReferencePipeline$7$1FlatMap.accept(ReferencePipeline.java:293)
	at java.base@25.0.1/java.util.ArrayList$ArrayListSpliterator.forEachRemaining(ArrayList.java:1716)
	at java.base@25.0.1/java.util.stream.AbstractPipeline.copyInto(AbstractPipeline.java:570)
	at java.base@25.0.1/java.util.stream.AbstractPipeline.wrapAndCopyInto(AbstractPipeline.java:560)
	at java.base@25.0.1/java.util.stream.ForEachOps$ForEachOp.evaluateSequential(ForEachOps.java:153)
	at java.base@25.0.1/java.util.stream.ForEachOps$ForEachOp$OfRef.evaluateSequential(ForEachOps.java:176)
	at java.base@25.0.1/java.util.stream.AbstractPipeline.evaluate(AbstractPipeline.java:265)
	at java.base@25.0.1/java.util.stream.ReferencePipeline.forEach(ReferencePipeline.java:632)
	at java.base@25.0.1/java.util.ArrayList.forEach(ArrayList.java:1604)
	at java.base@25.0.1/java.util.ArrayList.forEach(ArrayList.java:1604)
</failure>
  </testcase>
  <testcase name="[2] fancy_gradients" classname="org.graphiks.kanvas.skia.SkiaGmRunner" time="0.003">
    <failure message="kotlin.NotImplementedError: An operation is not implemented: STUB.FANCY_GRADIENTS — requires picture shader + sweep/radial shader composition" type="kotlin.NotImplementedError">kotlin.NotImplementedError: An operation is not implemented: STUB.FANCY_GRADIENTS — requires picture shader + sweep/radial shader composition
	at org.graphiks.kanvas.skia.gm.path.FancyGradientsGm.draw(FancyGradientsGm.kt:23)
	at org.graphiks.kanvas.skia.SkiaGmRenderer.render(SkiaGmRenderer.kt:31)
	at org.graphiks.kanvas.skia.SkiaGmRenderer.render$default(SkiaGmRenderer.kt:17)
	at org.graphiks.kanvas.skia.SkiaGmRunner.render GM(SkiaGmRunner.kt:69)
	at java.base/java.lang.reflect.Method.invoke(Method.java:565)
	at java.base/java.util.stream.ForEachOps$ForEachOp$OfRef.accept(ForEachOps.java:186)
	at java.base/java.util.stream.ReferencePipeline$3$1.accept(ReferencePipeline.java:214)
	at java.base/java.util.stream.ReferencePipeline$2$1.accept(ReferencePipeline.java:197)
	at java.base/java.util.stream.ReferencePipeline$3$1.accept(ReferencePipeline.java:214)
	at java.base/java.util.stream.ForEachOps$ForEachOp$OfRef.accept(ForEachOps.java:186)
	at java.base/java.util.stream.ReferencePipeline$3$1.accept(ReferencePipeline.java:214)
	at java.base/java.util.stream.ReferencePipeline$3$1.accept(ReferencePipeline.java:214)
	at java.base/java.util.stream.ReferencePipeline$3$1.accept(ReferencePipeline.java:214)
	at java.base/java.util.stream.ForEachOps$ForEachOp$OfRef.accept(ForEachOps.java:186)
	at java.base/java.util.stream.ReferencePipeline$3$1.accept(ReferencePipeline.java:214)
	at java.base/java.util.ArrayList$ArrayListSpliterator.forEachRemaining(ArrayList.java:1716)
	at java.base/java.util.stream.ReferencePipeline$Head.forEach(ReferencePipeline.java:803)
	at java.base/java.util.stream.ReferencePipeline$7$1FlatMap.accept(ReferencePipeline.java:293)
	at java.base/java.util.stream.ReferencePipeline$3$1.accept(ReferencePipeline.java:214)
	at java.base/java.util.stream.ReferencePipeline$3$1.accept(ReferencePipeline.java:214)
	at java.base/java.util.stream.ReferencePipeline$3$1.accept(ReferencePipeline.java:214)
	at java.base/java.util.Spliterators$ArraySpliterator.forEachRemaining(Spliterators.java:1024)
	at java.base/java.util.stream.AbstractPipeline.copyInto(AbstractPipeline.java:570)
	at java.base/java.util.stream.AbstractPipeline.wrapAndCopyInto(AbstractPipeline.java:560)
	at java.base/java.util.stream.ForEachOps$ForEachOp.evaluateSequential(ForEachOps.java:153)
	at java.base/java.util.stream.ForEachOps$ForEachOp$OfRef.evaluateSequential(ForEachOps.java:176)
	at java.base/java.util.stream.AbstractPipeline.evaluate(AbstractPipeline.java:265)
	at java.base/java.util.stream.ReferencePipeline.forEach(ReferencePipeline.java:632)
	at java.base/java.util.stream.ReferencePipeline$7$1FlatMap.accept(ReferencePipeline.java:293)
	at java.base/java.util.stream.ReferencePipeline$3$1.accept(ReferencePipeline.java:214)
	at java.base/java.util.stream.ReferencePipeline$3$1.accept(ReferencePipeline.java:214)
	at java.base/java.util.stream.ReferencePipeline$3$1.accept(ReferencePipeline.java:214)
	at java.base/java.util.ArrayList$ArrayListSpliterator.forEachRemaining(ArrayList.java:1716)
	at java.base/java.util.stream.AbstractPipeline.copyInto(AbstractPipeline.java:570)
	at java.base/java.util.stream.AbstractPipeline.wrapAndCopyInto(AbstractPipeline.java:560)
	at java.base/java.util.stream.ForEachOps$ForEachOp.evaluateSequential(ForEachOps.java:153)
	at java.base/java.util.stream.ForEachOps$ForEachOp$OfRef.evaluateSequential(ForEachOps.java:176)
	at java.base/java.util.stream.AbstractPipeline.evaluate(AbstractPipeline.java:265)
	at java.base/java.util.stream.ReferencePipeline.forEach(ReferencePipeline.java:632)
	at java.base/java.util.stream.ReferencePipeline$7$1FlatMap.accept(ReferencePipeline.java:293)
	at java.base/java.util.ArrayList$ArrayListSpliterator.forEachRemaining(ArrayList.java:1716)
	at java.base/java.util.stream.AbstractPipeline.copyInto(AbstractPipeline.java:570)
	at java.base/java.util.stream.AbstractPipeline.wrapAndCopyInto(AbstractPipeline.java:560)
	at java.base/java.util.stream.ForEachOps$ForEachOp.evaluateSequential(ForEachOps.java:153)
	at java.base/java.util.stream.ForEachOps$ForEachOp$OfRef.evaluateSequential(ForEachOps.java:176)
	at java.base/java.util.stream.AbstractPipeline.evaluate(AbstractPipeline.java:265)
	at java.base/java.util.stream.ReferencePipeline.forEach(ReferencePipeline.java:632)
	at java.base/java.util.ArrayList.forEach(ArrayList.java:1604)
	at java.base/java.util.ArrayList.forEach(ArrayList.java:1604)
</failure>
  </testcase>
  <testcase name="[3] fatpathfill" classname="org.graphiks.kanvas.skia.SkiaGmRunner" time="0.02">
    <failure message="org.graphiks.kanvas.surface.gpu.GPUPreparedSurfaceTerminalException: unsupported.core_primitive.coverage_sample.scalar_aa_not_promoted: ScalarAA coverage is promoted only by the exact single-sample B3.5b analytic route." type="org.graphiks.kanvas.surface.gpu.GPUPreparedSurfaceTerminalException">org.graphiks.kanvas.surface.gpu.GPUPreparedSurfaceTerminalException: unsupported.core_primitive.coverage_sample.scalar_aa_not_promoted: ScalarAA coverage is promoted only by the exact single-sample B3.5b analytic route.
	at app//org.graphiks.kanvas.surface.gpu.GPUPreparedSurfaceProductEntry.render(GPUPreparedSurfaceProductEntry.kt:61)
	at app//org.graphiks.kanvas.surface.gpu.GPURendererKt.renderViaGpu(GPURenderer.kt:18)
	at app//org.graphiks.kanvas.surface.gpu.GPURendererKt.renderViaGpu$default(GPURenderer.kt:9)
	at app//org.graphiks.kanvas.surface.Surface.render(Surface.kt:57)
	at app//org.graphiks.kanvas.surface.Surface.makeImageSnapshot(Surface.kt:66)
	at app//org.graphiks.kanvas.skia.gm.path.FatPathFillGm.drawFatpath(FatPathFillGm.kt:56)
	at app//org.graphiks.kanvas.skia.gm.path.FatPathFillGm.draw(FatPathFillGm.kt:45)
	at app//org.graphiks.kanvas.skia.SkiaGmRenderer.render(SkiaGmRenderer.kt:31)
	at app//org.graphiks.kanvas.skia.SkiaGmRenderer.render$default(SkiaGmRenderer.kt:17)
	at app//org.graphiks.kanvas.skia.SkiaGmRunner.render GM(SkiaGmRunner.kt:69)
	at java.base@25.0.1/java.lang.reflect.Method.invoke(Method.java:565)
	at java.base@25.0.1/java.util.stream.ForEachOps$ForEachOp$OfRef.accept(ForEachOps.java:186)
	at java.base@25.0.1/java.util.stream.ReferencePipeline$3$1.accept(ReferencePipeline.java:214)
	at java.base@25.0.1/java.util.stream.ReferencePipeline$2$1.accept(ReferencePipeline.java:197)
	at java.base@25.0.1/java.util.stream.ReferencePipeline$3$1.accept(ReferencePipeline.java:214)
	at java.base@25.0.1/java.util.stream.ForEachOps$ForEachOp$OfRef.accept(ForEachOps.java:186)
	at java.base@25.0.1/java.util.stream.ReferencePipeline$3$1.accept(ReferencePipeline.java:214)
	at java.base@25.0.1/java.util.stream.ReferencePipeline$3$1.accept(ReferencePipeline.java:214)
	at java.base@25.0.1/java.util.stream.ReferencePipeline$3$1.accept(ReferencePipeline.java:214)
	at java.base@25.0.1/java.util.stream.ForEachOps$ForEachOp$OfRef.accept(ForEachOps.java:186)
	at java.base@25.0.1/java.util.stream.ReferencePipeline$3$1.accept(ReferencePipeline.java:214)
	at java.base@25.0.1/java.util.ArrayList$ArrayListSpliterator.forEachRemaining(ArrayList.java:1716)
	at java.base@25.0.1/java.util.stream.ReferencePipeline$Head.forEach(ReferencePipeline.java:803)
	at java.base@25.0.1/java.util.stream.ReferencePipeline$7$1FlatMap.accept(ReferencePipeline.java:293)
	at java.base@25.0.1/java.util.stream.ReferencePipeline$3$1.accept(ReferencePipeline.java:214)
	at java.base@25.0.1/java.util.stream.ReferencePipeline$3$1.accept(ReferencePipeline.java:214)
	at java.base@25.0.1/java.util.stream.ReferencePipeline$3$1.accept(ReferencePipeline.java:214)
	at java.base@25.0.1/java.util.Spliterators$ArraySpliterator.forEachRemaining(Spliterators.java:1024)
	at java.base@25.0.1/java.util.stream.AbstractPipeline.copyInto(AbstractPipeline.java:570)
	at java.base@25.0.1/java.util.stream.AbstractPipeline.wrapAndCopyInto(AbstractPipeline.java:560)
	at java.base@25.0.1/java.util.stream.ForEachOps$ForEachOp.evaluateSequential(ForEachOps.java:153)
	at java.base@25.0.1/java.util.stream.ForEachOps$ForEachOp$OfRef.evaluateSequential(ForEachOps.java:176)
	at java.base@25.0.1/java.util.stream.AbstractPipeline.evaluate(AbstractPipeline.java:265)
	at java.base@25.0.1/java.util.stream.ReferencePipeline.forEach(ReferencePipeline.java:632)
	at java.base@25.0.1/java.util.stream.ReferencePipeline$7$1FlatMap.accept(ReferencePipeline.java:293)
	at java.base@25.0.1/java.util.stream.ReferencePipeline$3$1.accept(ReferencePipeline.java:214)
	at java.base@25.0.1/java.util.stream.ReferencePipeline$3$1.accept(ReferencePipeline.java:214)
	at java.base@25.0.1/java.util.stream.ReferencePipeline$3$1.accept(ReferencePipeline.java:214)
	at java.base@25.0.1/java.util.ArrayList$ArrayListSpliterator.forEachRemaining(ArrayList.java:1716)
	at java.base@25.0.1/java.util.stream.AbstractPipeline.copyInto(AbstractPipeline.java:570)
	at java.base@25.0.1/java.util.stream.AbstractPipeline.wrapAndCopyInto(AbstractPipeline.java:560)
	at java.base@25.0.1/java.util.stream.ForEachOps$ForEachOp.evaluateSequential(ForEachOps.java:153)
	at java.base@25.0.1/java.util.stream.ForEachOps$ForEachOp$OfRef.evaluateSequential(ForEachOps.java:176)
	at java.base@25.0.1/java.util.stream.AbstractPipeline.evaluate(AbstractPipeline.java:265)
	at java.base@25.0.1/java.util.stream.ReferencePipeline.forEach(ReferencePipeline.java:632)
	at java.base@25.0.1/java.util.stream.ReferencePipeline$7$1FlatMap.accept(ReferencePipeline.java:293)
	at java.base@25.0.1/java.util.ArrayList$ArrayListSpliterator.forEachRemaining(ArrayList.java:1716)
	at java.base@25.0.1/java.util.stream.AbstractPipeline.copyInto(AbstractPipeline.java:570)
	at java.base@25.0.1/java.util.stream.AbstractPipeline.wrapAndCopyInto(AbstractPipeline.java:560)
	at java.base@25.0.1/java.util.stream.ForEachOps$ForEachOp.evaluateSequential(ForEachOps.java:153)
	at java.base@25.0.1/java.util.stream.ForEachOps$ForEachOp$OfRef.evaluateSequential(ForEachOps.java:176)
	at java.base@25.0.1/java.util.stream.AbstractPipeline.evaluate(AbstractPipeline.java:265)
	at java.base@25.0.1/java.util.stream.ReferencePipeline.forEach(ReferencePipeline.java:632)
	at java.base@25.0.1/java.util.ArrayList.forEach(ArrayList.java:1604)
	at java.base@25.0.1/java.util.ArrayList.forEach(ArrayList.java:1604)
</failure>
  </testcase>
  <testcase name="[4] filltypespersp" classname="org.graphiks.kanvas.skia.SkiaGmRunner" time="0.039">
    <failure message="org.graphiks.kanvas.surface.gpu.GPUPreparedSurfaceTerminalException: unsupported.material.source_unimplemented: unsupported.material.source_unimplemented" type="org.graphiks.kanvas.surface.gpu.GPUPreparedSurfaceTerminalException">org.graphiks.kanvas.surface.gpu.GPUPreparedSurfaceTerminalException: unsupported.material.source_unimplemented: unsupported.material.source_unimplemented
	at app//org.graphiks.kanvas.surface.gpu.GPUPreparedSurfaceProductEntry.render(GPUPreparedSurfaceProductEntry.kt:61)
	at app//org.graphiks.kanvas.surface.gpu.GPURendererKt.renderViaGpu(GPURenderer.kt:18)
	at app//org.graphiks.kanvas.surface.gpu.GPURendererKt.renderViaGpu$default(GPURenderer.kt:9)
	at app//org.graphiks.kanvas.surface.Surface.render(Surface.kt:57)
	at app//org.graphiks.kanvas.skia.SkiaGmRenderer.render(SkiaGmRenderer.kt:32)
	at app//org.graphiks.kanvas.skia.SkiaGmRenderer.render$default(SkiaGmRenderer.kt:17)
	at app//org.graphiks.kanvas.skia.SkiaGmRunner.render GM(SkiaGmRunner.kt:69)
	at java.base@25.0.1/java.lang.reflect.Method.invoke(Method.java:565)
	at java.base@25.0.1/java.util.stream.ForEachOps$ForEachOp$OfRef.accept(ForEachOps.java:186)
	at java.base@25.0.1/java.util.stream.ReferencePipeline$3$1.accept(ReferencePipeline.java:214)
	at java.base@25.0.1/java.util.stream.ReferencePipeline$2$1.accept(ReferencePipeline.java:197)
	at java.base@25.0.1/java.util.stream.ReferencePipeline$3$1.accept(ReferencePipeline.java:214)
	at java.base@25.0.1/java.util.stream.ForEachOps$ForEachOp$OfRef.accept(ForEachOps.java:186)
	at java.base@25.0.1/java.util.stream.ReferencePipeline$3$1.accept(ReferencePipeline.java:214)
	at java.base@25.0.1/java.util.stream.ReferencePipeline$3$1.accept(ReferencePipeline.java:214)
	at java.base@25.0.1/java.util.stream.ReferencePipeline$3$1.accept(ReferencePipeline.java:214)
	at java.base@25.0.1/java.util.stream.ForEachOps$ForEachOp$OfRef.accept(ForEachOps.java:186)
	at java.base@25.0.1/java.util.stream.ReferencePipeline$3$1.accept(ReferencePipeline.java:214)
	at java.base@25.0.1/java.util.ArrayList$ArrayListSpliterator.forEachRemaining(ArrayList.java:1716)
	at java.base@25.0.1/java.util.stream.ReferencePipeline$Head.forEach(ReferencePipeline.java:803)
	at java.base@25.0.1/java.util.stream.ReferencePipeline$7$1FlatMap.accept(ReferencePipeline.java:293)
	at java.base@25.0.1/java.util.stream.ReferencePipeline$3$1.accept(ReferencePipeline.java:214)
	at java.base@25.0.1/java.util.stream.ReferencePipeline$3$1.accept(ReferencePipeline.java:214)
	at java.base@25.0.1/java.util.stream.ReferencePipeline$3$1.accept(ReferencePipeline.java:214)
	at java.base@25.0.1/java.util.Spliterators$ArraySpliterator.forEachRemaining(Spliterators.java:1024)
	at java.base@25.0.1/java.util.stream.AbstractPipeline.copyInto(AbstractPipeline.java:570)
	at java.base@25.0.1/java.util.stream.AbstractPipeline.wrapAndCopyInto(AbstractPipeline.java:560)
	at java.base@25.0.1/java.util.stream.ForEachOps$ForEachOp.evaluateSequential(ForEachOps.java:153)
	at java.base@25.0.1/java.util.stream.ForEachOps$ForEachOp$OfRef.evaluateSequential(ForEachOps.java:176)
	at java.base@25.0.1/java.util.stream.AbstractPipeline.evaluate(AbstractPipeline.java:265)
	at java.base@25.0.1/java.util.stream.ReferencePipeline.forEach(ReferencePipeline.java:632)
	at java.base@25.0.1/java.util.stream.ReferencePipeline$7$1FlatMap.accept(ReferencePipeline.java:293)
	at java.base@25.0.1/java.util.stream.ReferencePipeline$3$1.accept(ReferencePipeline.java:214)
	at java.base@25.0.1/java.util.stream.ReferencePipeline$3$1.accept(ReferencePipeline.java:214)
	at java.base@25.0.1/java.util.stream.ReferencePipeline$3$1.accept(ReferencePipeline.java:214)
	at java.base@25.0.1/java.util.ArrayList$ArrayListSpliterator.forEachRemaining(ArrayList.java:1716)
	at java.base@25.0.1/java.util.stream.AbstractPipeline.copyInto(AbstractPipeline.java:570)
	at java.base@25.0.1/java.util.stream.AbstractPipeline.wrapAndCopyInto(AbstractPipeline.java:560)
	at java.base@25.0.1/java.util.stream.ForEachOps$ForEachOp.evaluateSequential(ForEachOps.java:153)
	at java.base@25.0.1/java.util.stream.ForEachOps$ForEachOp$OfRef.evaluateSequential(ForEachOps.java:176)
	at java.base@25.0.1/java.util.stream.AbstractPipeline.evaluate(AbstractPipeline.java:265)
	at java.base@25.0.1/java.util.stream.ReferencePipeline.forEach(ReferencePipeline.java:632)
	at java.base@25.0.1/java.util.stream.ReferencePipeline$7$1FlatMap.accept(ReferencePipeline.java:293)
	at java.base@25.0.1/java.util.ArrayList$ArrayListSpliterator.forEachRemaining(ArrayList.java:1716)
	at java.base@25.0.1/java.util.stream.AbstractPipeline.copyInto(AbstractPipeline.java:570)
	at java.base@25.0.1/java.util.stream.AbstractPipeline.wrapAndCopyInto(AbstractPipeline.java:560)
	at java.base@25.0.1/java.util.stream.ForEachOps$ForEachOp.evaluateSequential(ForEachOps.java:153)
	at java.base@25.0.1/java.util.stream.ForEachOps$ForEachOp$OfRef.evaluateSequential(ForEachOps.java:176)
	at java.base@25.0.1/java.util.stream.AbstractPipeline.evaluate(AbstractPipeline.java:265)
	at java.base@25.0.1/java.util.stream.ReferencePipeline.forEach(ReferencePipeline.java:632)
	at java.base@25.0.1/java.util.ArrayList.forEach(ArrayList.java:1604)
	at java.base@25.0.1/java.util.ArrayList.forEach(ArrayList.java:1604)
</failure>
  </testcase>
  <testcase name="[5] inner_join_geometry" classname="org.graphiks.kanvas.skia.SkiaGmRunner" time="0.004">
    <failure message="org.graphiks.kanvas.surface.gpu.GPUPreparedSurfaceTerminalException: unsupported.geometry.path_key_nondeterministic: unsupported.geometry.path_key_nondeterministic" type="org.graphiks.kanvas.surface.gpu.GPUPreparedSurfaceTerminalException">org.graphiks.kanvas.surface.gpu.GPUPreparedSurfaceTerminalException: unsupported.geometry.path_key_nondeterministic: unsupported.geometry.path_key_nondeterministic
	at app//org.graphiks.kanvas.surface.gpu.GPUPreparedSurfaceProductEntry.render(GPUPreparedSurfaceProductEntry.kt:61)
	at app//org.graphiks.kanvas.surface.gpu.GPURendererKt.renderViaGpu(GPURenderer.kt:18)
	at app//org.graphiks.kanvas.surface.gpu.GPURendererKt.renderViaGpu$default(GPURenderer.kt:9)
	at app//org.graphiks.kanvas.surface.Surface.render(Surface.kt:57)
	at app//org.graphiks.kanvas.skia.SkiaGmRenderer.render(SkiaGmRenderer.kt:32)
	at app//org.graphiks.kanvas.skia.SkiaGmRenderer.render$default(SkiaGmRenderer.kt:17)
	at app//org.graphiks.kanvas.skia.SkiaGmRunner.render GM(SkiaGmRunner.kt:69)
	at java.base@25.0.1/java.lang.reflect.Method.invoke(Method.java:565)
	at java.base@25.0.1/java.util.stream.ForEachOps$ForEachOp$OfRef.accept(ForEachOps.java:186)
	at java.base@25.0.1/java.util.stream.ReferencePipeline$3$1.accept(ReferencePipeline.java:214)
	at java.base@25.0.1/java.util.stream.ReferencePipeline$2$1.accept(ReferencePipeline.java:197)
	at java.base@25.0.1/java.util.stream.ReferencePipeline$3$1.accept(ReferencePipeline.java:214)
	at java.base@25.0.1/java.util.stream.ForEachOps$ForEachOp$OfRef.accept(ForEachOps.java:186)
	at java.base@25.0.1/java.util.stream.ReferencePipeline$3$1.accept(ReferencePipeline.java:214)
	at java.base@25.0.1/java.util.stream.ReferencePipeline$3$1.accept(ReferencePipeline.java:214)
	at java.base@25.0.1/java.util.stream.ReferencePipeline$3$1.accept(ReferencePipeline.java:214)
	at java.base@25.0.1/java.util.stream.ForEachOps$ForEachOp$OfRef.accept(ForEachOps.java:186)
	at java.base@25.0.1/java.util.stream.ReferencePipeline$3$1.accept(ReferencePipeline.java:214)
	at java.base@25.0.1/java.util.ArrayList$ArrayListSpliterator.forEachRemaining(ArrayList.java:1716)
	at java.base@25.0.1/java.util.stream.ReferencePipeline$Head.forEach(ReferencePipeline.java:803)
	at java.base@25.0.1/java.util.stream.ReferencePipeline$7$1FlatMap.accept(ReferencePipeline.java:293)
	at java.base@25.0.1/java.util.stream.ReferencePipeline$3$1.accept(ReferencePipeline.java:214)
	at java.base@25.0.1/java.util.stream.ReferencePipeline$3$1.accept(ReferencePipeline.java:214)
	at java.base@25.0.1/java.util.stream.ReferencePipeline$3$1.accept(ReferencePipeline.java:214)
	at java.base@25.0.1/java.util.Spliterators$ArraySpliterator.forEachRemaining(Spliterators.java:1024)
	at java.base@25.0.1/java.util.stream.AbstractPipeline.copyInto(AbstractPipeline.java:570)
	at java.base@25.0.1/java.util.stream.AbstractPipeline.wrapAndCopyInto(AbstractPipeline.java:560)
	at java.base@25.0.1/java.util.stream.ForEachOps$ForEachOp.evaluateSequential(ForEachOps.java:153)
	at java.base@25.0.1/java.util.stream.ForEachOps$ForEachOp$OfRef.evaluateSequential(ForEachOps.java:176)
	at java.base@25.0.1/java.util.stream.AbstractPipeline.evaluate(AbstractPipeline.java:265)
	at java.base@25.0.1/java.util.stream.ReferencePipeline.forEach(ReferencePipeline.java:632)
	at java.base@25.0.1/java.util.stream.ReferencePipeline$7$1FlatMap.accept(ReferencePipeline.java:293)
	at java.base@25.0.1/java.util.stream.ReferencePipeline$3$1.accept(ReferencePipeline.java:214)
	at java.base@25.0.1/java.util.stream.ReferencePipeline$3$1.accept(ReferencePipeline.java:214)
	at java.base@25.0.1/java.util.stream.ReferencePipeline$3$1.accept(ReferencePipeline.java:214)
	at java.base@25.0.1/java.util.ArrayList$ArrayListSpliterator.forEachRemaining(ArrayList.java:1716)
	at java.base@25.0.1/java.util.stream.AbstractPipeline.copyInto(AbstractPipeline.java:570)
	at java.base@25.0.1/java.util.stream.AbstractPipeline.wrapAndCopyInto(AbstractPipeline.java:560)
	at java.base@25.0.1/java.util.stream.ForEachOps$ForEachOp.evaluateSequential(ForEachOps.java:153)
	at java.base@25.0.1/java.util.stream.ForEachOps$ForEachOp$OfRef.evaluateSequential(ForEachOps.java:176)
	at java.base@25.0.1/java.util.stream.AbstractPipeline.evaluate(AbstractPipeline.java:265)
	at java.base@25.0.1/java.util.stream.ReferencePipeline.forEach(ReferencePipeline.java:632)
	at java.base@25.0.1/java.util.stream.ReferencePipeline$7$1FlatMap.accept(ReferencePipeline.java:293)
	at java.base@25.0.1/java.util.ArrayList$ArrayListSpliterator.forEachRemaining(ArrayList.java:1716)
	at java.base@25.0.1/java.util.stream.AbstractPipeline.copyInto(AbstractPipeline.java:570)
	at java.base@25.0.1/java.util.stream.AbstractPipeline.wrapAndCopyInto(AbstractPipeline.java:560)
	at java.base@25.0.1/java.util.stream.ForEachOps$ForEachOp.evaluateSequential(ForEachOps.java:153)
	at java.base@25.0.1/java.util.stream.ForEachOps$ForEachOp$OfRef.evaluateSequential(ForEachOps.java:176)
	at java.base@25.0.1/java.util.stream.AbstractPipeline.evaluate(AbstractPipeline.java:265)
	at java.base@25.0.1/java.util.stream.ReferencePipeline.forEach(ReferencePipeline.java:632)
	at java.base@25.0.1/java.util.ArrayList.forEach(ArrayList.java:1604)
	at java.base@25.0.1/java.util.ArrayList.forEach(ArrayList.java:1604)
</failure>
  </testcase>
  <testcase name="[6] lattice2" classname="org.graphiks.kanvas.skia.SkiaGmRunner" time="0.259">
    <failure message="org.graphiks.kanvas.surface.gpu.GPUPreparedSurfaceTerminalException: unsupported.image.native_binding: Prepared Surface operation could not be lowered." type="org.graphiks.kanvas.surface.gpu.GPUPreparedSurfaceTerminalException">org.graphiks.kanvas.surface.gpu.GPUPreparedSurfaceTerminalException: unsupported.image.native_binding: Prepared Surface operation could not be lowered.
	at app//org.graphiks.kanvas.surface.gpu.GPUPreparedSurfaceProductEntry.render(GPUPreparedSurfaceProductEntry.kt:61)
	at app//org.graphiks.kanvas.surface.gpu.GPURendererKt.renderViaGpu(GPURenderer.kt:18)
	at app//org.graphiks.kanvas.surface.gpu.GPURendererKt.renderViaGpu$default(GPURenderer.kt:9)
	at app//org.graphiks.kanvas.surface.Surface.render(Surface.kt:57)
	at app//org.graphiks.kanvas.skia.SkiaGmRenderer.render(SkiaGmRenderer.kt:32)
	at app//org.graphiks.kanvas.skia.SkiaGmRenderer.render$default(SkiaGmRenderer.kt:17)
	at app//org.graphiks.kanvas.skia.SkiaGmRunner.render GM(SkiaGmRunner.kt:69)
	at java.base@25.0.1/java.lang.reflect.Method.invoke(Method.java:565)
	at java.base@25.0.1/java.util.stream.ForEachOps$ForEachOp$OfRef.accept(ForEachOps.java:186)
	at java.base@25.0.1/java.util.stream.ReferencePipeline$3$1.accept(ReferencePipeline.java:214)
	at java.base@25.0.1/java.util.stream.ReferencePipeline$2$1.accept(ReferencePipeline.java:197)
	at java.base@25.0.1/java.util.stream.ReferencePipeline$3$1.accept(ReferencePipeline.java:214)
	at java.base@25.0.1/java.util.stream.ForEachOps$ForEachOp$OfRef.accept(ForEachOps.java:186)
	at java.base@25.0.1/java.util.stream.ReferencePipeline$3$1.accept(ReferencePipeline.java:214)
	at java.base@25.0.1/java.util.stream.ReferencePipeline$3$1.accept(ReferencePipeline.java:214)
	at java.base@25.0.1/java.util.stream.ReferencePipeline$3$1.accept(ReferencePipeline.java:214)
	at java.base@25.0.1/java.util.stream.ForEachOps$ForEachOp$OfRef.accept(ForEachOps.java:186)
	at java.base@25.0.1/java.util.stream.ReferencePipeline$3$1.accept(ReferencePipeline.java:214)
	at java.base@25.0.1/java.util.ArrayList$ArrayListSpliterator.forEachRemaining(ArrayList.java:1716)
	at java.base@25.0.1/java.util.stream.ReferencePipeline$Head.forEach(ReferencePipeline.java:803)
	at java.base@25.0.1/java.util.stream.ReferencePipeline$7$1FlatMap.accept(ReferencePipeline.java:293)
	at java.base@25.0.1/java.util.stream.ReferencePipeline$3$1.accept(ReferencePipeline.java:214)
	at java.base@25.0.1/java.util.stream.ReferencePipeline$3$1.accept(ReferencePipeline.java:214)
	at java.base@25.0.1/java.util.stream.ReferencePipeline$3$1.accept(ReferencePipeline.java:214)
	at java.base@25.0.1/java.util.Spliterators$ArraySpliterator.forEachRemaining(Spliterators.java:1024)
	at java.base@25.0.1/java.util.stream.AbstractPipeline.copyInto(AbstractPipeline.java:570)
	at java.base@25.0.1/java.util.stream.AbstractPipeline.wrapAndCopyInto(AbstractPipeline.java:560)
	at java.base@25.0.1/java.util.stream.ForEachOps$ForEachOp.evaluateSequential(ForEachOps.java:153)
	at java.base@25.0.1/java.util.stream.ForEachOps$ForEachOp$OfRef.evaluateSequential(ForEachOps.java:176)
	at java.base@25.0.1/java.util.stream.AbstractPipeline.evaluate(AbstractPipeline.java:265)
	at java.base@25.0.1/java.util.stream.ReferencePipeline.forEach(ReferencePipeline.java:632)
	at java.base@25.0.1/java.util.stream.ReferencePipeline$7$1FlatMap.accept(ReferencePipeline.java:293)
	at java.base@25.0.1/java.util.stream.ReferencePipeline$3$1.accept(ReferencePipeline.java:214)
	at java.base@25.0.1/java.util.stream.ReferencePipeline$3$1.accept(ReferencePipeline.java:214)
	at java.base@25.0.1/java.util.stream.ReferencePipeline$3$1.accept(ReferencePipeline.java:214)
	at java.base@25.0.1/java.util.ArrayList$ArrayListSpliterator.forEachRemaining(ArrayList.java:1716)
	at java.base@25.0.1/java.util.stream.AbstractPipeline.copyInto(AbstractPipeline.java:570)
	at java.base@25.0.1/java.util.stream.AbstractPipeline.wrapAndCopyInto(AbstractPipeline.java:560)
	at java.base@25.0.1/java.util.stream.ForEachOps$ForEachOp.evaluateSequential(ForEachOps.java:153)
	at java.base@25.0.1/java.util.stream.ForEachOps$ForEachOp$OfRef.evaluateSequential(ForEachOps.java:176)
	at java.base@25.0.1/java.util.stream.AbstractPipeline.evaluate(AbstractPipeline.java:265)
	at java.base@25.0.1/java.util.stream.ReferencePipeline.forEach(ReferencePipeline.java:632)
	at java.base@25.0.1/java.util.stream.ReferencePipeline$7$1FlatMap.accept(ReferencePipeline.java:293)
	at java.base@25.0.1/java.util.ArrayList$ArrayListSpliterator.forEachRemaining(ArrayList.java:1716)
	at java.base@25.0.1/java.util.stream.AbstractPipeline.copyInto(AbstractPipeline.java:570)
	at java.base@25.0.1/java.util.stream.AbstractPipeline.wrapAndCopyInto(AbstractPipeline.java:560)
	at java.base@25.0.1/java.util.stream.ForEachOps$ForEachOp.evaluateSequential(ForEachOps.java:153)
	at java.base@25.0.1/java.util.stream.ForEachOps$ForEachOp$OfRef.evaluateSequential(ForEachOps.java:176)
	at java.base@25.0.1/java.util.stream.AbstractPipeline.evaluate(AbstractPipeline.java:265)
	at java.base@25.0.1/java.util.stream.ReferencePipeline.forEach(ReferencePipeline.java:632)
	at java.base@25.0.1/java.util.ArrayList.forEach(ArrayList.java:1604)
	at java.base@25.0.1/java.util.ArrayList.forEach(ArrayList.java:1604)
</failure>
  </testcase>
  <testcase name="[7] lineclosepath" classname="org.graphiks.kanvas.skia.SkiaGmRunner" time="2.871">
    <failure message="org.graphiks.kanvas.surface.gpu.GPUPreparedSurfaceTerminalException: unsupported.geometry.path_key_nondeterministic: unsupported.geometry.path_key_nondeterministic" type="org.graphiks.kanvas.surface.gpu.GPUPreparedSurfaceTerminalException">org.graphiks.kanvas.surface.gpu.GPUPreparedSurfaceTerminalException: unsupported.geometry.path_key_nondeterministic: unsupported.geometry.path_key_nondeterministic
	at app//org.graphiks.kanvas.surface.gpu.GPUPreparedSurfaceProductEntry.render(GPUPreparedSurfaceProductEntry.kt:61)
	at app//org.graphiks.kanvas.surface.gpu.GPURendererKt.renderViaGpu(GPURenderer.kt:18)
	at app//org.graphiks.kanvas.surface.gpu.GPURendererKt.renderViaGpu$default(GPURenderer.kt:9)
	at app//org.graphiks.kanvas.surface.Surface.render(Surface.kt:57)
	at app//org.graphiks.kanvas.skia.SkiaGmRenderer.render(SkiaGmRenderer.kt:32)
	at app//org.graphiks.kanvas.skia.SkiaGmRenderer.render$default(SkiaGmRenderer.kt:17)
	at app//org.graphiks.kanvas.skia.SkiaGmRunner.render GM(SkiaGmRunner.kt:69)
	at java.base@25.0.1/java.lang.reflect.Method.invoke(Method.java:565)
	at java.base@25.0.1/java.util.stream.ForEachOps$ForEachOp$OfRef.accept(ForEachOps.java:186)
	at java.base@25.0.1/java.util.stream.ReferencePipeline$3$1.accept(ReferencePipeline.java:214)
	at java.base@25.0.1/java.util.stream.ReferencePipeline$2$1.accept(ReferencePipeline.java:197)
	at java.base@25.0.1/java.util.stream.ReferencePipeline$3$1.accept(ReferencePipeline.java:214)
	at java.base@25.0.1/java.util.stream.ForEachOps$ForEachOp$OfRef.accept(ForEachOps.java:186)
	at java.base@25.0.1/java.util.stream.ReferencePipeline$3$1.accept(ReferencePipeline.java:214)
	at java.base@25.0.1/java.util.stream.ReferencePipeline$3$1.accept(ReferencePipeline.java:214)
	at java.base@25.0.1/java.util.stream.ReferencePipeline$3$1.accept(ReferencePipeline.java:214)
	at java.base@25.0.1/java.util.stream.ForEachOps$ForEachOp$OfRef.accept(ForEachOps.java:186)
	at java.base@25.0.1/java.util.stream.ReferencePipeline$3$1.accept(ReferencePipeline.java:214)
	at java.base@25.0.1/java.util.ArrayList$ArrayListSpliterator.forEachRemaining(ArrayList.java:1716)
	at java.base@25.0.1/java.util.stream.ReferencePipeline$Head.forEach(ReferencePipeline.java:803)
	at java.base@25.0.1/java.util.stream.ReferencePipeline$7$1FlatMap.accept(ReferencePipeline.java:293)
	at java.base@25.0.1/java.util.stream.ReferencePipeline$3$1.accept(ReferencePipeline.java:214)
	at java.base@25.0.1/java.util.stream.ReferencePipeline$3$1.accept(ReferencePipeline.java:214)
	at java.base@25.0.1/java.util.stream.ReferencePipeline$3$1.accept(ReferencePipeline.java:214)
	at java.base@25.0.1/java.util.Spliterators$ArraySpliterator.forEachRemaining(Spliterators.java:1024)
	at java.base@25.0.1/java.util.stream.AbstractPipeline.copyInto(AbstractPipeline.java:570)
	at java.base@25.0.1/java.util.stream.AbstractPipeline.wrapAndCopyInto(AbstractPipeline.java:560)
	at java.base@25.0.1/java.util.stream.ForEachOps$ForEachOp.evaluateSequential(ForEachOps.java:153)
	at java.base@25.0.1/java.util.stream.ForEachOps$ForEachOp$OfRef.evaluateSequential(ForEachOps.java:176)
	at java.base@25.0.1/java.util.stream.AbstractPipeline.evaluate(AbstractPipeline.java:265)
	at java.base@25.0.1/java.util.stream.ReferencePipeline.forEach(ReferencePipeline.java:632)
	at java.base@25.0.1/java.util.stream.ReferencePipeline$7$1FlatMap.accept(ReferencePipeline.java:293)
	at java.base@25.0.1/java.util.stream.ReferencePipeline$3$1.accept(ReferencePipeline.java:214)
	at java.base@25.0.1/java.util.stream.ReferencePipeline$3$1.accept(ReferencePipeline.java:214)
	at java.base@25.0.1/java.util.stream.ReferencePipeline$3$1.accept(ReferencePipeline.java:214)
	at java.base@25.0.1/java.util.ArrayList$ArrayListSpliterator.forEachRemaining(ArrayList.java:1716)
	at java.base@25.0.1/java.util.stream.AbstractPipeline.copyInto(AbstractPipeline.java:570)
	at java.base@25.0.1/java.util.stream.AbstractPipeline.wrapAndCopyInto(AbstractPipeline.java:560)
	at java.base@25.0.1/java.util.stream.ForEachOps$ForEachOp.evaluateSequential(ForEachOps.java:153)
	at java.base@25.0.1/java.util.stream.ForEachOps$ForEachOp$OfRef.evaluateSequential(ForEachOps.java:176)
	at java.base@25.0.1/java.util.stream.AbstractPipeline.evaluate(AbstractPipeline.java:265)
	at java.base@25.0.1/java.util.stream.ReferencePipeline.forEach(ReferencePipeline.java:632)
	at java.base@25.0.1/java.util.stream.ReferencePipeline$7$1FlatMap.accept(ReferencePipeline.java:293)
	at java.base@25.0.1/java.util.ArrayList$ArrayListSpliterator.forEachRemaining(ArrayList.java:1716)
	at java.base@25.0.1/java.util.stream.AbstractPipeline.copyInto(AbstractPipeline.java:570)
	at java.base@25.0.1/java.util.stream.AbstractPipeline.wrapAndCopyInto(AbstractPipeline.java:560)
	at java.base@25.0.1/java.util.stream.ForEachOps$ForEachOp.evaluateSequential(ForEachOps.java:153)
	at java.base@25.0.1/java.util.stream.ForEachOps$ForEachOp$OfRef.evaluateSequential(ForEachOps.java:176)
	at java.base@25.0.1/java.util.stream.AbstractPipeline.evaluate(AbstractPipeline.java:265)
	at java.base@25.0.1/java.util.stream.ReferencePipeline.forEach(ReferencePipeline.java:632)
	at java.base@25.0.1/java.util.ArrayList.forEach(ArrayList.java:1604)
	at java.base@25.0.1/java.util.ArrayList.forEach(ArrayList.java:1604)
</failure>
  </testcase>
  <testcase name="[8] linepath" classname="org.graphiks.kanvas.skia.SkiaGmRunner" time="0.005">
    <failure message="org.graphiks.kanvas.surface.gpu.GPUPreparedSurfaceTerminalException: unsupported.geometry.path_key_nondeterministic: unsupported.geometry.path_key_nondeterministic" type="org.graphiks.kanvas.surface.gpu.GPUPreparedSurfaceTerminalException">org.graphiks.kanvas.surface.gpu.GPUPreparedSurfaceTerminalException: unsupported.geometry.path_key_nondeterministic: unsupported.geometry.path_key_nondeterministic
	at app//org.graphiks.kanvas.surface.gpu.GPUPreparedSurfaceProductEntry.render(GPUPreparedSurfaceProductEntry.kt:61)
	at app//org.graphiks.kanvas.surface.gpu.GPURendererKt.renderViaGpu(GPURenderer.kt:18)
	at app//org.graphiks.kanvas.surface.gpu.GPURendererKt.renderViaGpu$default(GPURenderer.kt:9)
	at app//org.graphiks.kanvas.surface.Surface.render(Surface.kt:57)
	at app//org.graphiks.kanvas.skia.SkiaGmRenderer.render(SkiaGmRenderer.kt:32)
	at app//org.graphiks.kanvas.skia.SkiaGmRenderer.render$default(SkiaGmRenderer.kt:17)
	at app//org.graphiks.kanvas.skia.SkiaGmRunner.render GM(SkiaGmRunner.kt:69)
	at java.base@25.0.1/java.lang.reflect.Method.invoke(Method.java:565)
	at java.base@25.0.1/java.util.stream.ForEachOps$ForEachOp$OfRef.accept(ForEachOps.java:186)
	at java.base@25.0.1/java.util.stream.ReferencePipeline$3$1.accept(ReferencePipeline.java:214)
	at java.base@25.0.1/java.util.stream.ReferencePipeline$2$1.accept(ReferencePipeline.java:197)
	at java.base@25.0.1/java.util.stream.ReferencePipeline$3$1.accept(ReferencePipeline.java:214)
	at java.base@25.0.1/java.util.stream.ForEachOps$ForEachOp$OfRef.accept(ForEachOps.java:186)
	at java.base@25.0.1/java.util.stream.ReferencePipeline$3$1.accept(ReferencePipeline.java:214)
	at java.base@25.0.1/java.util.stream.ReferencePipeline$3$1.accept(ReferencePipeline.java:214)
	at java.base@25.0.1/java.util.stream.ReferencePipeline$3$1.accept(ReferencePipeline.java:214)
	at java.base@25.0.1/java.util.stream.ForEachOps$ForEachOp$OfRef.accept(ForEachOps.java:186)
	at java.base@25.0.1/java.util.stream.ReferencePipeline$3$1.accept(ReferencePipeline.java:214)
	at java.base@25.0.1/java.util.ArrayList$ArrayListSpliterator.forEachRemaining(ArrayList.java:1716)
	at java.base@25.0.1/java.util.stream.ReferencePipeline$Head.forEach(ReferencePipeline.java:803)
	at java.base@25.0.1/java.util.stream.ReferencePipeline$7$1FlatMap.accept(ReferencePipeline.java:293)
	at java.base@25.0.1/java.util.stream.ReferencePipeline$3$1.accept(ReferencePipeline.java:214)
	at java.base@25.0.1/java.util.stream.ReferencePipeline$3$1.accept(ReferencePipeline.java:214)
	at java.base@25.0.1/java.util.stream.ReferencePipeline$3$1.accept(ReferencePipeline.java:214)
	at java.base@25.0.1/java.util.Spliterators$ArraySpliterator.forEachRemaining(Spliterators.java:1024)
	at java.base@25.0.1/java.util.stream.AbstractPipeline.copyInto(AbstractPipeline.java:570)
	at java.base@25.0.1/java.util.stream.AbstractPipeline.wrapAndCopyInto(AbstractPipeline.java:560)
	at java.base@25.0.1/java.util.stream.ForEachOps$ForEachOp.evaluateSequential(ForEachOps.java:153)
	at java.base@25.0.1/java.util.stream.ForEachOps$ForEachOp$OfRef.evaluateSequential(ForEachOps.java:176)
	at java.base@25.0.1/java.util.stream.AbstractPipeline.evaluate(AbstractPipeline.java:265)
	at java.base@25.0.1/java.util.stream.ReferencePipeline.forEach(ReferencePipeline.java:632)
	at java.base@25.0.1/java.util.stream.ReferencePipeline$7$1FlatMap.accept(ReferencePipeline.java:293)
	at java.base@25.0.1/java.util.stream.ReferencePipeline$3$1.accept(ReferencePipeline.java:214)
	at java.base@25.0.1/java.util.stream.ReferencePipeline$3$1.accept(ReferencePipeline.java:214)
	at java.base@25.0.1/java.util.stream.ReferencePipeline$3$1.accept(ReferencePipeline.java:214)
	at java.base@25.0.1/java.util.ArrayList$ArrayListSpliterator.forEachRemaining(ArrayList.java:1716)
	at java.base@25.0.1/java.util.stream.AbstractPipeline.copyInto(AbstractPipeline.java:570)
	at java.base@25.0.1/java.util.stream.AbstractPipeline.wrapAndCopyInto(AbstractPipeline.java:560)
	at java.base@25.0.1/java.util.stream.ForEachOps$ForEachOp.evaluateSequential(ForEachOps.java:153)
	at java.base@25.0.1/java.util.stream.ForEachOps$ForEachOp$OfRef.evaluateSequential(ForEachOps.java:176)
	at java.base@25.0.1/java.util.stream.AbstractPipeline.evaluate(AbstractPipeline.java:265)
	at java.base@25.0.1/java.util.stream.ReferencePipeline.forEach(ReferencePipeline.java:632)
	at java.base@25.0.1/java.util.stream.ReferencePipeline$7$1FlatMap.accept(ReferencePipeline.java:293)
	at java.base@25.0.1/java.util.ArrayList$ArrayListSpliterator.forEachRemaining(ArrayList.java:1716)
	at java.base@25.0.1/java.util.stream.AbstractPipeline.copyInto(AbstractPipeline.java:570)
	at java.base@25.0.1/java.util.stream.AbstractPipeline.wrapAndCopyInto(AbstractPipeline.java:560)
	at java.base@25.0.1/java.util.stream.ForEachOps$ForEachOp.evaluateSequential(ForEachOps.java:153)
	at java.base@25.0.1/java.util.stream.ForEachOps$ForEachOp$OfRef.evaluateSequential(ForEachOps.java:176)
	at java.base@25.0.1/java.util.stream.AbstractPipeline.evaluate(AbstractPipeline.java:265)
	at java.base@25.0.1/java.util.stream.ReferencePipeline.forEach(ReferencePipeline.java:632)
	at java.base@25.0.1/java.util.ArrayList.forEach(ArrayList.java:1604)
	at java.base@25.0.1/java.util.ArrayList.forEach(ArrayList.java:1604)
</failure>
  </testcase>
  <testcase name="[9] macaatest" classname="org.graphiks.kanvas.skia.SkiaGmRunner" time="0.001">
    <failure message="kotlin.NotImplementedError: An operation is not implemented: STUB.MACAATEST — requires macOS CoreText APIs (platform-specific)" type="kotlin.NotImplementedError">kotlin.NotImplementedError: An operation is not implemented: STUB.MACAATEST — requires macOS CoreText APIs (platform-specific)
	at org.graphiks.kanvas.skia.gm.path.MacaatestGm.draw(MacaatestGm.kt:22)
	at org.graphiks.kanvas.skia.SkiaGmRenderer.render(SkiaGmRenderer.kt:31)
	at org.graphiks.kanvas.skia.SkiaGmRenderer.render$default(SkiaGmRenderer.kt:17)
	at org.graphiks.kanvas.skia.SkiaGmRunner.render GM(SkiaGmRunner.kt:69)
	at java.base/java.lang.reflect.Method.invoke(Method.java:565)
	at java.base/java.util.stream.ForEachOps$ForEachOp$OfRef.accept(ForEachOps.java:186)
	at java.base/java.util.stream.ReferencePipeline$3$1.accept(ReferencePipeline.java:214)
	at java.base/java.util.stream.ReferencePipeline$2$1.accept(ReferencePipeline.java:197)
	at java.base/java.util.stream.ReferencePipeline$3$1.accept(ReferencePipeline.java:214)
	at java.base/java.util.stream.ForEachOps$ForEachOp$OfRef.accept(ForEachOps.java:186)
	at java.base/java.util.stream.ReferencePipeline$3$1.accept(ReferencePipeline.java:214)
	at java.base/java.util.stream.ReferencePipeline$3$1.accept(ReferencePipeline.java:214)
	at java.base/java.util.stream.ReferencePipeline$3$1.accept(ReferencePipeline.java:214)
	at java.base/java.util.stream.ForEachOps$ForEachOp$OfRef.accept(ForEachOps.java:186)
	at java.base/java.util.stream.ReferencePipeline$3$1.accept(ReferencePipeline.java:214)
	at java.base/java.util.ArrayList$ArrayListSpliterator.forEachRemaining(ArrayList.java:1716)
	at java.base/java.util.stream.ReferencePipeline$Head.forEach(ReferencePipeline.java:803)
	at java.base/java.util.stream.ReferencePipeline$7$1FlatMap.accept(ReferencePipeline.java:293)
	at java.base/java.util.stream.ReferencePipeline$3$1.accept(ReferencePipeline.java:214)
	at java.base/java.util.stream.ReferencePipeline$3$1.accept(ReferencePipeline.java:214)
	at java.base/java.util.stream.ReferencePipeline$3$1.accept(ReferencePipeline.java:214)
	at java.base/java.util.Spliterators$ArraySpliterator.forEachRemaining(Spliterators.java:1024)
	at java.base/java.util.stream.AbstractPipeline.copyInto(AbstractPipeline.java:570)
	at java.base/java.util.stream.AbstractPipeline.wrapAndCopyInto(AbstractPipeline.java:560)
	at java.base/java.util.stream.ForEachOps$ForEachOp.evaluateSequential(ForEachOps.java:153)
	at java.base/java.util.stream.ForEachOps$ForEachOp$OfRef.evaluateSequential(ForEachOps.java:176)
	at java.base/java.util.stream.AbstractPipeline.evaluate(AbstractPipeline.java:265)
	at java.base/java.util.stream.ReferencePipeline.forEach(ReferencePipeline.java:632)
	at java.base/java.util.stream.ReferencePipeline$7$1FlatMap.accept(ReferencePipeline.java:293)
	at java.base/java.util.stream.ReferencePipeline$3$1.accept(ReferencePipeline.java:214)
	at java.base/java.util.stream.ReferencePipeline$3$1.accept(ReferencePipeline.java:214)
	at java.base/java.util.stream.ReferencePipeline$3$1.accept(ReferencePipeline.java:214)
	at java.base/java.util.ArrayList$ArrayListSpliterator.forEachRemaining(ArrayList.java:1716)
	at java.base/java.util.stream.AbstractPipeline.copyInto(AbstractPipeline.java:570)
	at java.base/java.util.stream.AbstractPipeline.wrapAndCopyInto(AbstractPipeline.java:560)
	at java.base/java.util.stream.ForEachOps$ForEachOp.evaluateSequential(ForEachOps.java:153)
	at java.base/java.util.stream.ForEachOps$ForEachOp$OfRef.evaluateSequential(ForEachOps.java:176)
	at java.base/java.util.stream.AbstractPipeline.evaluate(AbstractPipeline.java:265)
	at java.base/java.util.stream.ReferencePipeline.forEach(ReferencePipeline.java:632)
	at java.base/java.util.stream.ReferencePipeline$7$1FlatMap.accept(ReferencePipeline.java:293)
	at java.base/java.util.ArrayList$ArrayListSpliterator.forEachRemaining(ArrayList.java:1716)
	at java.base/java.util.stream.AbstractPipeline.copyInto(AbstractPipeline.java:570)
	at java.base/java.util.stream.AbstractPipeline.wrapAndCopyInto(AbstractPipeline.java:560)
	at java.base/java.util.stream.ForEachOps$ForEachOp.evaluateSequential(ForEachOps.java:153)
	at java.base/java.util.stream.ForEachOps$ForEachOp$OfRef.evaluateSequential(ForEachOps.java:176)
	at java.base/java.util.stream.AbstractPipeline.evaluate(AbstractPipeline.java:265)
	at java.base/java.util.stream.ReferencePipeline.forEach(ReferencePipeline.java:632)
	at java.base/java.util.ArrayList.forEach(ArrayList.java:1604)
	at java.base/java.util.ArrayList.forEach(ArrayList.java:1604)
</failure>
  </testcase>
  <testcase name="[10] mandoline" classname="org.graphiks.kanvas.skia.SkiaGmRunner" time="0.051">
    <failure message="org.graphiks.kanvas.surface.gpu.GPUPreparedSurfaceTerminalException: unsupported.core_primitive.stencil_edge_fan_budget: Core primitive geometry cannot be lowered exactly by the current canonical route." type="org.graphiks.kanvas.surface.gpu.GPUPreparedSurfaceTerminalException">org.graphiks.kanvas.surface.gpu.GPUPreparedSurfaceTerminalException: unsupported.core_primitive.stencil_edge_fan_budget: Core primitive geometry cannot be lowered exactly by the current canonical route.
	at app//org.graphiks.kanvas.surface.gpu.GPUPreparedSurfaceProductEntry.render(GPUPreparedSurfaceProductEntry.kt:61)
	at app//org.graphiks.kanvas.surface.gpu.GPURendererKt.renderViaGpu(GPURenderer.kt:18)
	at app//org.graphiks.kanvas.surface.gpu.GPURendererKt.renderViaGpu$default(GPURenderer.kt:9)
	at app//org.graphiks.kanvas.surface.Surface.render(Surface.kt:57)
	at app//org.graphiks.kanvas.skia.SkiaGmRenderer.render(SkiaGmRenderer.kt:32)
	at app//org.graphiks.kanvas.skia.SkiaGmRenderer.render$default(SkiaGmRenderer.kt:17)
	at app//org.graphiks.kanvas.skia.SkiaGmRunner.render GM(SkiaGmRunner.kt:69)
	at java.base@25.0.1/java.lang.reflect.Method.invoke(Method.java:565)
	at java.base@25.0.1/java.util.stream.ForEachOps$ForEachOp$OfRef.accept(ForEachOps.java:186)
	at java.base@25.0.1/java.util.stream.ReferencePipeline$3$1.accept(ReferencePipeline.java:214)
	at java.base@25.0.1/java.util.stream.ReferencePipeline$2$1.accept(ReferencePipeline.java:197)
	at java.base@25.0.1/java.util.stream.ReferencePipeline$3$1.accept(ReferencePipeline.java:214)
	at java.base@25.0.1/java.util.stream.ForEachOps$ForEachOp$OfRef.accept(ForEachOps.java:186)
	at java.base@25.0.1/java.util.stream.ReferencePipeline$3$1.accept(ReferencePipeline.java:214)
	at java.base@25.0.1/java.util.stream.ReferencePipeline$3$1.accept(ReferencePipeline.java:214)
	at java.base@25.0.1/java.util.stream.ReferencePipeline$3$1.accept(ReferencePipeline.java:214)
	at java.base@25.0.1/java.util.stream.ForEachOps$ForEachOp$OfRef.accept(ForEachOps.java:186)
	at java.base@25.0.1/java.util.stream.ReferencePipeline$3$1.accept(ReferencePipeline.java:214)
	at java.base@25.0.1/java.util.ArrayList$ArrayListSpliterator.forEachRemaining(ArrayList.java:1716)
	at java.base@25.0.1/java.util.stream.ReferencePipeline$Head.forEach(ReferencePipeline.java:803)
	at java.base@25.0.1/java.util.stream.ReferencePipeline$7$1FlatMap.accept(ReferencePipeline.java:293)
	at java.base@25.0.1/java.util.stream.ReferencePipeline$3$1.accept(ReferencePipeline.java:214)
	at java.base@25.0.1/java.util.stream.ReferencePipeline$3$1.accept(ReferencePipeline.java:214)
	at java.base@25.0.1/java.util.stream.ReferencePipeline$3$1.accept(ReferencePipeline.java:214)
	at java.base@25.0.1/java.util.Spliterators$ArraySpliterator.forEachRemaining(Spliterators.java:1024)
	at java.base@25.0.1/java.util.stream.AbstractPipeline.copyInto(AbstractPipeline.java:570)
	at java.base@25.0.1/java.util.stream.AbstractPipeline.wrapAndCopyInto(AbstractPipeline.java:560)
	at java.base@25.0.1/java.util.stream.ForEachOps$ForEachOp.evaluateSequential(ForEachOps.java:153)
	at java.base@25.0.1/java.util.stream.ForEachOps$ForEachOp$OfRef.evaluateSequential(ForEachOps.java:176)
	at java.base@25.0.1/java.util.stream.AbstractPipeline.evaluate(AbstractPipeline.java:265)
	at java.base@25.0.1/java.util.stream.ReferencePipeline.forEach(ReferencePipeline.java:632)
	at java.base@25.0.1/java.util.stream.ReferencePipeline$7$1FlatMap.accept(ReferencePipeline.java:293)
	at java.base@25.0.1/java.util.stream.ReferencePipeline$3$1.accept(ReferencePipeline.java:214)
	at java.base@25.0.1/java.util.stream.ReferencePipeline$3$1.accept(ReferencePipeline.java:214)
	at java.base@25.0.1/java.util.stream.ReferencePipeline$3$1.accept(ReferencePipeline.java:214)
	at java.base@25.0.1/java.util.ArrayList$ArrayListSpliterator.forEachRemaining(ArrayList.java:1716)
	at java.base@25.0.1/java.util.stream.AbstractPipeline.copyInto(AbstractPipeline.java:570)
	at java.base@25.0.1/java.util.stream.AbstractPipeline.wrapAndCopyInto(AbstractPipeline.java:560)
	at java.base@25.0.1/java.util.stream.ForEachOps$ForEachOp.evaluateSequential(ForEachOps.java:153)
	at java.base@25.0.1/java.util.stream.ForEachOps$ForEachOp$OfRef.evaluateSequential(ForEachOps.java:176)
	at java.base@25.0.1/java.util.stream.AbstractPipeline.evaluate(AbstractPipeline.java:265)
	at java.base@25.0.1/java.util.stream.ReferencePipeline.forEach(ReferencePipeline.java:632)
	at java.base@25.0.1/java.util.stream.ReferencePipeline$7$1FlatMap.accept(ReferencePipeline.java:293)
	at java.base@25.0.1/java.util.ArrayList$ArrayListSpliterator.forEachRemaining(ArrayList.java:1716)
	at java.base@25.0.1/java.util.stream.AbstractPipeline.copyInto(AbstractPipeline.java:570)
	at java.base@25.0.1/java.util.stream.AbstractPipeline.wrapAndCopyInto(AbstractPipeline.java:560)
	at java.base@25.0.1/java.util.stream.ForEachOps$ForEachOp.evaluateSequential(ForEachOps.java:153)
	at java.base@25.0.1/java.util.stream.ForEachOps$ForEachOp$OfRef.evaluateSequential(ForEachOps.java:176)
	at java.base@25.0.1/java.util.stream.AbstractPipeline.evaluate(AbstractPipeline.java:265)
	at java.base@25.0.1/java.util.stream.ReferencePipeline.forEach(ReferencePipeline.java:632)
	at java.base@25.0.1/java.util.ArrayList.forEach(ArrayList.java:1604)
	at java.base@25.0.1/java.util.ArrayList.forEach(ArrayList.java:1604)
</failure>
  </testcase>
  <testcase name="[11] manycircles" classname="org.graphiks.kanvas.skia.SkiaGmRunner" time="0.66">
    <failure message="org.graphiks.kanvas.surface.gpu.GPUPreparedSurfaceTerminalException: unsupported.core_primitive.stencil_edge_fan_budget: Core primitive geometry cannot be lowered exactly by the current canonical route." type="org.graphiks.kanvas.surface.gpu.GPUPreparedSurfaceTerminalException">org.graphiks.kanvas.surface.gpu.GPUPreparedSurfaceTerminalException: unsupported.core_primitive.stencil_edge_fan_budget: Core primitive geometry cannot be lowered exactly by the current canonical route.
	at app//org.graphiks.kanvas.surface.gpu.GPUPreparedSurfaceProductEntry.render(GPUPreparedSurfaceProductEntry.kt:61)
	at app//org.graphiks.kanvas.surface.gpu.GPURendererKt.renderViaGpu(GPURenderer.kt:18)
	at app//org.graphiks.kanvas.surface.gpu.GPURendererKt.renderViaGpu$default(GPURenderer.kt:9)
	at app//org.graphiks.kanvas.surface.Surface.render(Surface.kt:57)
	at app//org.graphiks.kanvas.skia.SkiaGmRenderer.render(SkiaGmRenderer.kt:32)
	at app//org.graphiks.kanvas.skia.SkiaGmRenderer.render$default(SkiaGmRenderer.kt:17)
	at app//org.graphiks.kanvas.skia.SkiaGmRunner.render GM(SkiaGmRunner.kt:69)
	at java.base@25.0.1/java.lang.reflect.Method.invoke(Method.java:565)
	at java.base@25.0.1/java.util.stream.ForEachOps$ForEachOp$OfRef.accept(ForEachOps.java:186)
	at java.base@25.0.1/java.util.stream.ReferencePipeline$3$1.accept(ReferencePipeline.java:214)
	at java.base@25.0.1/java.util.stream.ReferencePipeline$2$1.accept(ReferencePipeline.java:197)
	at java.base@25.0.1/java.util.stream.ReferencePipeline$3$1.accept(ReferencePipeline.java:214)
	at java.base@25.0.1/java.util.stream.ForEachOps$ForEachOp$OfRef.accept(ForEachOps.java:186)
	at java.base@25.0.1/java.util.stream.ReferencePipeline$3$1.accept(ReferencePipeline.java:214)
	at java.base@25.0.1/java.util.stream.ReferencePipeline$3$1.accept(ReferencePipeline.java:214)
	at java.base@25.0.1/java.util.stream.ReferencePipeline$3$1.accept(ReferencePipeline.java:214)
	at java.base@25.0.1/java.util.stream.ForEachOps$ForEachOp$OfRef.accept(ForEachOps.java:186)
	at java.base@25.0.1/java.util.stream.ReferencePipeline$3$1.accept(ReferencePipeline.java:214)
	at java.base@25.0.1/java.util.ArrayList$ArrayListSpliterator.forEachRemaining(ArrayList.java:1716)
	at java.base@25.0.1/java.util.stream.ReferencePipeline$Head.forEach(ReferencePipeline.java:803)
	at java.base@25.0.1/java.util.stream.ReferencePipeline$7$1FlatMap.accept(ReferencePipeline.java:293)
	at java.base@25.0.1/java.util.stream.ReferencePipeline$3$1.accept(ReferencePipeline.java:214)
	at java.base@25.0.1/java.util.stream.ReferencePipeline$3$1.accept(ReferencePipeline.java:214)
	at java.base@25.0.1/java.util.stream.ReferencePipeline$3$1.accept(ReferencePipeline.java:214)
	at java.base@25.0.1/java.util.Spliterators$ArraySpliterator.forEachRemaining(Spliterators.java:1024)
	at java.base@25.0.1/java.util.stream.AbstractPipeline.copyInto(AbstractPipeline.java:570)
	at java.base@25.0.1/java.util.stream.AbstractPipeline.wrapAndCopyInto(AbstractPipeline.java:560)
	at java.base@25.0.1/java.util.stream.ForEachOps$ForEachOp.evaluateSequential(ForEachOps.java:153)
	at java.base@25.0.1/java.util.stream.ForEachOps$ForEachOp$OfRef.evaluateSequential(ForEachOps.java:176)
	at java.base@25.0.1/java.util.stream.AbstractPipeline.evaluate(AbstractPipeline.java:265)
	at java.base@25.0.1/java.util.stream.ReferencePipeline.forEach(ReferencePipeline.java:632)
	at java.base@25.0.1/java.util.stream.ReferencePipeline$7$1FlatMap.accept(ReferencePipeline.java:293)
	at java.base@25.0.1/java.util.stream.ReferencePipeline$3$1.accept(ReferencePipeline.java:214)
	at java.base@25.0.1/java.util.stream.ReferencePipeline$3$1.accept(ReferencePipeline.java:214)
	at java.base@25.0.1/java.util.stream.ReferencePipeline$3$1.accept(ReferencePipeline.java:214)
	at java.base@25.0.1/java.util.ArrayList$ArrayListSpliterator.forEachRemaining(ArrayList.java:1716)
	at java.base@25.0.1/java.util.stream.AbstractPipeline.copyInto(AbstractPipeline.java:570)
	at java.base@25.0.1/java.util.stream.AbstractPipeline.wrapAndCopyInto(AbstractPipeline.java:560)
	at java.base@25.0.1/java.util.stream.ForEachOps$ForEachOp.evaluateSequential(ForEachOps.java:153)
	at java.base@25.0.1/java.util.stream.ForEachOps$ForEachOp$OfRef.evaluateSequential(ForEachOps.java:176)
	at java.base@25.0.1/java.util.stream.AbstractPipeline.evaluate(AbstractPipeline.java:265)
	at java.base@25.0.1/java.util.stream.ReferencePipeline.forEach(ReferencePipeline.java:632)
	at java.base@25.0.1/java.util.stream.ReferencePipeline$7$1FlatMap.accept(ReferencePipeline.java:293)
	at java.base@25.0.1/java.util.ArrayList$ArrayListSpliterator.forEachRemaining(ArrayList.java:1716)
	at java.base@25.0.1/java.util.stream.AbstractPipeline.copyInto(AbstractPipeline.java:570)
	at java.base@25.0.1/java.util.stream.AbstractPipeline.wrapAndCopyInto(AbstractPipeline.java:560)
	at java.base@25.0.1/java.util.stream.ForEachOps$ForEachOp.evaluateSequential(ForEachOps.java:153)
	at java.base@25.0.1/java.util.stream.ForEachOps$ForEachOp$OfRef.evaluateSequential(ForEachOps.java:176)
	at java.base@25.0.1/java.util.stream.AbstractPipeline.evaluate(AbstractPipeline.java:265)
	at java.base@25.0.1/java.util.stream.ReferencePipeline.forEach(ReferencePipeline.java:632)
	at java.base@25.0.1/java.util.ArrayList.forEach(ArrayList.java:1604)
	at java.base@25.0.1/java.util.ArrayList.forEach(ArrayList.java:1604)
</failure>
  </testcase>
  <testcase name="[12] manypathatlases" classname="org.graphiks.kanvas.skia.SkiaGmRunner" time="0.004">
    <failure message="org.graphiks.kanvas.surface.gpu.GPUPreparedSurfaceTerminalException: unsupported.core_primitive.stencil_edge_fan_budget: Core primitive geometry cannot be lowered exactly by the current canonical route." type="org.graphiks.kanvas.surface.gpu.GPUPreparedSurfaceTerminalException">org.graphiks.kanvas.surface.gpu.GPUPreparedSurfaceTerminalException: unsupported.core_primitive.stencil_edge_fan_budget: Core primitive geometry cannot be lowered exactly by the current canonical route.
	at app//org.graphiks.kanvas.surface.gpu.GPUPreparedSurfaceProductEntry.render(GPUPreparedSurfaceProductEntry.kt:61)
	at app//org.graphiks.kanvas.surface.gpu.GPURendererKt.renderViaGpu(GPURenderer.kt:18)
	at app//org.graphiks.kanvas.surface.gpu.GPURendererKt.renderViaGpu$default(GPURenderer.kt:9)
	at app//org.graphiks.kanvas.surface.Surface.render(Surface.kt:57)
	at app//org.graphiks.kanvas.skia.SkiaGmRenderer.render(SkiaGmRenderer.kt:32)
	at app//org.graphiks.kanvas.skia.SkiaGmRenderer.render$default(SkiaGmRenderer.kt:17)
	at app//org.graphiks.kanvas.skia.SkiaGmRunner.render GM(SkiaGmRunner.kt:69)
	at java.base@25.0.1/java.lang.reflect.Method.invoke(Method.java:565)
	at java.base@25.0.1/java.util.stream.ForEachOps$ForEachOp$OfRef.accept(ForEachOps.java:186)
	at java.base@25.0.1/java.util.stream.ReferencePipeline$3$1.accept(ReferencePipeline.java:214)
	at java.base@25.0.1/java.util.stream.ReferencePipeline$2$1.accept(ReferencePipeline.java:197)
	at java.base@25.0.1/java.util.stream.ReferencePipeline$3$1.accept(ReferencePipeline.java:214)
	at java.base@25.0.1/java.util.stream.ForEachOps$ForEachOp$OfRef.accept(ForEachOps.java:186)
	at java.base@25.0.1/java.util.stream.ReferencePipeline$3$1.accept(ReferencePipeline.java:214)
	at java.base@25.0.1/java.util.stream.ReferencePipeline$3$1.accept(ReferencePipeline.java:214)
	at java.base@25.0.1/java.util.stream.ReferencePipeline$3$1.accept(ReferencePipeline.java:214)
	at java.base@25.0.1/java.util.stream.ForEachOps$ForEachOp$OfRef.accept(ForEachOps.java:186)
	at java.base@25.0.1/java.util.stream.ReferencePipeline$3$1.accept(ReferencePipeline.java:214)
	at java.base@25.0.1/java.util.ArrayList$ArrayListSpliterator.forEachRemaining(ArrayList.java:1716)
	at java.base@25.0.1/java.util.stream.ReferencePipeline$Head.forEach(ReferencePipeline.java:803)
	at java.base@25.0.1/java.util.stream.ReferencePipeline$7$1FlatMap.accept(ReferencePipeline.java:293)
	at java.base@25.0.1/java.util.stream.ReferencePipeline$3$1.accept(ReferencePipeline.java:214)
	at java.base@25.0.1/java.util.stream.ReferencePipeline$3$1.accept(ReferencePipeline.java:214)
	at java.base@25.0.1/java.util.stream.ReferencePipeline$3$1.accept(ReferencePipeline.java:214)
	at java.base@25.0.1/java.util.Spliterators$ArraySpliterator.forEachRemaining(Spliterators.java:1024)
	at java.base@25.0.1/java.util.stream.AbstractPipeline.copyInto(AbstractPipeline.java:570)
	at java.base@25.0.1/java.util.stream.AbstractPipeline.wrapAndCopyInto(AbstractPipeline.java:560)
	at java.base@25.0.1/java.util.stream.ForEachOps$ForEachOp.evaluateSequential(ForEachOps.java:153)
	at java.base@25.0.1/java.util.stream.ForEachOps$ForEachOp$OfRef.evaluateSequential(ForEachOps.java:176)
	at java.base@25.0.1/java.util.stream.AbstractPipeline.evaluate(AbstractPipeline.java:265)
	at java.base@25.0.1/java.util.stream.ReferencePipeline.forEach(ReferencePipeline.java:632)
	at java.base@25.0.1/java.util.stream.ReferencePipeline$7$1FlatMap.accept(ReferencePipeline.java:293)
	at java.base@25.0.1/java.util.stream.ReferencePipeline$3$1.accept(ReferencePipeline.java:214)
	at java.base@25.0.1/java.util.stream.ReferencePipeline$3$1.accept(ReferencePipeline.java:214)
	at java.base@25.0.1/java.util.stream.ReferencePipeline$3$1.accept(ReferencePipeline.java:214)
	at java.base@25.0.1/java.util.ArrayList$ArrayListSpliterator.forEachRemaining(ArrayList.java:1716)
	at java.base@25.0.1/java.util.stream.AbstractPipeline.copyInto(AbstractPipeline.java:570)
	at java.base@25.0.1/java.util.stream.AbstractPipeline.wrapAndCopyInto(AbstractPipeline.java:560)
	at java.base@25.0.1/java.util.stream.ForEachOps$ForEachOp.evaluateSequential(ForEachOps.java:153)
	at java.base@25.0.1/java.util.stream.ForEachOps$ForEachOp$OfRef.evaluateSequential(ForEachOps.java:176)
	at java.base@25.0.1/java.util.stream.AbstractPipeline.evaluate(AbstractPipeline.java:265)
	at java.base@25.0.1/java.util.stream.ReferencePipeline.forEach(ReferencePipeline.java:632)
	at java.base@25.0.1/java.util.stream.ReferencePipeline$7$1FlatMap.accept(ReferencePipeline.java:293)
	at java.base@25.0.1/java.util.ArrayList$ArrayListSpliterator.forEachRemaining(ArrayList.java:1716)
	at java.base@25.0.1/java.util.stream.AbstractPipeline.copyInto(AbstractPipeline.java:570)
	at java.base@25.0.1/java.util.stream.AbstractPipeline.wrapAndCopyInto(AbstractPipeline.java:560)
	at java.base@25.0.1/java.util.stream.ForEachOps$ForEachOp.evaluateSequential(ForEachOps.java:153)
	at java.base@25.0.1/java.util.stream.ForEachOps$ForEachOp$OfRef.evaluateSequential(ForEachOps.java:176)
	at java.base@25.0.1/java.util.stream.AbstractPipeline.evaluate(AbstractPipeline.java:265)
	at java.base@25.0.1/java.util.stream.ReferencePipeline.forEach(ReferencePipeline.java:632)
	at java.base@25.0.1/java.util.ArrayList.forEach(ArrayList.java:1604)
	at java.base@25.0.1/java.util.ArrayList.forEach(ArrayList.java:1604)
</failure>
  </testcase>
  <testcase name="[13] nested" classname="org.graphiks.kanvas.skia.SkiaGmRunner" time="0.041">
    <failure message="org.graphiks.kanvas.surface.gpu.GPUPreparedSurfaceTerminalException: unsupported.core_primitive.stencil_edge_fan_budget: Core primitive geometry cannot be lowered exactly by the current canonical route." type="org.graphiks.kanvas.surface.gpu.GPUPreparedSurfaceTerminalException">org.graphiks.kanvas.surface.gpu.GPUPreparedSurfaceTerminalException: unsupported.core_primitive.stencil_edge_fan_budget: Core primitive geometry cannot be lowered exactly by the current canonical route.
	at app//org.graphiks.kanvas.surface.gpu.GPUPreparedSurfaceProductEntry.render(GPUPreparedSurfaceProductEntry.kt:61)
	at app//org.graphiks.kanvas.surface.gpu.GPURendererKt.renderViaGpu(GPURenderer.kt:18)
	at app//org.graphiks.kanvas.surface.gpu.GPURendererKt.renderViaGpu$default(GPURenderer.kt:9)
	at app//org.graphiks.kanvas.surface.Surface.render(Surface.kt:57)
	at app//org.graphiks.kanvas.skia.SkiaGmRenderer.render(SkiaGmRenderer.kt:32)
	at app//org.graphiks.kanvas.skia.SkiaGmRenderer.render$default(SkiaGmRenderer.kt:17)
	at app//org.graphiks.kanvas.skia.SkiaGmRunner.render GM(SkiaGmRunner.kt:69)
	at java.base@25.0.1/java.lang.reflect.Method.invoke(Method.java:565)
	at java.base@25.0.1/java.util.stream.ForEachOps$ForEachOp$OfRef.accept(ForEachOps.java:186)
	at java.base@25.0.1/java.util.stream.ReferencePipeline$3$1.accept(ReferencePipeline.java:214)
	at java.base@25.0.1/java.util.stream.ReferencePipeline$2$1.accept(ReferencePipeline.java:197)
	at java.base@25.0.1/java.util.stream.ReferencePipeline$3$1.accept(ReferencePipeline.java:214)
	at java.base@25.0.1/java.util.stream.ForEachOps$ForEachOp$OfRef.accept(ForEachOps.java:186)
	at java.base@25.0.1/java.util.stream.ReferencePipeline$3$1.accept(ReferencePipeline.java:214)
	at java.base@25.0.1/java.util.stream.ReferencePipeline$3$1.accept(ReferencePipeline.java:214)
	at java.base@25.0.1/java.util.stream.ReferencePipeline$3$1.accept(ReferencePipeline.java:214)
	at java.base@25.0.1/java.util.stream.ForEachOps$ForEachOp$OfRef.accept(ForEachOps.java:186)
	at java.base@25.0.1/java.util.stream.ReferencePipeline$3$1.accept(ReferencePipeline.java:214)
	at java.base@25.0.1/java.util.ArrayList$ArrayListSpliterator.forEachRemaining(ArrayList.java:1716)
	at java.base@25.0.1/java.util.stream.ReferencePipeline$Head.forEach(ReferencePipeline.java:803)
	at java.base@25.0.1/java.util.stream.ReferencePipeline$7$1FlatMap.accept(ReferencePipeline.java:293)
	at java.base@25.0.1/java.util.stream.ReferencePipeline$3$1.accept(ReferencePipeline.java:214)
	at java.base@25.0.1/java.util.stream.ReferencePipeline$3$1.accept(ReferencePipeline.java:214)
	at java.base@25.0.1/java.util.stream.ReferencePipeline$3$1.accept(ReferencePipeline.java:214)
	at java.base@25.0.1/java.util.Spliterators$ArraySpliterator.forEachRemaining(Spliterators.java:1024)
	at java.base@25.0.1/java.util.stream.AbstractPipeline.copyInto(AbstractPipeline.java:570)
	at java.base@25.0.1/java.util.stream.AbstractPipeline.wrapAndCopyInto(AbstractPipeline.java:560)
	at java.base@25.0.1/java.util.stream.ForEachOps$ForEachOp.evaluateSequential(ForEachOps.java:153)
	at java.base@25.0.1/java.util.stream.ForEachOps$ForEachOp$OfRef.evaluateSequential(ForEachOps.java:176)
	at java.base@25.0.1/java.util.stream.AbstractPipeline.evaluate(AbstractPipeline.java:265)
	at java.base@25.0.1/java.util.stream.ReferencePipeline.forEach(ReferencePipeline.java:632)
	at java.base@25.0.1/java.util.stream.ReferencePipeline$7$1FlatMap.accept(ReferencePipeline.java:293)
	at java.base@25.0.1/java.util.stream.ReferencePipeline$3$1.accept(ReferencePipeline.java:214)
	at java.base@25.0.1/java.util.stream.ReferencePipeline$3$1.accept(ReferencePipeline.java:214)
	at java.base@25.0.1/java.util.stream.ReferencePipeline$3$1.accept(ReferencePipeline.java:214)
	at java.base@25.0.1/java.util.ArrayList$ArrayListSpliterator.forEachRemaining(ArrayList.java:1716)
	at java.base@25.0.1/java.util.stream.AbstractPipeline.copyInto(AbstractPipeline.java:570)
	at java.base@25.0.1/java.util.stream.AbstractPipeline.wrapAndCopyInto(AbstractPipeline.java:560)
	at java.base@25.0.1/java.util.stream.ForEachOps$ForEachOp.evaluateSequential(ForEachOps.java:153)
	at java.base@25.0.1/java.util.stream.ForEachOps$ForEachOp$OfRef.evaluateSequential(ForEachOps.java:176)
	at java.base@25.0.1/java.util.stream.AbstractPipeline.evaluate(AbstractPipeline.java:265)
	at java.base@25.0.1/java.util.stream.ReferencePipeline.forEach(ReferencePipeline.java:632)
	at java.base@25.0.1/java.util.stream.ReferencePipeline$7$1FlatMap.accept(ReferencePipeline.java:293)
	at java.base@25.0.1/java.util.ArrayList$ArrayListSpliterator.forEachRemaining(ArrayList.java:1716)
	at java.base@25.0.1/java.util.stream.AbstractPipeline.copyInto(AbstractPipeline.java:570)
	at java.base@25.0.1/java.util.stream.AbstractPipeline.wrapAndCopyInto(AbstractPipeline.java:560)
	at java.base@25.0.1/java.util.stream.ForEachOps$ForEachOp.evaluateSequential(ForEachOps.java:153)
	at java.base@25.0.1/java.util.stream.ForEachOps$ForEachOp$OfRef.evaluateSequential(ForEachOps.java:176)
	at java.base@25.0.1/java.util.stream.AbstractPipeline.evaluate(AbstractPipeline.java:265)
	at java.base@25.0.1/java.util.stream.ReferencePipeline.forEach(ReferencePipeline.java:632)
	at java.base@25.0.1/java.util.ArrayList.forEach(ArrayList.java:1604)
	at java.base@25.0.1/java.util.ArrayList.forEach(ArrayList.java:1604)
</failure>
  </testcase>
  <testcase name="[14] nonclosedpaths" classname="org.graphiks.kanvas.skia.SkiaGmRunner" time="0.005">
    <failure message="org.graphiks.kanvas.surface.gpu.GPUPreparedSurfaceTerminalException: unsupported.geometry.path_key_nondeterministic: unsupported.geometry.path_key_nondeterministic" type="org.graphiks.kanvas.surface.gpu.GPUPreparedSurfaceTerminalException">org.graphiks.kanvas.surface.gpu.GPUPreparedSurfaceTerminalException: unsupported.geometry.path_key_nondeterministic: unsupported.geometry.path_key_nondeterministic
	at app//org.graphiks.kanvas.surface.gpu.GPUPreparedSurfaceProductEntry.render(GPUPreparedSurfaceProductEntry.kt:61)
	at app//org.graphiks.kanvas.surface.gpu.GPURendererKt.renderViaGpu(GPURenderer.kt:18)
	at app//org.graphiks.kanvas.surface.gpu.GPURendererKt.renderViaGpu$default(GPURenderer.kt:9)
	at app//org.graphiks.kanvas.surface.Surface.render(Surface.kt:57)
	at app//org.graphiks.kanvas.skia.SkiaGmRenderer.render(SkiaGmRenderer.kt:32)
	at app//org.graphiks.kanvas.skia.SkiaGmRenderer.render$default(SkiaGmRenderer.kt:17)
	at app//org.graphiks.kanvas.skia.SkiaGmRunner.render GM(SkiaGmRunner.kt:69)
	at java.base@25.0.1/java.lang.reflect.Method.invoke(Method.java:565)
	at java.base@25.0.1/java.util.stream.ForEachOps$ForEachOp$OfRef.accept(ForEachOps.java:186)
	at java.base@25.0.1/java.util.stream.ReferencePipeline$3$1.accept(ReferencePipeline.java:214)
	at java.base@25.0.1/java.util.stream.ReferencePipeline$2$1.accept(ReferencePipeline.java:197)
	at java.base@25.0.1/java.util.stream.ReferencePipeline$3$1.accept(ReferencePipeline.java:214)
	at java.base@25.0.1/java.util.stream.ForEachOps$ForEachOp$OfRef.accept(ForEachOps.java:186)
	at java.base@25.0.1/java.util.stream.ReferencePipeline$3$1.accept(ReferencePipeline.java:214)
	at java.base@25.0.1/java.util.stream.ReferencePipeline$3$1.accept(ReferencePipeline.java:214)
	at java.base@25.0.1/java.util.stream.ReferencePipeline$3$1.accept(ReferencePipeline.java:214)
	at java.base@25.0.1/java.util.stream.ForEachOps$ForEachOp$OfRef.accept(ForEachOps.java:186)
	at java.base@25.0.1/java.util.stream.ReferencePipeline$3$1.accept(ReferencePipeline.java:214)
	at java.base@25.0.1/java.util.ArrayList$ArrayListSpliterator.forEachRemaining(ArrayList.java:1716)
	at java.base@25.0.1/java.util.stream.ReferencePipeline$Head.forEach(ReferencePipeline.java:803)
	at java.base@25.0.1/java.util.stream.ReferencePipeline$7$1FlatMap.accept(ReferencePipeline.java:293)
	at java.base@25.0.1/java.util.stream.ReferencePipeline$3$1.accept(ReferencePipeline.java:214)
	at java.base@25.0.1/java.util.stream.ReferencePipeline$3$1.accept(ReferencePipeline.java:214)
	at java.base@25.0.1/java.util.stream.ReferencePipeline$3$1.accept(ReferencePipeline.java:214)
	at java.base@25.0.1/java.util.Spliterators$ArraySpliterator.forEachRemaining(Spliterators.java:1024)
	at java.base@25.0.1/java.util.stream.AbstractPipeline.copyInto(AbstractPipeline.java:570)
	at java.base@25.0.1/java.util.stream.AbstractPipeline.wrapAndCopyInto(AbstractPipeline.java:560)
	at java.base@25.0.1/java.util.stream.ForEachOps$ForEachOp.evaluateSequential(ForEachOps.java:153)
	at java.base@25.0.1/java.util.stream.ForEachOps$ForEachOp$OfRef.evaluateSequential(ForEachOps.java:176)
	at java.base@25.0.1/java.util.stream.AbstractPipeline.evaluate(AbstractPipeline.java:265)
	at java.base@25.0.1/java.util.stream.ReferencePipeline.forEach(ReferencePipeline.java:632)
	at java.base@25.0.1/java.util.stream.ReferencePipeline$7$1FlatMap.accept(ReferencePipeline.java:293)
	at java.base@25.0.1/java.util.stream.ReferencePipeline$3$1.accept(ReferencePipeline.java:214)
	at java.base@25.0.1/java.util.stream.ReferencePipeline$3$1.accept(ReferencePipeline.java:214)
	at java.base@25.0.1/java.util.stream.ReferencePipeline$3$1.accept(ReferencePipeline.java:214)
	at java.base@25.0.1/java.util.ArrayList$ArrayListSpliterator.forEachRemaining(ArrayList.java:1716)
	at java.base@25.0.1/java.util.stream.AbstractPipeline.copyInto(AbstractPipeline.java:570)
	at java.base@25.0.1/java.util.stream.AbstractPipeline.wrapAndCopyInto(AbstractPipeline.java:560)
	at java.base@25.0.1/java.util.stream.ForEachOps$ForEachOp.evaluateSequential(ForEachOps.java:153)
	at java.base@25.0.1/java.util.stream.ForEachOps$ForEachOp$OfRef.evaluateSequential(ForEachOps.java:176)
	at java.base@25.0.1/java.util.stream.AbstractPipeline.evaluate(AbstractPipeline.java:265)
	at java.base@25.0.1/java.util.stream.ReferencePipeline.forEach(ReferencePipeline.java:632)
	at java.base@25.0.1/java.util.stream.ReferencePipeline$7$1FlatMap.accept(ReferencePipeline.java:293)
	at java.base@25.0.1/java.util.ArrayList$ArrayListSpliterator.forEachRemaining(ArrayList.java:1716)
	at java.base@25.0.1/java.util.stream.AbstractPipeline.copyInto(AbstractPipeline.java:570)
	at java.base@25.0.1/java.util.stream.AbstractPipeline.wrapAndCopyInto(AbstractPipeline.java:560)
	at java.base@25.0.1/java.util.stream.ForEachOps$ForEachOp.evaluateSequential(ForEachOps.java:153)
	at java.base@25.0.1/java.util.stream.ForEachOps$ForEachOp$OfRef.evaluateSequential(ForEachOps.java:176)
	at java.base@25.0.1/java.util.stream.AbstractPipeline.evaluate(AbstractPipeline.java:265)
	at java.base@25.0.1/java.util.stream.ReferencePipeline.forEach(ReferencePipeline.java:632)
	at java.base@25.0.1/java.util.ArrayList.forEach(ArrayList.java:1604)
	at java.base@25.0.1/java.util.ArrayList.forEach(ArrayList.java:1604)
</failure>
  </testcase>
  <testcase name="[15] OverStroke" classname="org.graphiks.kanvas.skia.SkiaGmRunner" time="0.007">
    <failure message="org.graphiks.kanvas.surface.gpu.GPUPreparedSurfaceTerminalException: unsupported.geometry.path_key_nondeterministic: unsupported.geometry.path_key_nondeterministic" type="org.graphiks.kanvas.surface.gpu.GPUPreparedSurfaceTerminalException">org.graphiks.kanvas.surface.gpu.GPUPreparedSurfaceTerminalException: unsupported.geometry.path_key_nondeterministic: unsupported.geometry.path_key_nondeterministic
	at app//org.graphiks.kanvas.surface.gpu.GPUPreparedSurfaceProductEntry.render(GPUPreparedSurfaceProductEntry.kt:61)
	at app//org.graphiks.kanvas.surface.gpu.GPURendererKt.renderViaGpu(GPURenderer.kt:18)
	at app//org.graphiks.kanvas.surface.gpu.GPURendererKt.renderViaGpu$default(GPURenderer.kt:9)
	at app//org.graphiks.kanvas.surface.Surface.render(Surface.kt:57)
	at app//org.graphiks.kanvas.skia.SkiaGmRenderer.render(SkiaGmRenderer.kt:32)
	at app//org.graphiks.kanvas.skia.SkiaGmRenderer.render$default(SkiaGmRenderer.kt:17)
	at app//org.graphiks.kanvas.skia.SkiaGmRunner.render GM(SkiaGmRunner.kt:69)
	at java.base@25.0.1/java.lang.reflect.Method.invoke(Method.java:565)
	at java.base@25.0.1/java.util.stream.ForEachOps$ForEachOp$OfRef.accept(ForEachOps.java:186)
	at java.base@25.0.1/java.util.stream.ReferencePipeline$3$1.accept(ReferencePipeline.java:214)
	at java.base@25.0.1/java.util.stream.ReferencePipeline$2$1.accept(ReferencePipeline.java:197)
	at java.base@25.0.1/java.util.stream.ReferencePipeline$3$1.accept(ReferencePipeline.java:214)
	at java.base@25.0.1/java.util.stream.ForEachOps$ForEachOp$OfRef.accept(ForEachOps.java:186)
	at java.base@25.0.1/java.util.stream.ReferencePipeline$3$1.accept(ReferencePipeline.java:214)
	at java.base@25.0.1/java.util.stream.ReferencePipeline$3$1.accept(ReferencePipeline.java:214)
	at java.base@25.0.1/java.util.stream.ReferencePipeline$3$1.accept(ReferencePipeline.java:214)
	at java.base@25.0.1/java.util.stream.ForEachOps$ForEachOp$OfRef.accept(ForEachOps.java:186)
	at java.base@25.0.1/java.util.stream.ReferencePipeline$3$1.accept(ReferencePipeline.java:214)
	at java.base@25.0.1/java.util.ArrayList$ArrayListSpliterator.forEachRemaining(ArrayList.java:1716)
	at java.base@25.0.1/java.util.stream.ReferencePipeline$Head.forEach(ReferencePipeline.java:803)
	at java.base@25.0.1/java.util.stream.ReferencePipeline$7$1FlatMap.accept(ReferencePipeline.java:293)
	at java.base@25.0.1/java.util.stream.ReferencePipeline$3$1.accept(ReferencePipeline.java:214)
	at java.base@25.0.1/java.util.stream.ReferencePipeline$3$1.accept(ReferencePipeline.java:214)
	at java.base@25.0.1/java.util.stream.ReferencePipeline$3$1.accept(ReferencePipeline.java:214)
	at java.base@25.0.1/java.util.Spliterators$ArraySpliterator.forEachRemaining(Spliterators.java:1024)
	at java.base@25.0.1/java.util.stream.AbstractPipeline.copyInto(AbstractPipeline.java:570)
	at java.base@25.0.1/java.util.stream.AbstractPipeline.wrapAndCopyInto(AbstractPipeline.java:560)
	at java.base@25.0.1/java.util.stream.ForEachOps$ForEachOp.evaluateSequential(ForEachOps.java:153)
	at java.base@25.0.1/java.util.stream.ForEachOps$ForEachOp$OfRef.evaluateSequential(ForEachOps.java:176)
	at java.base@25.0.1/java.util.stream.AbstractPipeline.evaluate(AbstractPipeline.java:265)
	at java.base@25.0.1/java.util.stream.ReferencePipeline.forEach(ReferencePipeline.java:632)
	at java.base@25.0.1/java.util.stream.ReferencePipeline$7$1FlatMap.accept(ReferencePipeline.java:293)
	at java.base@25.0.1/java.util.stream.ReferencePipeline$3$1.accept(ReferencePipeline.java:214)
	at java.base@25.0.1/java.util.stream.ReferencePipeline$3$1.accept(ReferencePipeline.java:214)
	at java.base@25.0.1/java.util.stream.ReferencePipeline$3$1.accept(ReferencePipeline.java:214)
	at java.base@25.0.1/java.util.ArrayList$ArrayListSpliterator.forEachRemaining(ArrayList.java:1716)
	at java.base@25.0.1/java.util.stream.AbstractPipeline.copyInto(AbstractPipeline.java:570)
	at java.base@25.0.1/java.util.stream.AbstractPipeline.wrapAndCopyInto(AbstractPipeline.java:560)
	at java.base@25.0.1/java.util.stream.ForEachOps$ForEachOp.evaluateSequential(ForEachOps.java:153)
	at java.base@25.0.1/java.util.stream.ForEachOps$ForEachOp$OfRef.evaluateSequential(ForEachOps.java:176)
	at java.base@25.0.1/java.util.stream.AbstractPipeline.evaluate(AbstractPipeline.java:265)
	at java.base@25.0.1/java.util.stream.ReferencePipeline.forEach(ReferencePipeline.java:632)
	at java.base@25.0.1/java.util.stream.ReferencePipeline$7$1FlatMap.accept(ReferencePipeline.java:293)
	at java.base@25.0.1/java.util.ArrayList$ArrayListSpliterator.forEachRemaining(ArrayList.java:1716)
	at java.base@25.0.1/java.util.stream.AbstractPipeline.copyInto(AbstractPipeline.java:570)
[...]
	at java.base@25.0.1/java.util.stream.ReferencePipeline$7$1FlatMap.accept(ReferencePipeline.java:293)
	at java.base@25.0.1/java.util.ArrayList$ArrayListSpliterator.forEachRemaining(ArrayList.java:1716)
	at java.base@25.0.1/java.util.stream.AbstractPipeline.copyInto(AbstractPipeline.java:570)
	at java.base@25.0.1/java.util.stream.AbstractPipeline.wrapAndCopyInto(AbstractPipeline.java:560)
	at java.base@25.0.1/java.util.stream.ForEachOps$ForEachOp.evaluateSequential(ForEachOps.java:153)
	at java.base@25.0.1/java.util.stream.ForEachOps$ForEachOp$OfRef.evaluateSequential(ForEachOps.java:176)
	at java.base@25.0.1/java.util.stream.AbstractPipeline.evaluate(AbstractPipeline.java:265)
	at java.base@25.0.1/java.util.stream.ReferencePipeline.forEach(ReferencePipeline.java:632)
	at java.base@25.0.1/java.util.ArrayList.forEach(ArrayList.java:1604)
	at java.base@25.0.1/java.util.ArrayList.forEach(ArrayList.java:1604)
</failure>
  </testcase>
  <testcase name="[156] typefacestyles_kerning" classname="org.graphiks.kanvas.skia.SkiaGmRunner" time="0.179">
    <failure message="org.graphiks.kanvas.surface.gpu.GPUPreparedSurfaceTerminalException: invalid.surface.prepared.text-command: Prepared Surface operation could not be lowered." type="org.graphiks.kanvas.surface.gpu.GPUPreparedSurfaceTerminalException">org.graphiks.kanvas.surface.gpu.GPUPreparedSurfaceTerminalException: invalid.surface.prepared.text-command: Prepared Surface operation could not be lowered.
	at app//org.graphiks.kanvas.surface.gpu.GPUPreparedSurfaceProductEntry.render(GPUPreparedSurfaceProductEntry.kt:61)
	at app//org.graphiks.kanvas.surface.gpu.GPURendererKt.renderViaGpu(GPURenderer.kt:18)
	at app//org.graphiks.kanvas.surface.gpu.GPURendererKt.renderViaGpu$default(GPURenderer.kt:9)
	at app//org.graphiks.kanvas.surface.Surface.render(Surface.kt:57)
	at app//org.graphiks.kanvas.skia.SkiaGmRenderer.render(SkiaGmRenderer.kt:32)
	at app//org.graphiks.kanvas.skia.SkiaGmRenderer.render$default(SkiaGmRenderer.kt:17)
	at app//org.graphiks.kanvas.skia.SkiaGmRunner.render GM(SkiaGmRunner.kt:69)
	at java.base@25.0.1/java.lang.reflect.Method.invoke(Method.java:565)
	at java.base@25.0.1/java.util.stream.ForEachOps$ForEachOp$OfRef.accept(ForEachOps.java:186)
	at java.base@25.0.1/java.util.stream.ReferencePipeline$3$1.accept(ReferencePipeline.java:214)
	at java.base@25.0.1/java.util.stream.ReferencePipeline$2$1.accept(ReferencePipeline.java:197)
	at java.base@25.0.1/java.util.stream.ReferencePipeline$3$1.accept(ReferencePipeline.java:214)
	at java.base@25.0.1/java.util.stream.ForEachOps$ForEachOp$OfRef.accept(ForEachOps.java:186)
	at java.base@25.0.1/java.util.stream.ReferencePipeline$3$1.accept(ReferencePipeline.java:214)
	at java.base@25.0.1/java.util.stream.ReferencePipeline$3$1.accept(ReferencePipeline.java:214)
	at java.base@25.0.1/java.util.stream.ReferencePipeline$3$1.accept(ReferencePipeline.java:214)
	at java.base@25.0.1/java.util.stream.ForEachOps$ForEachOp$OfRef.accept(ForEachOps.java:186)
	at java.base@25.0.1/java.util.stream.ReferencePipeline$3$1.accept(ReferencePipeline.java:214)
	at java.base@25.0.1/java.util.ArrayList$ArrayListSpliterator.forEachRemaining(ArrayList.java:1716)
	at java.base@25.0.1/java.util.stream.ReferencePipeline$Head.forEach(ReferencePipeline.java:803)
	at java.base@25.0.1/java.util.stream.ReferencePipeline$7$1FlatMap.accept(ReferencePipeline.java:293)
	at java.base@25.0.1/java.util.stream.ReferencePipeline$3$1.accept(ReferencePipeline.java:214)
	at java.base@25.0.1/java.util.stream.ReferencePipeline$3$1.accept(ReferencePipeline.java:214)
	at java.base@25.0.1/java.util.stream.ReferencePipeline$3$1.accept(ReferencePipeline.java:214)
	at java.base@25.0.1/java.util.Spliterators$ArraySpliterator.forEachRemaining(Spliterators.java:1024)
	at java.base@25.0.1/java.util.stream.AbstractPipeline.copyInto(AbstractPipeline.java:570)
	at java.base@25.0.1/java.util.stream.AbstractPipeline.wrapAndCopyInto(AbstractPipeline.java:560)
	at java.base@25.0.1/java.util.stream.ForEachOps$ForEachOp.evaluateSequential(ForEachOps.java:153)
	at java.base@25.0.1/java.util.stream.ForEachOps$ForEachOp$OfRef.evaluateSequential(ForEachOps.java:176)
	at java.base@25.0.1/java.util.stream.AbstractPipeline.evaluate(AbstractPipeline.java:265)
	at java.base@25.0.1/java.util.stream.ReferencePipeline.forEach(ReferencePipeline.java:632)
	at java.base@25.0.1/java.util.stream.ReferencePipeline$7$1FlatMap.accept(ReferencePipeline.java:293)
	at java.base@25.0.1/java.util.stream.ReferencePipeline$3$1.accept(ReferencePipeline.java:214)
	at java.base@25.0.1/java.util.stream.ReferencePipeline$3$1.accept(ReferencePipeline.java:214)
	at java.base@25.0.1/java.util.stream.ReferencePipeline$3$1.accept(ReferencePipeline.java:214)
	at java.base@25.0.1/java.util.ArrayList$ArrayListSpliterator.forEachRemaining(ArrayList.java:1716)
	at java.base@25.0.1/java.util.stream.AbstractPipeline.copyInto(AbstractPipeline.java:570)
	at java.base@25.0.1/java.util.stream.AbstractPipeline.wrapAndCopyInto(AbstractPipeline.java:560)
	at java.base@25.0.1/java.util.stream.ForEachOps$ForEachOp.evaluateSequential(ForEachOps.java:153)
	at java.base@25.0.1/java.util.stream.ForEachOps$ForEachOp$OfRef.evaluateSequential(ForEachOps.java:176)
	at java.base@25.0.1/java.util.stream.AbstractPipeline.evaluate(AbstractPipeline.java:265)
	at java.base@25.0.1/java.util.stream.ReferencePipeline.forEach(ReferencePipeline.java:632)
	at java.base@25.0.1/java.util.stream.ReferencePipeline$7$1FlatMap.accept(ReferencePipeline.java:293)
	at java.base@25.0.1/java.util.ArrayList$ArrayListSpliterator.forEachRemaining(ArrayList.java:1716)
	at java.base@25.0.1/java.util.stream.AbstractPipeline.copyInto(AbstractPipeline.java:570)
	at java.base@25.0.1/java.util.stream.AbstractPipeline.wrapAndCopyInto(AbstractPipeline.java:560)
	at java.base@25.0.1/java.util.stream.ForEachOps$ForEachOp.evaluateSequential(ForEachOps.java:153)
	at java.base@25.0.1/java.util.stream.ForEachOps$ForEachOp$OfRef.evaluateSequential(ForEachOps.java:176)
	at java.base@25.0.1/java.util.stream.AbstractPipeline.evaluate(AbstractPipeline.java:265)
	at java.base@25.0.1/java.util.stream.ReferencePipeline.forEach(ReferencePipeline.java:632)
	at java.base@25.0.1/java.util.ArrayList.forEach(ArrayList.java:1604)
	at java.base@25.0.1/java.util.ArrayList.forEach(ArrayList.java:1604)
</failure>
  </testcase>
  <testcase name="[157] typeface_styling" classname="org.graphiks.kanvas.skia.SkiaGmRunner" time="0.206">
    <failure message="org.graphiks.kanvas.surface.gpu.GPUPreparedSurfaceTerminalException: unsupported.text.paint_style_unsupported: Prepared Surface operation could not be lowered." type="org.graphiks.kanvas.surface.gpu.GPUPreparedSurfaceTerminalException">org.graphiks.kanvas.surface.gpu.GPUPreparedSurfaceTerminalException: unsupported.text.paint_style_unsupported: Prepared Surface operation could not be lowered.
	at app//org.graphiks.kanvas.surface.gpu.GPUPreparedSurfaceProductEntry.render(GPUPreparedSurfaceProductEntry.kt:61)
	at app//org.graphiks.kanvas.surface.gpu.GPURendererKt.renderViaGpu(GPURenderer.kt:18)
	at app//org.graphiks.kanvas.surface.gpu.GPURendererKt.renderViaGpu$default(GPURenderer.kt:9)
	at app//org.graphiks.kanvas.surface.Surface.render(Surface.kt:57)
	at app//org.graphiks.kanvas.skia.SkiaGmRenderer.render(SkiaGmRenderer.kt:32)
	at app//org.graphiks.kanvas.skia.SkiaGmRenderer.render$default(SkiaGmRenderer.kt:17)
	at app//org.graphiks.kanvas.skia.SkiaGmRunner.render GM(SkiaGmRunner.kt:69)
	at java.base@25.0.1/java.lang.reflect.Method.invoke(Method.java:565)
	at java.base@25.0.1/java.util.stream.ForEachOps$ForEachOp$OfRef.accept(ForEachOps.java:186)
	at java.base@25.0.1/java.util.stream.ReferencePipeline$3$1.accept(ReferencePipeline.java:214)
	at java.base@25.0.1/java.util.stream.ReferencePipeline$2$1.accept(ReferencePipeline.java:197)
	at java.base@25.0.1/java.util.stream.ReferencePipeline$3$1.accept(ReferencePipeline.java:214)
	at java.base@25.0.1/java.util.stream.ForEachOps$ForEachOp$OfRef.accept(ForEachOps.java:186)
	at java.base@25.0.1/java.util.stream.ReferencePipeline$3$1.accept(ReferencePipeline.java:214)
	at java.base@25.0.1/java.util.stream.ReferencePipeline$3$1.accept(ReferencePipeline.java:214)
	at java.base@25.0.1/java.util.stream.ReferencePipeline$3$1.accept(ReferencePipeline.java:214)
	at java.base@25.0.1/java.util.stream.ForEachOps$ForEachOp$OfRef.accept(ForEachOps.java:186)
	at java.base@25.0.1/java.util.stream.ReferencePipeline$3$1.accept(ReferencePipeline.java:214)
	at java.base@25.0.1/java.util.ArrayList$ArrayListSpliterator.forEachRemaining(ArrayList.java:1716)
	at java.base@25.0.1/java.util.stream.ReferencePipeline$Head.forEach(ReferencePipeline.java:803)
	at java.base@25.0.1/java.util.stream.ReferencePipeline$7$1FlatMap.accept(ReferencePipeline.java:293)
	at java.base@25.0.1/java.util.stream.ReferencePipeline$3$1.accept(ReferencePipeline.java:214)
	at java.base@25.0.1/java.util.stream.ReferencePipeline$3$1.accept(ReferencePipeline.java:214)
	at java.base@25.0.1/java.util.stream.ReferencePipeline$3$1.accept(ReferencePipeline.java:214)
	at java.base@25.0.1/java.util.Spliterators$ArraySpliterator.forEachRemaining(Spliterators.java:1024)
	at java.base@25.0.1/java.util.stream.AbstractPipeline.copyInto(AbstractPipeline.java:570)
	at java.base@25.0.1/java.util.stream.AbstractPipeline.wrapAndCopyInto(AbstractPipeline.java:560)
	at java.base@25.0.1/java.util.stream.ForEachOps$ForEachOp.evaluateSequential(ForEachOps.java:153)
	at java.base@25.0.1/java.util.stream.ForEachOps$ForEachOp$OfRef.evaluateSequential(ForEachOps.java:176)
	at java.base@25.0.1/java.util.stream.AbstractPipeline.evaluate(AbstractPipeline.java:265)
	at java.base@25.0.1/java.util.stream.ReferencePipeline.forEach(ReferencePipeline.java:632)
	at java.base@25.0.1/java.util.stream.ReferencePipeline$7$1FlatMap.accept(ReferencePipeline.java:293)
	at java.base@25.0.1/java.util.stream.ReferencePipeline$3$1.accept(ReferencePipeline.java:214)
	at java.base@25.0.1/java.util.stream.ReferencePipeline$3$1.accept(ReferencePipeline.java:214)
	at java.base@25.0.1/java.util.stream.ReferencePipeline$3$1.accept(ReferencePipeline.java:214)
	at java.base@25.0.1/java.util.ArrayList$ArrayListSpliterator.forEachRemaining(ArrayList.java:1716)
	at java.base@25.0.1/java.util.stream.AbstractPipeline.copyInto(AbstractPipeline.java:570)
	at java.base@25.0.1/java.util.stream.AbstractPipeline.wrapAndCopyInto(AbstractPipeline.java:560)
	at java.base@25.0.1/java.util.stream.ForEachOps$ForEachOp.evaluateSequential(ForEachOps.java:153)
	at java.base@25.0.1/java.util.stream.ForEachOps$ForEachOp$OfRef.evaluateSequential(ForEachOps.java:176)
	at java.base@25.0.1/java.util.stream.AbstractPipeline.evaluate(AbstractPipeline.java:265)
	at java.base@25.0.1/java.util.stream.ReferencePipeline.forEach(ReferencePipeline.java:632)
	at java.base@25.0.1/java.util.stream.ReferencePipeline$7$1FlatMap.accept(ReferencePipeline.java:293)
	at java.base@25.0.1/java.util.ArrayList$ArrayListSpliterator.forEachRemaining(ArrayList.java:1716)
	at java.base@25.0.1/java.util.stream.AbstractPipeline.copyInto(AbstractPipeline.java:570)
	at java.base@25.0.1/java.util.stream.AbstractPipeline.wrapAndCopyInto(AbstractPipeline.java:560)
	at java.base@25.0.1/java.util.stream.ForEachOps$ForEachOp.evaluateSequential(ForEachOps.java:153)
	at java.base@25.0.1/java.util.stream.ForEachOps$ForEachOp$OfRef.evaluateSequential(ForEachOps.java:176)
	at java.base@25.0.1/java.util.stream.AbstractPipeline.evaluate(AbstractPipeline.java:265)
	at java.base@25.0.1/java.util.stream.ReferencePipeline.forEach(ReferencePipeline.java:632)
	at java.base@25.0.1/java.util.ArrayList.forEach(ArrayList.java:1604)
	at java.base@25.0.1/java.util.ArrayList.forEach(ArrayList.java:1604)
</failure>
  </testcase>
  <testcase name="[158] user_typeface" classname="org.graphiks.kanvas.skia.SkiaGmRunner" time="0.024">
    <failure message="org.graphiks.kanvas.surface.gpu.GPUPreparedSurfaceTerminalException: unsupported.geometry.path_key_nondeterministic: unsupported.geometry.path_key_nondeterministic" type="org.graphiks.kanvas.surface.gpu.GPUPreparedSurfaceTerminalException">org.graphiks.kanvas.surface.gpu.GPUPreparedSurfaceTerminalException: unsupported.geometry.path_key_nondeterministic: unsupported.geometry.path_key_nondeterministic
	at app//org.graphiks.kanvas.surface.gpu.GPUPreparedSurfaceProductEntry.render(GPUPreparedSurfaceProductEntry.kt:61)
	at app//org.graphiks.kanvas.surface.gpu.GPURendererKt.renderViaGpu(GPURenderer.kt:18)
	at app//org.graphiks.kanvas.surface.gpu.GPURendererKt.renderViaGpu$default(GPURenderer.kt:9)
	at app//org.graphiks.kanvas.surface.Surface.render(Surface.kt:57)
	at app//org.graphiks.kanvas.skia.SkiaGmRenderer.render(SkiaGmRenderer.kt:32)
	at app//org.graphiks.kanvas.skia.SkiaGmRenderer.render$default(SkiaGmRenderer.kt:17)
	at app//org.graphiks.kanvas.skia.SkiaGmRunner.render GM(SkiaGmRunner.kt:69)
	at java.base@25.0.1/java.lang.reflect.Method.invoke(Method.java:565)
	at java.base@25.0.1/java.util.stream.ForEachOps$ForEachOp$OfRef.accept(ForEachOps.java:186)
	at java.base@25.0.1/java.util.stream.ReferencePipeline$3$1.accept(ReferencePipeline.java:214)
	at java.base@25.0.1/java.util.stream.ReferencePipeline$2$1.accept(ReferencePipeline.java:197)
	at java.base@25.0.1/java.util.stream.ReferencePipeline$3$1.accept(ReferencePipeline.java:214)
	at java.base@25.0.1/java.util.stream.ForEachOps$ForEachOp$OfRef.accept(ForEachOps.java:186)
	at java.base@25.0.1/java.util.stream.ReferencePipeline$3$1.accept(ReferencePipeline.java:214)
	at java.base@25.0.1/java.util.stream.ReferencePipeline$3$1.accept(ReferencePipeline.java:214)
	at java.base@25.0.1/java.util.stream.ReferencePipeline$3$1.accept(ReferencePipeline.java:214)
	at java.base@25.0.1/java.util.stream.ForEachOps$ForEachOp$OfRef.accept(ForEachOps.java:186)
	at java.base@25.0.1/java.util.stream.ReferencePipeline$3$1.accept(ReferencePipeline.java:214)
	at java.base@25.0.1/java.util.ArrayList$ArrayListSpliterator.forEachRemaining(ArrayList.java:1716)
	at java.base@25.0.1/java.util.stream.ReferencePipeline$Head.forEach(ReferencePipeline.java:803)
	at java.base@25.0.1/java.util.stream.ReferencePipeline$7$1FlatMap.accept(ReferencePipeline.java:293)
	at java.base@25.0.1/java.util.stream.ReferencePipeline$3$1.accept(ReferencePipeline.java:214)
	at java.base@25.0.1/java.util.stream.ReferencePipeline$3$1.accept(ReferencePipeline.java:214)
	at java.base@25.0.1/java.util.stream.ReferencePipeline$3$1.accept(ReferencePipeline.java:214)
	at java.base@25.0.1/java.util.Spliterators$ArraySpliterator.forEachRemaining(Spliterators.java:1024)
	at java.base@25.0.1/java.util.stream.AbstractPipeline.copyInto(AbstractPipeline.java:570)
	at java.base@25.0.1/java.util.stream.AbstractPipeline.wrapAndCopyInto(AbstractPipeline.java:560)
	at java.base@25.0.1/java.util.stream.ForEachOps$ForEachOp.evaluateSequential(ForEachOps.java:153)
	at java.base@25.0.1/java.util.stream.ForEachOps$ForEachOp$OfRef.evaluateSequential(ForEachOps.java:176)
	at java.base@25.0.1/java.util.stream.AbstractPipeline.evaluate(AbstractPipeline.java:265)
	at java.base@25.0.1/java.util.stream.ReferencePipeline.forEach(ReferencePipeline.java:632)
	at java.base@25.0.1/java.util.stream.ReferencePipeline$7$1FlatMap.accept(ReferencePipeline.java:293)
	at java.base@25.0.1/java.util.stream.ReferencePipeline$3$1.accept(ReferencePipeline.java:214)
	at java.base@25.0.1/java.util.stream.ReferencePipeline$3$1.accept(ReferencePipeline.java:214)
	at java.base@25.0.1/java.util.stream.ReferencePipeline$3$1.accept(ReferencePipeline.java:214)
	at java.base@25.0.1/java.util.ArrayList$ArrayListSpliterator.forEachRemaining(ArrayList.java:1716)
	at java.base@25.0.1/java.util.stream.AbstractPipeline.copyInto(AbstractPipeline.java:570)
	at java.base@25.0.1/java.util.stream.AbstractPipeline.wrapAndCopyInto(AbstractPipeline.java:560)
	at java.base@25.0.1/java.util.stream.ForEachOps$ForEachOp.evaluateSequential(ForEachOps.java:153)
	at java.base@25.0.1/java.util.stream.ForEachOps$ForEachOp$OfRef.evaluateSequential(ForEachOps.java:176)
	at java.base@25.0.1/java.util.stream.AbstractPipeline.evaluate(AbstractPipeline.java:265)
	at java.base@25.0.1/java.util.stream.ReferencePipeline.forEach(ReferencePipeline.java:632)
	at java.base@25.0.1/java.util.stream.ReferencePipeline$7$1FlatMap.accept(ReferencePipeline.java:293)
	at java.base@25.0.1/java.util.ArrayList$ArrayListSpliterator.forEachRemaining(ArrayList.java:1716)
	at java.base@25.0.1/java.util.stream.AbstractPipeline.copyInto(AbstractPipeline.java:570)
	at java.base@25.0.1/java.util.stream.AbstractPipeline.wrapAndCopyInto(AbstractPipeline.java:560)
	at java.base@25.0.1/java.util.stream.ForEachOps$ForEachOp.evaluateSequential(ForEachOps.java:153)
	at java.base@25.0.1/java.util.stream.ForEachOps$ForEachOp$OfRef.evaluateSequential(ForEachOps.java:176)
	at java.base@25.0.1/java.util.stream.AbstractPipeline.evaluate(AbstractPipeline.java:265)
	at java.base@25.0.1/java.util.stream.ReferencePipeline.forEach(ReferencePipeline.java:632)
	at java.base@25.0.1/java.util.ArrayList.forEach(ArrayList.java:1604)
	at java.base@25.0.1/java.util.ArrayList.forEach(ArrayList.java:1604)
</failure>
  </testcase>
  <system-out><![CDATA[Measured similarity for shadow_utils_directional: 77,29%
[PASS] shadow_utils_directional: similarity=77,29% (threshold: 0.0%) dispatch=13 refuse=0 (25ms)
Measured similarity for thinconcavepaths: 98,00%
[PASS] thinconcavepaths: similarity=98,00% (threshold: 94.0%) dispatch=85 refuse=0 (97ms)
Measured similarity for workingspace: 54,64%
[PASS] workingspace: similarity=54,64% (threshold: 14.464285714285715%) dispatch=30 refuse=0 (18ms)
Measured similarity for fontcache: 1,45%
[PASS] fontcache: similarity=1,45% (threshold: 0.0%) dispatch=205 refuse=0 (4598ms)
Measured similarity for fontmgr_iter: 87,63%
[PASS] fontmgr_iter: similarity=87,63% (threshold: 0.0%) dispatch=4 refuse=0 (113ms)
Measured similarity for fontmgr_match: 94,66%
[PASS] fontmgr_match: similarity=94,66% (threshold: 0.0%) dispatch=2 refuse=0 (76ms)
Measured similarity for fontregen: 1,84%
[PASS] fontregen: similarity=1,84% (threshold: 0.0%) dispatch=6 refuse=0 (575ms)
Measured similarity for gammagradienttext: 75,79%
[PASS] gammagradienttext: similarity=75,79% (threshold: 75.3%) dispatch=10 refuse=0 (217ms)
Measured similarity for palette: 97,99%
[PASS] palette: similarity=97,99% (threshold: 0.0%) dispatch=1 refuse=0 (15ms)
Measured similarity for pdf_table_based_subset: 88,86%
[PASS] pdf_table_based_subset: similarity=88,86% (threshold: 0.0%) dispatch=1 refuse=0 (7ms)
Measured similarity for rsx_blob_shader: 9,31%
[PASS] rsx_blob_shader: similarity=9,31% (threshold: 0.0%) dispatch=1 refuse=0 (18ms)
Measured similarity for skbug_12212: 0,00%
[PASS] skbug_12212: similarity=0,00% (threshold: 0.0%) dispatch=1 refuse=0 (9ms)
Measured similarity for skbug_5321: 93,83%
[PASS] skbug_5321: similarity=93,83% (threshold: 0.0%) dispatch=3 refuse=0 (74ms)
Measured similarity for textblobshader: 86,09%
[PASS] textblobshader: similarity=86,09% (threshold: 85.0%) dispatch=13 refuse=0 (318ms)
Measured similarity for text_scale_skew: 77,75%
[FAIL] text_scale_skew: similarity=77,75% (threshold: 80.0%) dispatch=16 refuse=0 (331ms)
Measured similarity for typefacerendering_pfa: 84,60%
[PASS] typefacerendering_pfa: similarity=84,60% (threshold: 0.0%) dispatch=1 refuse=0 (16ms)
Measured similarity for typefacerendering_pfb: 84,60%
[PASS] typefacerendering_pfb: similarity=84,60% (threshold: 0.0%) dispatch=1 refuse=0 (15ms)
]]></system-out>
  <system-err><![CDATA[[SKIP] org.graphiks.kanvas.skia.gm.blur.MatrixConvolutionGm
[SKIP] org.graphiks.kanvas.skia.gm.clip.ComplexClip2Gm
[SKIP] org.graphiks.kanvas.skia.gm.image.AnimCodecPlayerExifGm
[SKIP] org.graphiks.kanvas.skia.gm.image.DrawBitmapRectGm
[SKIP] org.graphiks.kanvas.skia.gm.path.InnerShapesGm
[SKIP] org.graphiks.kanvas.skia.gm.path.TrickyCubicStrokesGm
[SKIP] org.graphiks.kanvas.skia.gm.text.GlyphPosGm
]]></system-err>
</testsuite>
